0.01	9.923012e+006	0.000000e+000
0.02	9.903941e+006	0.000000e+000
0.03	9.872269e+006	0.000000e+000
0.04	9.828167e+006	0.000000e+000
0.05	9.771869e+006	0.000000e+000
0.06	9.703675e+006	0.000000e+000
0.07	9.623946e+006	0.000000e+000
0.08	9.533100e+006	0.000000e+000
0.09	9.431610e+006	0.000000e+000
0.1	9.320000e+006	0.000000e+000
0.11	9.198841e+006	0.000000e+000
0.12	9.068743e+006	0.000000e+000
0.13	8.930356e+006	0.000000e+000
0.14	8.784357e+006	0.000000e+000
0.15	8.631453e+006	0.000000e+000
0.16	8.472368e+006	0.000000e+000
0.17	8.307841e+006	0.000000e+000
0.18	8.138621e+006	0.000000e+000
0.19	7.965459e+006	0.000000e+000
0.2	7.789103e+006	0.000000e+000
0.21	7.610294e+006	0.000000e+000
0.22	7.429759e+006	0.000000e+000
0.23	7.248208e+006	0.000000e+000
0.24	7.066327e+006	0.000000e+000
0.25	6.884774e+006	0.000000e+000
0.26	6.704178e+006	0.000000e+000
0.27	6.525133e+006	0.000000e+000
0.28	6.348192e+006	0.000000e+000
0.29	6.173870e+006	0.000000e+000
0.3	6.002639e+006	0.000000e+000
0.31	5.834926e+006	0.000000e+000
0.32	5.671112e+006	0.000000e+000
0.33	5.511531e+006	0.000000e+000
0.34	5.356469e+006	0.000000e+000
0.35	5.206167e+006	0.000000e+000
0.36	5.060818e+006	0.000000e+000
0.37	4.920571e+006	0.000000e+000
0.38	4.785528e+006	0.000000e+000
0.39	4.655752e+006	0.000000e+000
0.4	4.531262e+006	0.000000e+000
0.41	4.412043e+006	0.000000e+000
0.42	4.298042e+006	0.000000e+000
0.43	4.189174e+006	0.000000e+000
0.44	4.085324e+006	0.000000e+000
0.45	3.986350e+006	0.000000e+000
0.46	3.892090e+006	0.000000e+000
0.47	3.802358e+006	0.000000e+000
0.48	3.716954e+006	0.000000e+000
0.49	3.635663e+006	0.000000e+000
0.5	3.558262e+006	0.000000e+000
0.51	3.484518e+006	0.000000e+000
0.52	3.414196e+006	0.000000e+000
0.53	3.347060e+006	0.000000e+000
0.54	3.282874e+006	0.000000e+000
0.55	3.221406e+006	0.000000e+000
0.56	3.162432e+006	0.000000e+000
0.57	3.105735e+006	0.000000e+000
0.58	3.051107e+006	0.000000e+000
0.59	2.998351e+006	0.000000e+000
0.6	2.947285e+006	0.000000e+000
0.61	2.897738e+006	0.000000e+000
0.62	2.849554e+006	0.000000e+000
0.63	2.802593e+006	0.000000e+000
0.64	2.756727e+006	0.000000e+000
0.65	2.711846e+006	0.000000e+000
0.66	2.667853e+006	0.000000e+000
0.67	2.624665e+006	0.000000e+000
0.68	2.582214e+006	0.000000e+000
0.69	2.540444e+006	0.000000e+000
0.7	2.499311e+006	0.000000e+000
0.71	2.458783e+006	0.000000e+000
0.72	2.418838e+006	0.000000e+000
0.73	2.379462e+006	0.000000e+000
0.74	2.340650e+006	0.000000e+000
0.75	2.302404e+006	0.000000e+000
0.76	2.264728e+006	0.000000e+000
0.77	2.227636e+006	0.000000e+000
0.78	2.191140e+006	0.000000e+000
0.79	2.155258e+006	0.000000e+000
0.8	2.120005e+006	0.000000e+000
0.81	2.085400e+006	0.000000e+000
0.82	2.051459e+006	0.000000e+000
0.83	2.018198e+006	0.000000e+000
0.84	1.985629e+006	0.000000e+000
0.85	1.953763e+006	0.000000e+000
0.86	1.922607e+006	0.000000e+000
0.87	1.892165e+006	0.000000e+000
0.88	1.862438e+006	0.000000e+000
0.89	1.833422e+006	0.000000e+000
0.9	1.805110e+006	0.000000e+000
0.91	1.777491e+006	0.000000e+000
0.92	1.750551e+006	0.000000e+000
0.93	1.724271e+006	0.000000e+000
0.94	1.698631e+006	0.000000e+000
0.95	1.673609e+006	0.000000e+000
0.96	1.649177e+006	0.000000e+000
0.97	1.625308e+006	0.000000e+000
0.98	1.601975e+006	0.000000e+000
0.99	1.579145e+006	0.000000e+000
1	1.556790e+006	0.000000e+000
1.01	1.534879e+006	0.000000e+000
1.02	1.513381e+006	0.000000e+000
1.03	1.492267e+006	0.000000e+000
1.04	1.471510e+006	0.000000e+000
1.05	1.451082e+006	0.000000e+000
1.06	1.430958e+006	0.000000e+000
1.07	1.411117e+006	0.000000e+000
1.08	1.391537e+006	0.000000e+000
1.09	1.372200e+006	0.000000e+000
1.1	1.353091e+006	0.000000e+000
1.11	1.334196e+006	0.000000e+000
1.12	1.315504e+006	0.000000e+000
1.13	1.297008e+006	0.000000e+000
1.14	1.278702e+006	0.000000e+000
1.15	1.260582e+006	0.000000e+000
1.16	1.242647e+006	0.000000e+000
1.17	1.224896e+006	0.000000e+000
1.18	1.207333e+006	0.000000e+000
1.19	1.189959e+006	0.000000e+000
1.2	1.172781e+006	0.000000e+000
1.21	1.155803e+006	0.000000e+000
1.22	1.139031e+006	0.000000e+000
1.23	1.122471e+006	0.000000e+000
1.24	1.106130e+006	0.000000e+000
1.25	1.090014e+006	0.000000e+000
1.26	1.074129e+006	0.000000e+000
1.27	1.058481e+006	0.000000e+000
1.28	1.043073e+006	0.000000e+000
1.29	1.027909e+006	0.000000e+000
1.3	1.012992e+006	0.000000e+000
1.31	9.983238e+005	0.000000e+000
1.32	9.839040e+005	0.000000e+000
1.33	9.697319e+005	0.000000e+000
1.34	9.558054e+005	0.000000e+000
1.35	9.421210e+005	0.000000e+000
1.36	9.286744e+005	0.000000e+000
1.37	9.154600e+005	0.000000e+000
1.38	9.024713e+005	0.000000e+000
1.39	8.897009e+005	0.000000e+000
1.4	8.771409e+005	0.000000e+000
1.41	8.647826e+005	0.000000e+000
1.42	8.526169e+005	0.000000e+000
1.43	8.406346e+005	0.000000e+000
1.44	8.288262e+005	0.000000e+000
1.45	8.171824e+005	0.000000e+000
1.46	8.056939e+005	0.000000e+000
1.47	7.943518e+005	0.000000e+000
1.48	7.831479e+005	0.000000e+000
1.49	7.720742e+005	0.000000e+000
1.5	7.611235e+005	0.000000e+000
1.51	7.502893e+005	0.000000e+000
1.52	7.395662e+005	0.000000e+000
1.53	7.289493e+005	0.000000e+000
1.54	7.184346e+005	0.000000e+000
1.55	7.080193e+005	0.000000e+000
1.56	6.977010e+005	0.000000e+000
1.57	6.874787e+005	0.000000e+000
1.58	6.773517e+005	0.000000e+000
1.59	6.673203e+005	0.000000e+000
1.6	6.573855e+005	0.000000e+000
1.61	6.475487e+005	0.000000e+000
1.62	6.378120e+005	0.000000e+000
1.63	6.281776e+005	0.000000e+000
1.64	6.186484e+005	0.000000e+000
1.65	6.092271e+005	0.000000e+000
1.66	5.999167e+005	0.000000e+000
1.67	5.907201e+005	0.000000e+000
1.68	5.816402e+005	0.000000e+000
1.69	5.726796e+005	0.000000e+000
1.7	5.638405e+005	0.000000e+000
1.71	5.551250e+005	0.000000e+000
1.72	5.465345e+005	0.000000e+000
1.73	5.380703e+005	0.000000e+000
1.74	5.297327e+005	0.000000e+000
1.75	5.215220e+005	0.000000e+000
1.76	5.134375e+005	0.000000e+000
1.77	5.054783e+005	0.000000e+000
1.78	4.976427e+005	0.000000e+000
1.79	4.899288e+005	0.000000e+000
1.8	4.823339e+005	0.000000e+000
1.81	4.748552e+005	0.000000e+000
1.82	4.674894e+005	0.000000e+000
1.83	4.602328e+005	0.000000e+000
1.84	4.530815e+005	0.000000e+000
1.85	4.460316e+005	0.000000e+000
1.86	4.390789e+005	0.000000e+000
1.87	4.322192e+005	0.000000e+000
1.88	4.254485e+005	0.000000e+000
1.89	4.187627e+005	0.000000e+000
1.9	4.121580e+005	0.000000e+000
1.91	4.056306e+005	0.000000e+000
1.92	3.991774e+005	0.000000e+000
1.93	3.927953e+005	0.000000e+000
1.94	3.864815e+005	0.000000e+000
1.95	3.802339e+005	0.000000e+000
1.96	3.740506e+005	0.000000e+000
1.97	3.679300e+005	0.000000e+000
1.98	3.618712e+005	0.000000e+000
1.99	3.558735e+005	0.000000e+000
2	3.499366e+005	0.000000e+000
2.01	3.440606e+005	0.000000e+000
2.02	3.382461e+005	0.000000e+000
2.03	3.324936e+005	0.000000e+000
2.04	3.268042e+005	0.000000e+000
2.05	3.211790e+005	0.000000e+000
2.06	3.156195e+005	0.000000e+000
2.07	3.101270e+005	0.000000e+000
2.08	3.047031e+005	0.000000e+000
2.09	2.993492e+005	0.000000e+000
2.1	2.940669e+005	0.000000e+000
2.11	2.888574e+005	0.000000e+000
2.12	2.837220e+005	0.000000e+000
2.13	2.786618e+005	0.000000e+000
2.14	2.736775e+005	0.000000e+000
2.15	2.687697e+005	0.000000e+000
2.16	2.639388e+005	0.000000e+000
2.17	2.591849e+005	0.000000e+000
2.18	2.545077e+005	0.000000e+000
2.19	2.499067e+005	0.000000e+000
2.2	2.453811e+005	0.000000e+000
2.21	2.409298e+005	0.000000e+000
2.22	2.365516e+005	0.000000e+000
2.23	2.322448e+005	0.000000e+000
2.24	2.280078e+005	0.000000e+000
2.25	2.238385e+005	0.000000e+000
2.26	2.197349e+005	0.000000e+000
2.27	2.156948e+005	0.000000e+000
2.28	2.117160e+005	0.000000e+000
2.29	2.077961e+005	0.000000e+000
2.3	2.039331e+005	0.000000e+000
2.31	2.001245e+005	0.000000e+000
2.32	1.963682e+005	0.000000e+000
2.33	1.926623e+005	0.000000e+000
2.34	1.890049e+005	0.000000e+000
2.35	1.853941e+005	0.000000e+000
2.36	1.818286e+005	0.000000e+000
2.37	1.783069e+005	0.000000e+000
2.38	1.748280e+005	0.000000e+000
2.39	1.713910e+005	0.000000e+000
2.4	1.679952e+005	0.000000e+000
2.41	1.646403e+005	0.000000e+000
2.42	1.613259e+005	0.000000e+000
2.43	1.580521e+005	0.000000e+000
2.44	1.548192e+005	0.000000e+000
2.45	1.516273e+005	0.000000e+000
2.46	1.484770e+005	0.000000e+000
2.47	1.453690e+005	0.000000e+000
2.48	1.423039e+005	0.000000e+000
2.49	1.392825e+005	0.000000e+000
2.5	1.363056e+005	0.000000e+000
2.51	1.333740e+005	0.000000e+000
2.52	1.304885e+005	0.000000e+000
2.53	1.276497e+005	0.000000e+000
2.54	1.248584e+005	0.000000e+000
2.55	1.221151e+005	0.000000e+000
2.56	1.194203e+005	0.000000e+000
2.57	1.167741e+005	0.000000e+000
2.58	1.141768e+005	0.000000e+000
2.59	1.116283e+005	0.000000e+000
2.6	1.091284e+005	0.000000e+000
2.61	1.066768e+005	0.000000e+000
2.62	1.042729e+005	0.000000e+000
2.63	1.019161e+005	0.000000e+000
2.64	9.960556e+004	0.000000e+000
2.65	9.734021e+004	0.000000e+000
2.66	9.511899e+004	0.000000e+000
2.67	9.294068e+004	0.000000e+000
2.68	9.080400e+004	0.000000e+000
2.69	8.870757e+004	0.000000e+000
2.7	8.664999e+004	0.000000e+000
2.71	8.462982e+004	0.000000e+000
2.72	8.264565e+004	0.000000e+000
2.73	8.069606e+004	0.000000e+000
2.74	7.877971e+004	0.000000e+000
2.75	7.689531e+004	0.000000e+000
2.76	7.504164e+004	0.000000e+000
2.77	7.321761e+004	0.000000e+000
2.78	7.142223e+004	0.000000e+000
2.79	6.965462e+004	0.000000e+000
2.8	6.791406e+004	0.000000e+000
2.81	6.619995e+004	0.000000e+000
2.82	6.451184e+004	0.000000e+000
2.83	6.284939e+004	0.000000e+000
2.84	6.121243e+004	0.000000e+000
2.85	5.960090e+004	0.000000e+000
2.86	5.801485e+004	0.000000e+000
2.87	5.645445e+004	0.000000e+000
2.88	5.491993e+004	0.000000e+000
2.89	5.341164e+004	0.000000e+000
2.9	5.192995e+004	0.000000e+000
2.91	5.047529e+004	0.000000e+000
2.92	4.904810e+004	0.000000e+000
2.93	4.764882e+004	0.000000e+000
2.94	4.627791e+004	0.000000e+000
2.95	4.493575e+004	0.000000e+000
2.96	4.362270e+004	0.000000e+000
2.97	4.233905e+004	0.000000e+000
2.98	4.108502e+004	0.000000e+000
2.99	3.986074e+004	0.000000e+000
3	3.866623e+004	0.000000e+000
3.01	3.750145e+004	0.000000e+000
3.02	3.636620e+004	0.000000e+000
3.03	3.526022e+004	0.000000e+000
3.04	3.418312e+004	0.000000e+000
3.05	3.313439e+004	0.000000e+000
3.06	3.211348e+004	0.000000e+000
3.07	3.111968e+004	0.000000e+000
3.08	3.015226e+004	0.000000e+000
3.09	2.921038e+004	0.000000e+000
3.1	2.829317e+004	0.000000e+000
3.11	2.739970e+004	0.000000e+000
3.12	2.652902e+004	0.000000e+000
3.13	2.568018e+004	0.000000e+000
3.14	2.485221e+004	0.000000e+000
3.15	2.404416e+004	0.000000e+000
3.16	2.325512e+004	0.000000e+000
3.17	2.248422e+004	0.000000e+000
3.18	2.173064e+004	0.000000e+000
3.19	2.099363e+004	0.000000e+000
3.2	2.027252e+004	0.000000e+000
3.21	1.956671e+004	0.000000e+000
3.22	1.887570e+004	0.000000e+000
3.23	1.819906e+004	0.000000e+000
3.24	1.753648e+004	0.000000e+000
3.25	1.688773e+004	0.000000e+000
3.26	1.625265e+004	0.000000e+000
3.27	1.563118e+004	0.000000e+000
3.28	1.502335e+004	0.000000e+000
3.29	1.442923e+004	0.000000e+000
3.3	1.384898e+004	0.000000e+000
3.31	1.328279e+004	0.000000e+000
3.32	1.273089e+004	0.000000e+000
3.33	1.219354e+004	0.000000e+000
3.34	1.167103e+004	0.000000e+000
3.35	1.116363e+004	0.000000e+000
3.36	1.067161e+004	0.000000e+000
3.37	1.019522e+004	0.000000e+000
3.38	9.734672e+003	0.000000e+000
3.39	9.290152e+003	0.000000e+000
3.4	8.861781e+003	0.000000e+000
3.41	8.449627e+003	0.000000e+000
3.42	8.053694e+003	0.000000e+000
3.43	7.673919e+003	0.000000e+000
3.44	7.310167e+003	0.000000e+000
3.45	6.962234e+003	0.000000e+000
3.46	6.629842e+003	0.000000e+000
3.47	6.312645e+003	0.000000e+000
3.48	6.010233e+003	0.000000e+000
3.49	5.722135e+003	0.000000e+000
3.5	5.447827e+003	0.000000e+000
3.51	5.186738e+003	0.000000e+000
3.52	4.938263e+003	0.000000e+000
3.53	4.701766e+003	0.000000e+000
3.54	4.476595e+003	0.000000e+000
3.55	4.262087e+003	0.000000e+000
3.56	4.057585e+003	0.000000e+000
3.57	3.862441e+003	0.000000e+000
3.58	3.676030e+003	0.000000e+000
3.59	3.497758e+003	0.000000e+000
3.6	3.327070e+003	0.000000e+000
3.61	3.163456e+003	0.000000e+000
3.62	3.006459e+003	0.000000e+000
3.63	2.855679e+003	0.000000e+000
3.64	2.710777e+003	0.000000e+000
3.65	2.571477e+003	0.000000e+000
3.66	2.437568e+003	0.000000e+000
3.67	2.308902e+003	0.000000e+000
3.68	2.185390e+003	0.000000e+000
3.69	2.067006e+003	0.000000e+000
3.7	1.953775e+003	0.000000e+000
3.71	1.845770e+003	0.000000e+000
3.72	1.743109e+003	0.000000e+000
3.73	1.645943e+003	0.000000e+000
3.74	1.554450e+003	0.000000e+000
3.75	1.468828e+003	0.000000e+000
3.76	1.389285e+003	0.000000e+000
3.77	1.316030e+003	0.000000e+000
3.78	1.249267e+003	0.000000e+000
3.79	1.189185e+003	0.000000e+000
3.8	1.135949e+003	0.000000e+000
3.81	1.089698e+003	0.000000e+000
3.82	1.050534e+003	0.000000e+000
3.83	1.018518e+003	0.000000e+000
3.84	9.936685e+002	0.000000e+000
3.85	9.759544e+002	0.000000e+000
3.86	9.652962e+002	0.000000e+000
3.87	9.615642e+002	0.000000e+000
3.88	9.645786e+002	0.000000e+000
3.89	9.741115e+002	0.000000e+000
3.9	9.898897e+002	0.000000e+000
3.91	1.011598e+003	0.000000e+000
3.92	1.038884e+003	0.000000e+000
3.93	1.071365e+003	0.000000e+000
3.94	1.108630e+003	0.000000e+000
3.95	1.150250e+003	0.000000e+000
3.96	1.195787e+003	0.000000e+000
3.97	1.244793e+003	0.000000e+000
3.98	1.296826e+003	0.000000e+000
3.99	1.351453e+003	0.000000e+000
4	1.408257e+003	0.000000e+000
4.01	1.466842e+003	0.000000e+000
4.02	1.526844e+003	0.000000e+000
4.03	1.587931e+003	0.000000e+000
4.04	1.649809e+003	0.000000e+000
4.05	1.712225e+003	0.000000e+000
4.06	1.774972e+003	0.000000e+000
4.07	1.837887e+003	0.000000e+000
4.08	1.900855e+003	0.000000e+000
4.09	1.963806e+003	0.000000e+000
4.1	2.026715e+003	0.000000e+000
4.11	2.089598e+003	0.000000e+000
4.12	2.152512e+003	0.000000e+000
4.13	2.215548e+003	0.000000e+000
4.14	2.278826e+003	0.000000e+000
4.15	2.342493e+003	0.000000e+000
4.16	2.406714e+003	0.000000e+000
4.17	2.471670e+003	0.000000e+000
4.18	2.537546e+003	0.000000e+000
4.19	2.604530e+003	0.000000e+000
4.2	2.672803e+003	0.000000e+000
4.21	2.742538e+003	0.000000e+000
4.22	2.813890e+003	0.000000e+000
4.23	2.886991e+003	0.000000e+000
4.24	2.961950e+003	0.000000e+000
4.25	3.038844e+003	0.000000e+000
4.26	3.117718e+003	0.000000e+000
4.27	3.198584e+003	0.000000e+000
4.28	3.281415e+003	0.000000e+000
4.29	3.366149e+003	0.000000e+000
4.3	3.452687e+003	0.000000e+000
4.31	3.540896e+003	0.000000e+000
4.32	3.630608e+003	0.000000e+000
4.33	3.721627e+003	0.000000e+000
4.34	3.813728e+003	0.000000e+000
4.35	3.906664e+003	0.000000e+000
4.36	4.000170e+003	0.000000e+000
4.37	4.093968e+003	0.000000e+000
4.38	4.187770e+003	0.000000e+000
4.39	4.281285e+003	0.000000e+000
4.4	4.374228e+003	0.000000e+000
4.41	4.466316e+003	0.000000e+000
4.42	4.557282e+003	0.000000e+000
4.43	4.646877e+003	0.000000e+000
4.44	4.734871e+003	0.000000e+000
4.45	4.821060e+003	0.000000e+000
4.46	4.905271e+003	0.000000e+000
4.47	4.987359e+003	0.000000e+000
4.48	5.067213e+003	0.000000e+000
4.49	5.144756e+003	0.000000e+000
4.5	5.219947e+003	0.000000e+000
4.51	5.292777e+003	0.000000e+000
4.52	5.363270e+003	0.000000e+000
4.53	5.431483e+003	0.000000e+000
4.54	5.497499e+003	0.000000e+000
4.55	5.561429e+003	0.000000e+000
4.56	5.623406e+003	0.000000e+000
4.57	5.683580e+003	0.000000e+000
4.58	5.742115e+003	0.000000e+000
4.59	5.799185e+003	0.000000e+000
4.6	5.854968e+003	0.000000e+000
4.61	5.909644e+003	0.000000e+000
4.62	5.963388e+003	0.000000e+000
4.63	6.016363e+003	0.000000e+000
4.64	6.068723e+003	0.000000e+000
4.65	6.120604e+003	0.000000e+000
4.66	6.172122e+003	0.000000e+000
4.67	6.223369e+003	0.000000e+000
4.68	6.274414e+003	0.000000e+000
4.69	6.325299e+003	0.000000e+000
4.7	6.376037e+003	0.000000e+000
4.71	6.426615e+003	0.000000e+000
4.72	6.476992e+003	0.000000e+000
4.73	6.527099e+003	0.000000e+000
4.74	6.576843e+003	0.000000e+000
4.75	6.626110e+003	0.000000e+000
4.76	6.674762e+003	0.000000e+000
4.77	6.722647e+003	0.000000e+000
4.78	6.769598e+003	0.000000e+000
4.79	6.815438e+003	0.000000e+000
4.8	6.859983e+003	0.000000e+000
4.81	6.903049e+003	0.000000e+000
4.82	6.944453e+003	0.000000e+000
4.83	6.984017e+003	0.000000e+000
4.84	7.021574e+003	0.000000e+000
4.85	7.056970e+003	0.000000e+000
4.86	7.090068e+003	0.000000e+000
4.87	7.120747e+003	0.000000e+000
4.88	7.148914e+003	0.000000e+000
4.89	7.174493e+003	0.000000e+000
4.9	7.197437e+003	0.000000e+000
4.91	7.217725e+003	0.000000e+000
4.92	7.235358e+003	0.000000e+000
4.93	7.250368e+003	0.000000e+000
4.94	7.262808e+003	0.000000e+000
4.95	7.272756e+003	0.000000e+000
4.96	7.280309e+003	0.000000e+000
4.97	7.285587e+003	0.000000e+000
4.98	7.288722e+003	0.000000e+000
4.99	7.289864e+003	0.000000e+000
5	7.289168e+003	0.000000e+000
5.01	7.286798e+003	0.000000e+000
5.02	7.282922e+003	0.000000e+000
5.03	7.277704e+003	0.000000e+000
5.04	7.271308e+003	0.000000e+000
5.05	7.263886e+003	0.000000e+000
5.06	7.255583e+003	0.000000e+000
5.07	7.246529e+003	0.000000e+000
5.08	7.236837e+003	0.000000e+000
5.09	7.226603e+003	0.000000e+000
5.1	7.215904e+003	0.000000e+000
5.11	7.204794e+003	0.000000e+000
5.12	7.193306e+003	0.000000e+000
5.13	7.181453e+003	0.000000e+000
5.14	7.169224e+003	0.000000e+000
5.15	7.156589e+003	0.000000e+000
5.16	7.143496e+003	0.000000e+000
5.17	7.129878e+003	0.000000e+000
5.18	7.115651e+003	0.000000e+000
5.19	7.100718e+003	0.000000e+000
5.2	7.084970e+003	0.000000e+000
5.21	7.068291e+003	0.000000e+000
5.22	7.050563e+003	0.000000e+000
5.23	7.031661e+003	0.000000e+000
5.24	7.011467e+003	0.000000e+000
5.25	6.989864e+003	0.000000e+000
5.26	6.966744e+003	0.000000e+000
5.27	6.942010e+003	0.000000e+000
5.28	6.915576e+003	0.000000e+000
5.29	6.887371e+003	0.000000e+000
5.3	6.857344e+003	0.000000e+000
5.31	6.825458e+003	0.000000e+000
5.32	6.791697e+003	0.000000e+000
5.33	6.756066e+003	0.000000e+000
5.34	6.718588e+003	0.000000e+000
5.35	6.679306e+003	0.000000e+000
5.36	6.638282e+003	0.000000e+000
5.37	6.595597e+003	0.000000e+000
5.38	6.551346e+003	0.000000e+000
5.39	6.505640e+003	0.000000e+000
5.4	6.458600e+003	0.000000e+000
5.41	6.410358e+003	0.000000e+000
5.42	6.361054e+003	0.000000e+000
5.43	6.310831e+003	0.000000e+000
5.44	6.259833e+003	0.000000e+000
5.45	6.208204e+003	0.000000e+000
5.46	6.156084e+003	0.000000e+000
5.47	6.103605e+003	0.000000e+000
5.48	6.050892e+003	0.000000e+000
5.49	5.998056e+003	0.000000e+000
5.5	5.945196e+003	0.000000e+000
5.51	5.892399e+003	0.000000e+000
5.52	5.839731e+003	0.000000e+000
5.53	5.787244e+003	0.000000e+000
5.54	5.734972e+003	0.000000e+000
5.55	5.682932e+003	0.000000e+000
5.56	5.631122e+003	0.000000e+000
5.57	5.579525e+003	0.000000e+000
5.58	5.528108e+003	0.000000e+000
5.59	5.476823e+003	0.000000e+000
5.6	5.425610e+003	0.000000e+000
5.61	5.374399e+003	0.000000e+000
5.62	5.323111e+003	0.000000e+000
5.63	5.271662e+003	0.000000e+000
5.64	5.219961e+003	0.000000e+000
5.65	5.167920e+003	0.000000e+000
5.66	5.115449e+003	0.000000e+000
5.67	5.062464e+003	0.000000e+000
5.68	5.008885e+003	0.000000e+000
5.69	4.954642e+003	0.000000e+000
5.7	4.899674e+003	0.000000e+000
5.71	4.843932e+003	0.000000e+000
5.72	4.787380e+003	0.000000e+000
5.73	4.729998e+003	0.000000e+000
5.74	4.671777e+003	0.000000e+000
5.75	4.612728e+003	0.000000e+000
5.76	4.552875e+003	0.000000e+000
5.77	4.492258e+003	0.000000e+000
5.78	4.430930e+003	0.000000e+000
5.79	4.368961e+003	0.000000e+000
5.8	4.306431e+003	0.000000e+000
5.81	4.243430e+003	0.000000e+000
5.82	4.180059e+003	0.000000e+000
5.83	4.116426e+003	0.000000e+000
5.84	4.052643e+003	0.000000e+000
5.85	3.988825e+003	0.000000e+000
5.86	3.925089e+003	0.000000e+000
5.87	3.861548e+003	0.000000e+000
5.88	3.798313e+003	0.000000e+000
5.89	3.735490e+003	0.000000e+000
5.9	3.673174e+003	0.000000e+000
5.91	3.611454e+003	0.000000e+000
5.92	3.550406e+003	0.000000e+000
5.93	3.490094e+003	0.000000e+000
5.94	3.430569e+003	0.000000e+000
5.95	3.371868e+003	0.000000e+000
5.96	3.314013e+003	0.000000e+000
5.97	3.257014e+003	0.000000e+000
5.98	3.200864e+003	0.000000e+000
5.99	3.145545e+003	0.000000e+000
6	3.091025e+003	0.000000e+000
6.01	3.037260e+003	0.000000e+000
6.02	2.984198e+003	0.000000e+000
6.03	2.931778e+003	0.000000e+000
6.04	2.879931e+003	0.000000e+000
6.05	2.828583e+003	0.000000e+000
6.06	2.777660e+003	0.000000e+000
6.07	2.727084e+003	0.000000e+000
6.08	2.676780e+003	0.000000e+000
6.09	2.626675e+003	0.000000e+000
6.1	2.576701e+003	0.000000e+000
6.11	2.526798e+003	0.000000e+000
6.12	2.476913e+003	0.000000e+000
6.13	2.427003e+003	0.000000e+000
6.14	2.377034e+003	0.000000e+000
6.15	2.326987e+003	0.000000e+000
6.16	2.276852e+003	0.000000e+000
6.17	2.226632e+003	0.000000e+000
6.18	2.176343e+003	0.000000e+000
6.19	2.126014e+003	0.000000e+000
6.2	2.075683e+003	0.000000e+000
6.21	2.025401e+003	0.000000e+000
6.22	1.975228e+003	0.000000e+000
6.23	1.925232e+003	0.000000e+000
6.24	1.875489e+003	0.000000e+000
6.25	1.826079e+003	0.000000e+000
6.26	1.777088e+003	0.000000e+000
6.27	1.728601e+003	0.000000e+000
6.28	1.680705e+003	0.000000e+000
6.29	1.633485e+003	0.000000e+000
6.3	1.587023e+003	0.000000e+000
6.31	1.541395e+003	0.000000e+000
6.32	1.496671e+003	0.000000e+000
6.33	1.452913e+003	0.000000e+000
6.34	1.410173e+003	0.000000e+000
6.35	1.368494e+003	0.000000e+000
6.36	1.327908e+003	0.000000e+000
6.37	1.288433e+003	0.000000e+000
6.38	1.250080e+003	0.000000e+000
6.39	1.212843e+003	0.000000e+000
6.4	1.176710e+003	0.000000e+000
6.41	1.141653e+003	0.000000e+000
6.42	1.107637e+003	0.000000e+000
6.43	1.074618e+003	0.000000e+000
6.44	1.042542e+003	0.000000e+000
6.45	1.011349e+003	0.000000e+000
6.46	9.809748e+002	0.000000e+000
6.47	9.513502e+002	0.000000e+000
6.48	9.224044e+002	0.000000e+000
6.49	8.940661e+002	0.000000e+000
6.5	8.662653e+002	0.000000e+000
6.51	8.389346e+002	0.000000e+000
6.52	8.120108e+002	0.000000e+000
6.53	7.854364e+002	0.000000e+000
6.54	7.591610e+002	0.000000e+000
6.55	7.331418e+002	0.000000e+000
6.56	7.073451e+002	0.000000e+000
6.57	6.817466e+002	0.000000e+000
6.58	6.563320e+002	0.000000e+000
6.59	6.310971e+002	0.000000e+000
6.6	6.060479e+002	0.000000e+000
6.61	5.812003e+002	0.000000e+000
6.62	5.565796e+002	0.000000e+000
6.63	5.322198e+002	0.000000e+000
6.64	5.081628e+002	0.000000e+000
6.65	4.844572e+002	0.000000e+000
6.66	4.611572e+002	0.000000e+000
6.67	4.383213e+002	0.000000e+000
6.68	4.160109e+002	0.000000e+000
6.69	3.942887e+002	0.000000e+000
6.7	3.732174e+002	0.000000e+000
6.71	3.528580e+002	0.000000e+000
6.72	3.332687e+002	0.000000e+000
6.73	3.145031e+002	0.000000e+000
6.74	2.966095e+002	0.000000e+000
6.75	2.796292e+002	0.000000e+000
6.76	2.635961e+002	0.000000e+000
6.77	2.485355e+002	0.000000e+000
6.78	2.344637e+002	0.000000e+000
6.79	2.213874e+002	0.000000e+000
6.8	2.093042e+002	0.000000e+000
6.81	1.982016e+002	0.000000e+000
6.82	1.880582e+002	0.000000e+000
6.83	1.788435e+002	0.000000e+000
6.84	1.705190e+002	0.000000e+000
6.85	1.630387e+002	0.000000e+000
6.86	1.563503e+002	0.000000e+000
6.87	1.503962e+002	0.000000e+000
6.88	1.451146e+002	0.000000e+000
6.89	1.404412e+002	0.000000e+000
6.9	1.363099e+002	0.000000e+000
6.91	1.326549e+002	0.000000e+000
6.92	1.294113e+002	0.000000e+000
6.93	1.265171e+002	0.000000e+000
6.94	1.239139e+002	0.000000e+000
6.95	1.215483e+002	0.000000e+000
6.96	1.193729e+002	0.000000e+000
6.97	1.173470e+002	0.000000e+000
6.98	1.154375e+002	0.000000e+000
6.99	1.136193e+002	0.000000e+000
7	1.118758e+002	0.000000e+000
7.01	1.101988e+002	0.000000e+000
7.02	1.085888e+002	0.000000e+000
7.03	1.070542e+002	0.000000e+000
7.04	1.056115e+002	0.000000e+000
7.05	1.042844e+002	0.000000e+000
7.06	1.031031e+002	0.000000e+000
7.07	1.021032e+002	0.000000e+000
7.08	1.013251e+002	0.000000e+000
7.09	1.008125e+002	0.000000e+000
7.1	1.006114e+002	0.000000e+000
7.11	1.007690e+002	0.000000e+000
7.12	1.013322e+002	0.000000e+000
7.13	1.023465e+002	0.000000e+000
7.14	1.038549e+002	0.000000e+000
7.15	1.058966e+002	0.000000e+000
7.16	1.085062e+002	0.000000e+000
7.17	1.117127e+002	0.000000e+000
7.18	1.155385e+002	0.000000e+000
7.19	1.199993e+002	0.000000e+000
7.2	1.251030e+002	0.000000e+000
7.21	1.308499e+002	0.000000e+000
7.22	1.372325e+002	0.000000e+000
7.23	1.442352e+002	0.000000e+000
7.24	1.518351e+002	0.000000e+000
7.25	1.600019e+002	0.000000e+000
7.26	1.686988e+002	0.000000e+000
7.27	1.778831e+002	0.000000e+000
7.28	1.875069e+002	0.000000e+000
7.29	1.975182e+002	0.000000e+000
7.3	2.078620e+002	0.000000e+000
7.31	2.184812e+002	0.000000e+000
7.32	2.293178e+002	0.000000e+000
7.33	2.403140e+002	0.000000e+000
7.34	2.514134e+002	0.000000e+000
7.35	2.625621e+002	0.000000e+000
7.36	2.737095e+002	0.000000e+000
7.37	2.848096e+002	0.000000e+000
7.38	2.958214e+002	0.000000e+000
7.39	3.067100e+002	0.000000e+000
7.4	3.174469e+002	0.000000e+000
7.41	3.280105e+002	0.000000e+000
7.42	3.383866e+002	0.000000e+000
7.43	3.485679e+002	0.000000e+000
7.44	3.585545e+002	0.000000e+000
7.45	3.683535e+002	0.000000e+000
7.46	3.779786e+002	0.000000e+000
7.47	3.874495e+002	0.000000e+000
7.48	3.967913e+002	0.000000e+000
7.49	4.060338e+002	0.000000e+000
7.5	4.152107e+002	0.000000e+000
7.51	4.243584e+002	0.000000e+000
7.52	4.335151e+002	0.000000e+000
7.53	4.427199e+002	0.000000e+000
7.54	4.520118e+002	0.000000e+000
7.55	4.614284e+002	0.000000e+000
7.56	4.710050e+002	0.000000e+000
7.57	4.807739e+002	0.000000e+000
7.58	4.907634e+002	0.000000e+000
7.59	5.009970e+002	0.000000e+000
7.6	5.114927e+002	0.000000e+000
7.61	5.222628e+002	0.000000e+000
7.62	5.333132e+002	0.000000e+000
7.63	5.446435e+002	0.000000e+000
7.64	5.562466e+002	0.000000e+000
7.65	5.681088e+002	0.000000e+000
7.66	5.802105e+002	0.000000e+000
7.67	5.925258e+002	0.000000e+000
7.68	6.050237e+002	0.000000e+000
7.69	6.176683e+002	0.000000e+000
7.7	6.304196e+002	0.000000e+000
7.71	6.432343e+002	0.000000e+000
7.72	6.560670e+002	0.000000e+000
7.73	6.688703e+002	0.000000e+000
7.74	6.815968e+002	0.000000e+000
7.75	6.941993e+002	0.000000e+000
7.76	7.066320e+002	0.000000e+000
7.77	7.188514e+002	0.000000e+000
7.78	7.308171e+002	0.000000e+000
7.79	7.424928e+002	0.000000e+000
7.8	7.538464e+002	0.000000e+000
7.81	7.648514e+002	0.000000e+000
7.82	7.754867e+002	0.000000e+000
7.83	7.857372e+002	0.000000e+000
7.84	7.955939e+002	0.000000e+000
7.85	8.050542e+002	0.000000e+000
7.86	8.141213e+002	0.000000e+000
7.87	8.228047e+002	0.000000e+000
7.88	8.311193e+002	0.000000e+000
7.89	8.390850e+002	0.000000e+000
7.9	8.467264e+002	0.000000e+000
7.91	8.540719e+002	0.000000e+000
7.92	8.611531e+002	0.000000e+000
7.93	8.680039e+002	0.000000e+000
7.94	8.746597e+002	0.000000e+000
7.95	8.811562e+002	0.000000e+000
7.96	8.875293e+002	0.000000e+000
7.97	8.938133e+002	0.000000e+000
7.98	9.000408e+002	0.000000e+000
7.99	9.062416e+002	0.000000e+000
8	9.124417e+002	0.000000e+000
8.01	9.186636e+002	0.000000e+000
8.02	9.249246e+002	0.000000e+000
8.03	9.312372e+002	0.000000e+000
8.04	9.376088e+002	0.000000e+000
8.05	9.440410e+002	0.000000e+000
8.06	9.505300e+002	0.000000e+000
8.07	9.570665e+002	0.000000e+000
8.08	9.636360e+002	0.000000e+000
8.09	9.702189e+002	0.000000e+000
8.1	9.767915e+002	0.000000e+000
8.11	9.833258e+002	0.000000e+000
8.12	9.897905e+002	0.000000e+000
8.13	9.961520e+002	0.000000e+000
8.14	1.002374e+003	0.000000e+000
8.15	1.008421e+003	0.000000e+000
8.16	1.014255e+003	0.000000e+000
8.17	1.019839e+003	0.000000e+000
8.18	1.025138e+003	0.000000e+000
8.19	1.030120e+003	0.000000e+000
8.2	1.034754e+003	0.000000e+000
8.21	1.039012e+003	0.000000e+000
8.22	1.042873e+003	0.000000e+000
8.23	1.046317e+003	0.000000e+000
8.24	1.049332e+003	0.000000e+000
8.25	1.051909e+003	0.000000e+000
8.26	1.054044e+003	0.000000e+000
8.27	1.055741e+003	0.000000e+000
8.28	1.057006e+003	0.000000e+000
8.29	1.057852e+003	0.000000e+000
8.3	1.058296e+003	0.000000e+000
8.31	1.058360e+003	0.000000e+000
8.32	1.058068e+003	0.000000e+000
8.33	1.057449e+003	0.000000e+000
8.34	1.056534e+003	0.000000e+000
8.35	1.055356e+003	0.000000e+000
8.36	1.053949e+003	0.000000e+000
8.37	1.052346e+003	0.000000e+000
8.38	1.050583e+003	0.000000e+000
8.39	1.048691e+003	0.000000e+000
8.4	1.046701e+003	0.000000e+000
8.41	1.044643e+003	0.000000e+000
8.42	1.042541e+003	0.000000e+000
8.43	1.040416e+003	0.000000e+000
8.44	1.038287e+003	0.000000e+000
8.45	1.036168e+003	0.000000e+000
8.46	1.034066e+003	0.000000e+000
8.47	1.031985e+003	0.000000e+000
8.48	1.029926e+003	0.000000e+000
8.49	1.027882e+003	0.000000e+000
8.5	1.025843e+003	0.000000e+000
8.51	1.023795e+003	0.000000e+000
8.52	1.021721e+003	0.000000e+000
8.53	1.019599e+003	0.000000e+000
8.54	1.017406e+003	0.000000e+000
8.55	1.015114e+003	0.000000e+000
8.56	1.012696e+003	0.000000e+000
8.57	1.010124e+003	0.000000e+000
8.58	1.007369e+003	0.000000e+000
8.59	1.004402e+003	0.000000e+000
8.6	1.001198e+003	0.000000e+000
8.61	9.977296e+002	0.000000e+000
8.62	9.939758e+002	0.000000e+000
8.63	9.899167e+002	0.000000e+000
8.64	9.855361e+002	0.000000e+000
8.65	9.808218e+002	0.000000e+000
8.66	9.757659e+002	0.000000e+000
8.67	9.703648e+002	0.000000e+000
8.68	9.646194e+002	0.000000e+000
8.69	9.585351e+002	0.000000e+000
8.7	9.521217e+002	0.000000e+000
8.71	9.453934e+002	0.000000e+000
8.72	9.383681e+002	0.000000e+000
8.73	9.310674e+002	0.000000e+000
8.74	9.235162e+002	0.000000e+000
8.75	9.157416e+002	0.000000e+000
8.76	9.077731e+002	0.000000e+000
8.77	8.996414e+002	0.000000e+000
8.78	8.913783e+002	0.000000e+000
8.79	8.830154e+002	0.000000e+000
8.8	8.745841e+002	0.000000e+000
8.81	8.661144e+002	0.000000e+000
8.82	8.576348e+002	0.000000e+000
8.83	8.491714e+002	0.000000e+000
8.84	8.407475e+002	0.000000e+000
8.85	8.323833e+002	0.000000e+000
8.86	8.240951e+002	0.000000e+000
8.87	8.158957e+002	0.000000e+000
8.88	8.077937e+002	0.000000e+000
8.89	7.997934e+002	0.000000e+000
8.9	7.918953e+002	0.000000e+000
8.91	7.840954e+002	0.000000e+000
8.92	7.763862e+002	0.000000e+000
8.93	7.687565e+002	0.000000e+000
8.94	7.611917e+002	0.000000e+000
8.95	7.536745e+002	0.000000e+000
8.96	7.461852e+002	0.000000e+000
8.97	7.387022e+002	0.000000e+000
8.98	7.312028e+002	0.000000e+000
8.99	7.236635e+002	0.000000e+000
9	7.160608e+002	0.000000e+000
9.01	7.083717e+002	0.000000e+000
9.02	7.005742e+002	0.000000e+000
9.03	6.926483e+002	0.000000e+000
9.04	6.845757e+002	0.000000e+000
9.05	6.763412e+002	0.000000e+000
9.06	6.679325e+002	0.000000e+000
9.07	6.593404e+002	0.000000e+000
9.08	6.505597e+002	0.000000e+000
9.09	6.415887e+002	0.000000e+000
9.1	6.324297e+002	0.000000e+000
9.11	6.230889e+002	0.000000e+000
9.12	6.135762e+002	0.000000e+000
9.13	6.039049e+002	0.000000e+000
9.14	5.940918e+002	0.000000e+000
9.15	5.841567e+002	0.000000e+000
9.16	5.741219e+002	0.000000e+000
9.17	5.640120e+002	0.000000e+000
9.18	5.538529e+002	0.000000e+000
9.19	5.436719e+002	0.000000e+000
9.2	5.334967e+002	0.000000e+000
9.21	5.233551e+002	0.000000e+000
9.22	5.132742e+002	0.000000e+000
9.23	5.032800e+002	0.000000e+000
9.24	4.933970e+002	0.000000e+000
9.25	4.836473e+002	0.000000e+000
9.26	4.740508e+002	0.000000e+000
9.27	4.646243e+002	0.000000e+000
9.28	4.553813e+002	0.000000e+000
9.29	4.463320e+002	0.000000e+000
9.3	4.374832e+002	0.000000e+000
9.31	4.288376e+002	0.000000e+000
9.32	4.203947e+002	0.000000e+000
9.33	4.121501e+002	0.000000e+000
9.34	4.040963e+002	0.000000e+000
9.35	3.962226e+002	0.000000e+000
9.36	3.885154e+002	0.000000e+000
9.37	3.809587e+002	0.000000e+000
9.38	3.735346e+002	0.000000e+000
9.39	3.662235e+002	0.000000e+000
9.4	3.590049e+002	0.000000e+000
9.41	3.518577e+002	0.000000e+000
9.42	3.447608e+002	0.000000e+000
9.43	3.376936e+002	0.000000e+000
9.44	3.306366e+002	0.000000e+000
9.45	3.235716e+002	0.000000e+000
9.46	3.164827e+002	0.000000e+000
9.47	3.093560e+002	0.000000e+000
9.48	3.021804e+002	0.000000e+000
9.49	2.949477e+002	0.000000e+000
9.5	2.876531e+002	0.000000e+000
9.51	2.802946e+002	0.000000e+000
9.52	2.728739e+002	0.000000e+000
9.53	2.653960e+002	0.000000e+000
9.54	2.578689e+002	0.000000e+000
9.55	2.503038e+002	0.000000e+000
9.56	2.427148e+002	0.000000e+000
9.57	2.351184e+002	0.000000e+000
9.58	2.275331e+002	0.000000e+000
9.59	2.199796e+002	0.000000e+000
9.6	2.124794e+002	0.000000e+000
9.61	2.050552e+002	0.000000e+000
9.62	1.977300e+002	0.000000e+000
9.63	1.905265e+002	0.000000e+000
9.64	1.834669e+002	0.000000e+000
9.65	1.765725e+002	0.000000e+000
9.66	1.698628e+002	0.000000e+000
9.67	1.633553e+002	0.000000e+000
9.68	1.570656e+002	0.000000e+000
9.69	1.510063e+002	0.000000e+000
9.7	1.451874e+002	0.000000e+000
9.71	1.396156e+002	0.000000e+000
9.72	1.342946e+002	0.000000e+000
9.73	1.292248e+002	0.000000e+000
9.74	1.244037e+002	0.000000e+000
9.75	1.198253e+002	0.000000e+000
9.76	1.154809e+002	0.000000e+000
9.77	1.113590e+002	0.000000e+000
9.78	1.074459e+002	0.000000e+000
9.79	1.037255e+002	0.000000e+000
9.8	1.001804e+002	0.000000e+000
9.81	9.679146e+001	0.000000e+000
9.82	9.353906e+001	0.000000e+000
9.83	9.040304e+001	0.000000e+000
9.84	8.736335e+001	0.000000e+000
9.85	8.440044e+001	0.000000e+000
9.86	8.149575e+001	0.000000e+000
9.87	7.863212e+001	0.000000e+000
9.88	7.579410e+001	0.000000e+000
9.89	7.296838e+001	0.000000e+000
9.9	7.014400e+001	0.000000e+000
9.91	6.731265e+001	0.000000e+000
9.92	6.446875e+001	0.000000e+000
9.93	6.160965e+001	0.000000e+000
9.94	5.873559e+001	0.000000e+000
9.95	5.584971e+001	0.000000e+000
9.96	5.295797e+001	0.000000e+000
9.97	5.006894e+001	0.000000e+000
9.98	4.719362e+001	0.000000e+000
9.99	4.434518e+001	0.000000e+000
10	4.153860e+001	0.000000e+000
