# Program revision: 4, 0, 2, 0
# Debye scattering of C:\Program Files\D+\Example Files\Examples\CPU\Fast_CPU\6_Lysozyme\1lyz.pdb
# Calculated on CPU
0	7.12538e+007
0.0117417	7.12472e+007
0.0234834	7.12273e+007
0.035225	7.11941e+007
0.0469667	7.11477e+007
0.0587084	7.1088e+007
0.0704501	7.10152e+007
0.0821918	7.09292e+007
0.0939335	7.08301e+007
0.105675	7.07179e+007
0.117417	7.05928e+007
0.129159	7.04547e+007
0.1409	7.03037e+007
0.152642	7.014e+007
0.164384	6.99636e+007
0.176125	6.97746e+007
0.187867	6.95731e+007
0.199609	6.93591e+007
0.21135	6.91329e+007
0.223092	6.88945e+007
0.234834	6.86441e+007
0.246575	6.83818e+007
0.258317	6.81076e+007
0.270059	6.78219e+007
0.2818	6.75246e+007
0.293542	6.7216e+007
0.305284	6.68962e+007
0.317025	6.65654e+007
0.328767	6.62237e+007
0.340509	6.58714e+007
0.35225	6.55085e+007
0.363992	6.51353e+007
0.375734	6.4752e+007
0.387476	6.43588e+007
0.399217	6.39558e+007
0.410959	6.35432e+007
0.422701	6.31214e+007
0.434442	6.26903e+007
0.446184	6.22504e+007
0.457926	6.18018e+007
0.469667	6.13447e+007
0.481409	6.08793e+007
0.493151	6.04058e+007
0.504892	5.99246e+007
0.516634	5.94357e+007
0.528376	5.89396e+007
0.540117	5.84363e+007
0.551859	5.79261e+007
0.563601	5.74093e+007
0.575342	5.68861e+007
0.587084	5.63567e+007
0.598826	5.58214e+007
0.610568	5.52804e+007
0.622309	5.47341e+007
0.634051	5.41825e+007
0.645793	5.3626e+007
0.657534	5.30648e+007
0.669276	5.24992e+007
0.681018	5.19295e+007
0.692759	5.13557e+007
0.704501	5.07783e+007
0.716243	5.01975e+007
0.727984	4.96135e+007
0.739726	4.90265e+007
0.751468	4.84368e+007
0.763209	4.78447e+007
0.774951	4.72504e+007
0.786693	4.66541e+007
0.798434	4.6056e+007
0.810176	4.54565e+007
0.821918	4.48558e+007
0.833659	4.4254e+007
0.845401	4.36515e+007
0.857143	4.30484e+007
0.868885	4.2445e+007
0.880626	4.18415e+007
0.892368	4.12381e+007
0.90411	4.06351e+007
0.915851	4.00327e+007
0.927593	3.9431e+007
0.939335	3.88304e+007
0.951076	3.8231e+007
0.962818	3.7633e+007
0.97456	3.70366e+007
0.986301	3.6442e+007
0.998043	3.58495e+007
1.00978	3.52592e+007
1.02153	3.46712e+007
1.03327	3.40859e+007
1.04501	3.35033e+007
1.05675	3.29236e+007
1.06849	3.23471e+007
1.08023	3.17738e+007
1.09198	3.1204e+007
1.10372	3.06378e+007
1.11546	3.00753e+007
1.1272	2.95168e+007
1.13894	2.89623e+007
1.15068	2.8412e+007
1.16243	2.7866e+007
1.17417	2.73245e+007
1.18591	2.67876e+007
1.19765	2.62554e+007
1.20939	2.57281e+007
1.22114	2.52057e+007
1.23288	2.46884e+007
1.24462	2.41762e+007
1.25636	2.36694e+007
1.2681	2.31678e+007
1.27984	2.26718e+007
1.29159	2.21813e+007
1.30333	2.16964e+007
1.31507	2.12173e+007
1.32681	2.07439e+007
1.33855	2.02764e+007
1.35029	1.98148e+007
1.36204	1.93591e+007
1.37378	1.89095e+007
1.38552	1.8466e+007
1.39726	1.80286e+007
1.409	1.75974e+007
1.42074	1.71724e+007
1.43249	1.67536e+007
1.44423	1.63412e+007
1.45597	1.5935e+007
1.46771	1.55351e+007
1.47945	1.51416e+007
1.49119	1.47545e+007
1.50294	1.43737e+007
1.51468	1.39992e+007
1.52642	1.36312e+007
1.53816	1.32695e+007
1.5499	1.29142e+007
1.56164	1.25653e+007
1.57339	1.22227e+007
1.58513	1.18865e+007
1.59687	1.15566e+007
1.60861	1.1233e+007
1.62035	1.09156e+007
1.63209	1.06045e+007
1.64384	1.02996e+007
1.65558	1.00009e+007
1.66732	9.70839e+006
1.67906	9.42196e+006
1.6908	9.1416e+006
1.70254	8.86727e+006
1.71429	8.59891e+006
1.72603	8.3365e+006
1.73777	8.07997e+006
1.74951	7.82928e+006
1.76125	7.58436e+006
1.77299	7.34516e+006
1.78474	7.11163e+006
1.79648	6.88371e+006
1.80822	6.66132e+006
1.81996	6.44442e+006
1.8317	6.23293e+006
1.84344	6.02679e+006
1.85519	5.82593e+006
1.86693	5.63029e+006
1.87867	5.43979e+006
1.89041	5.25436e+006
1.90215	5.07393e+006
1.91389	4.89843e+006
1.92564	4.72778e+006
1.93738	4.56191e+006
1.94912	4.40075e+006
1.96086	4.24421e+006
1.9726	4.09222e+006
1.98434	3.94471e+006
1.99609	3.80159e+006
2.00783	3.6628e+006
2.01957	3.52824e+006
2.03131	3.39785e+006
2.04305	3.27154e+006
2.05479	3.14924e+006
2.06654	3.03086e+006
2.07828	2.91633e+006
2.09002	2.80558e+006
2.10176	2.69851e+006
2.1135	2.59506e+006
2.12524	2.49514e+006
2.13699	2.39869e+006
2.14873	2.30561e+006
2.16047	2.21584e+006
2.17221	2.1293e+006
2.18395	2.04591e+006
2.19569	1.9656e+006
2.20744	1.88829e+006
2.21918	1.81391e+006
2.23092	1.74239e+006
2.24266	1.67364e+006
2.2544	1.60761e+006
2.26614	1.54422e+006
2.27789	1.4834e+006
2.28963	1.42507e+006
2.30137	1.36918e+006
2.31311	1.31564e+006
2.32485	1.26441e+006
2.33659	1.2154e+006
2.34834	1.16855e+006
2.36008	1.12381e+006
2.37182	1.0811e+006
2.38356	1.04036e+006
2.3953	1.00154e+006
2.40705	964568
2.41879	929390
2.43053	895946
2.44227	864179
2.45401	834033
2.46575	805453
2.4775	778384
2.48924	752773
2.50098	728570
2.51272	705723
2.52446	684181
2.5362	663896
2.54795	644820
2.55969	626908
2.57143	610112
2.58317	594390
2.59491	579696
2.60665	565990
2.6184	553229
2.63014	541372
2.64188	530382
2.65362	520219
2.66536	510846
2.6771	502227
2.68885	494327
2.70059	487110
2.71233	480545
2.72407	474598
2.73581	469237
2.74755	464433
2.7593	460155
2.77104	456375
2.78278	453065
2.79452	450199
2.80626	447748
2.818	445690
2.82975	443998
2.84149	442650
2.85323	441622
2.86497	440893
2.87671	440441
2.88845	440245
2.9002	440286
2.91194	440545
2.92368	441003
2.93542	441642
2.94716	442446
2.9589	443398
2.97065	444482
2.98239	445684
2.99413	446989
3.00587	448383
3.01761	449852
3.02935	451385
3.0411	452968
3.05284	454591
3.06458	456242
3.07632	457910
3.08806	459586
3.0998	461261
3.11155	462924
3.12329	464567
3.13503	466183
3.14677	467763
3.15851	469301
3.17025	470788
3.182	472220
3.19374	473589
3.20548	474890
3.21722	476117
3.22896	477267
3.2407	478332
3.25245	479311
3.26419	480198
3.27593	480991
3.28767	481684
3.29941	482277
3.31115	482764
3.3229	483146
3.33464	483418
3.34638	483578
3.35812	483626
3.36986	483560
3.3816	483378
3.39335	483079
3.40509	482663
3.41683	482129
3.42857	481476
3.44031	480705
3.45205	479814
3.4638	478805
3.47554	477678
3.48728	476433
3.49902	475070
3.51076	473592
3.5225	471997
3.53425	470289
3.54599	468467
3.55773	466534
3.56947	464490
3.58121	462338
3.59295	460078
3.6047	457714
3.61644	455246
3.62818	452677
3.63992	450009
3.65166	447244
3.66341	444385
3.67515	441433
3.68689	438392
3.69863	435263
3.71037	432050
3.72211	428755
3.73386	425380
3.7456	421929
3.75734	418404
3.76908	414808
3.78082	411144
3.79256	407415
3.80431	403624
3.81605	399774
3.82779	395867
3.83953	391907
3.85127	387897
3.86301	383840
3.87476	379738
3.8865	375596
3.89824	371416
3.90998	367201
3.92172	362954
3.93346	358678
3.94521	354377
3.95695	350053
3.96869	345709
3.98043	341349
3.99217	336975
4.00391	332591
4.01566	328198
4.0274	323801
4.03914	319402
4.05088	315003
4.06262	310608
4.07436	306220
4.08611	301841
4.09785	297473
4.10959	293120
4.12133	288783
4.13307	284466
4.14481	280171
4.15656	275901
4.1683	271656
4.18004	267441
4.19178	263257
4.20352	259107
4.21526	254992
4.22701	250915
4.23875	246877
4.25049	242881
4.26223	238928
4.27397	235020
4.28571	231159
4.29746	227347
4.3092	223584
4.32094	219874
4.33268	216216
4.34442	212613
4.35616	209065
4.36791	205575
4.37965	202142
4.39139	198769
4.40313	195456
4.41487	192204
4.42661	189014
4.43836	185887
4.4501	182823
4.46184	179823
4.47358	176888
4.48532	174019
4.49706	171215
4.50881	168477
4.52055	165805
4.53229	163201
4.54403	160662
4.55577	158191
4.56751	155787
4.57926	153449
4.591	151178
4.60274	148974
4.61448	146837
4.62622	144765
4.63796	142759
4.64971	140819
4.66145	138944
4.67319	137134
4.68493	135387
4.69667	133704
4.70841	132084
4.72016	130526
4.7319	129030
4.74364	127594
4.75538	126218
4.76712	124902
4.77886	123643
4.79061	122442
4.80235	121297
4.81409	120207
4.82583	119172
4.83757	118190
4.84932	117260
4.86106	116381
4.8728	115553
4.88454	114773
4.89628	114041
4.90802	113356
4.91977	112716
4.93151	112120
4.94325	111568
4.95499	111057
4.96673	110587
4.97847	110155
4.99022	109763
5.00196	109406
5.0137	109086
5.02544	108800
5.03718	108546
5.04892	108325
5.06067	108134
5.07241	107972
5.08415	107839
5.09589	107732
5.10763	107651
5.11937	107594
5.13112	107561
5.14286	107549
5.1546	107558
5.16634	107587
5.17808	107634
5.18982	107699
5.20157	107780
5.21331	107876
5.22505	107986
5.23679	108108
5.24853	108243
5.26027	108389
5.27202	108545
5.28376	108709
5.2955	108881
5.30724	109060
5.31898	109246
5.33072	109436
5.34247	109631
5.35421	109829
5.36595	110030
5.37769	110232
5.38943	110436
5.40117	110640
5.41292	110843
5.42466	111045
5.4364	111245
5.44814	111443
5.45988	111637
5.47162	111828
5.48337	112014
5.49511	112196
5.50685	112372
5.51859	112542
5.53033	112705
5.54207	112862
5.55382	113011
5.56556	113153
5.5773	113286
5.58904	113411
5.60078	113527
5.61252	113633
5.62427	113730
5.63601	113818
5.64775	113895
5.65949	113962
5.67123	114018
5.68297	114063
5.69472	114097
5.70646	114121
5.7182	114133
5.72994	114133
5.74168	114122
5.75342	114099
5.76517	114064
5.77691	114018
5.78865	113959
5.80039	113889
5.81213	113806
5.82387	113712
5.83562	113605
5.84736	113487
5.8591	113357
5.87084	113214
5.88258	113060
5.89432	112894
5.90607	112716
5.91781	112526
5.92955	112324
5.94129	112111
5.95303	111887
5.96477	111651
5.97652	111404
5.98826	111146
6	110877
