# Integration parameters:
#	qmax	3.78909
#	Orientation Method	Adaptive Gauss Kronrod
#	Orientation Iterations	12
#	Convergence	0.01
# 
# Program revision: 4, 1, 0, 0
# //////////////////////////////////////
# Multiple-Domain Composite Model
# Scale: 1e-006
# Constant: 0
## //////////////////////////////////////
## Domain Model
## qMax = 3.78909
## Grid size = 50
### //////////////////////////////////////
### Manual symmetry
### Position (0,0,0)
### Rotation (0,0,0)
### Instance 0 translation: (0,0,0)
### Instance 0 rotation: (0,0,0)
### Scale: 1
### Used grid: 1
#### //////////////////////////////////////
#### PDB file: C:\Program Files\D+\Example Files\Examples\CPU\Fast_CPU\6_Lysozyme\1lyz.pdb
#### The atoms were centered to the center of mass
#### Position (0,0,0)
#### Rotation (0,0,0)
#### N^3; N = 50
#### qMax = 3.78909
#### Grid step size = 0.151564
#### Solvent ED amplitude subtracted: 334
#### c1: 1
#### Solvent probe radius: 0.14
#### Solvation thickness: 0.3
#### Solvent ED step size: 0.2
#### Outer Solvent ED: 0
#### Solvent radius type: Dummy atoms
#### Fill holes: false
#### 1001 of 1102 atoms are treated as having implicit hydrogen atoms (129 amino acids).
#### Scale: 1
### //////////////////////////////////////
### Manual symmetry
### Position (0,0,0)
### Rotation (0,0,0)
### Instance 0 translation: (0,0,0)
### Instance 0 rotation: (0,0,0)
### Scale: 30
### Used grid: 1
#### //////////////////////////////////////
#### PDB file: C:\Program Files\D+\Example Files\Examples\CPU\Fast_CPU\6_Lysozyme\1lyz.pdb
#### The atoms were centered to the center of mass
#### Position (0,0,0)
#### Rotation (0,0,0)
#### N^3; N = 50
#### qMax = 3.78909
#### Grid step size = 0.151564
#### The amplitude calculated corresponds to the solvent (and outer solvent) only, not the atoms.
#### Solvent ED amplitude subtracted: 0
#### c1: 1
#### Solvent probe radius: 0.14
#### Solvation thickness: 0.3
#### Solvent ED step size: 0.2
#### Outer Solvent ED: 1
#### Solvent radius type: Dummy atoms
#### Fill holes: true
#### 1001 of 1102 atoms are treated as having implicit hydrogen atoms (129 amino acids).
#### Scale: 1

0.16620599999999999	758.3345237579465
0.16885800000000001	757.87703802302156
0.171511	757.41027475532269
0.17416300000000001	756.93461023162183
0.176815	756.44989478015327
0.17946699999999999	755.95615311023744
0.182119	755.4534100871457
0.18477199999999999	754.94149608487783
0.18742400000000001	754.42082219778547
0.19007599999999999	753.89122248506692
0.19272800000000001	753.35272242233953
0.19538	752.80534763444587
0.19803200000000001	752.2491238941293
0.200685	751.68386239549625
0.20333699999999999	751.11001534139598
0.20598900000000001	750.52739753724495
0.20864099999999999	749.93603533430723
0.21129300000000001	749.33595522521057
0.213946	748.726952654976
0.21659800000000001	748.10951350838309
0.21925	747.48343677903131
0.22190199999999999	746.84874951224401
0.224554	746.205478888333
0.22720599999999999	745.55365222134185
0.22985900000000001	744.89304634995995
0.232511	744.22418686732965
0.23516300000000001	743.54685408414628
0.237815	742.86107583699368
0.24046699999999999	742.16688009000018
0.24312	741.4640284283264
0.24577199999999999	740.7530789306818
0.24842400000000001	740.0337965894106
0.25107600000000002	739.30620986674785
0.25372800000000001	738.57034734644481
0.25638	737.82623773258263
0.25903300000000001	737.0736246187812
0.261685	736.31310432295743
0.26433699999999999	735.54442376700206
0.26698899999999998	734.76761212461793
0.26964100000000002	733.98269868399836
0.27229399999999998	733.1894123136002
0.27494600000000002	732.38838056613395
0.27759800000000001	731.57933557169247
0.28025	730.76230706504862
0.28290199999999999	729.93732488978628
0.28555399999999997	729.10441899718126
0.28820699999999999	728.26330091650277
0.29085899999999998	727.41463490884814
0.29351100000000002	726.55813568419296
0.29616300000000001	725.69383361357927
0.298815	724.8217591702512
0.30146800000000001	723.94160971651661
0.30412	723.08340089743353
0.30677199999999999	722.26614491396856
0.30942399999999998	721.44070865813467
0.31207600000000002	720.60713236415961
0.31472800000000001	719.76545636957189
0.31738100000000002	718.91539918562557
0.32003300000000001	718.0576421914318
0.322685	717.19190712802072
0.32533699999999999	716.31823472984968
0.32798899999999998	715.43666582654987
0.33064199999999999	714.54690448607846
0.33329399999999998	713.64966249513679
0.33594600000000002	712.74464705843866
0.33859800000000001	711.83189937029431
0.34125	710.91146071219055
0.34390199999999999	709.98337245120752
0.346555	709.0473217820014
0.34920699999999999	708.10405590566063
0.35185899999999998	707.15326504119776
0.35451100000000002	706.19499088237183
0.35716300000000001	705.22927520069845
0.35981600000000002	704.25579151712134
0.36246800000000001	703.27531564107539
0.36512	702.28752402363159
0.36777199999999999	701.29245873189905
0.37042399999999998	700.29016190303901
0.37307600000000002	699.2806757427403
0.37572899999999998	698.26365783516997
0.37838100000000002	697.23991722456594
0.38103300000000001	696.20911431158584
0.383685	695.17129156090834
0.38633699999999999	694.12649149819447
0.38898899999999997	693.0747567085939
0.39164199999999999	692.01572936015248
0.39429399999999998	690.95025052808546
0.39694600000000002	689.87796508279359
0.39959800000000001	688.79891583257586
0.40225	687.71314563783437
0.40490300000000001	686.62028422176013
0.407555	685.52119842647687
0.41020699999999999	684.41552058212471
0.41285899999999998	683.30329374297003
0.41551100000000002	682.18456100812568
0.41816300000000001	681.05936552011917
0.42081600000000002	679.92732255560179
0.42346800000000001	678.789328759162
0.42612	677.64500189966691
0.42877199999999999	676.49438527906511
0.43142399999999997	675.33752223562192
0.43407699999999999	674.17401641615436
0.43672899999999998	673.00478836563411
0.43938100000000002	671.82944412735299
0.44203300000000001	670.648027170879
0.444685	669.46058099513311
0.44733699999999998	668.26714912701448
0.44999	667.06732175213006
0.45264199999999999	665.86204696904917
0.45529399999999998	664.66631908868851
0.45794600000000002	663.51663960873589
0.46059800000000001	662.36045966975314
0.46325100000000002	661.19739147308826
0.46590300000000001	660.02836365282519
0.468555	658.85299086035468
0.47120699999999999	657.6713249430544
0.47385899999999997	656.483417757545
0.47651100000000002	655.28932116776389
0.47916399999999998	654.08863331501482
0.48181600000000002	652.88231124324057
0.48446800000000001	651.66995540335506
0.48712	650.45161766949172
0.48977199999999999	649.22734991360971
0.492425	647.99673904555323
0.49507699999999999	646.76076465630058
0.49772899999999998	645.51901584873838
0.50038099999999996	644.27154446749785
0.50303299999999995	643.01840234576696
0.50568500000000005	641.75964130346483
0.50833799999999996	640.494835356777
0.51099000000000006	639.22498980101273
0.51364200000000004	637.9496807062053
0.51629400000000003	636.66895982110316
0.51894600000000002	635.38287887218689
0.52159900000000003	634.09100161798483
0.52425100000000002	632.79435365054144
0.52690300000000001	631.49250066690763
0.529555	630.18549428684526
0.53220699999999999	628.87338609907374
0.53485899999999997	627.55622765954399
0.53751199999999999	626.23357100242356
0.54016399999999998	624.90646473179288
0.54281599999999997	623.57446268288652
0.54546799999999995	622.23761626346345
0.54812000000000005	620.8959768400083
0.55077299999999996	619.54908716300656
0.55342499999999994	618.1980138985225
0.55607700000000004	616.842301484431
0.55872900000000003	615.48200110545258
0.56138100000000002	614.11716389675337
0.56403300000000001	612.74784094231643
0.56668600000000002	611.37356443513977
0.56933800000000001	609.99542138496486
0.57199	608.61294553693449
0.57464199999999999	607.22618775416527
0.57729399999999997	605.83519884058001
0.57994699999999999	604.43950267531386
0.58259899999999998	603.04020211956583
0.58525099999999997	601.63682249297119
0.58790299999999995	600.22941434698873
0.59055500000000005	598.81802816609706
0.59320700000000004	597.40271436626335
0.59585999999999995	595.98298742854126
0.59851200000000004	594.5599679234972
0.60116400000000003	593.13317164009584
0.60381600000000002	591.70264870511051
0.60646800000000001	590.27284221221055
0.60912100000000002	588.88857547132227
0.61177300000000001	587.50040538633277
0.614425	586.10786854102059
0.61707699999999999	584.71102236793536
0.61972899999999997	583.30992421366057
0.62238099999999996	581.90463133682726
0.62503399999999998	580.4946686735102
0.62768599999999997	579.08115623791366
0.63033799999999995	577.66362032975894
0.63299000000000005	576.2421178362456
0.63564200000000004	574.81670554689174
0.63829400000000003	573.38744015162615
0.64094700000000004	571.95383715969297
0.64359900000000003	570.51703381494474
0.64625100000000002	569.07654683889427
0.64890300000000001	567.63243250425751
0.651555	566.18474697481702
0.65420800000000001	564.73299843774043
0.65686	563.27833727133213
0.65951199999999999	561.82027275066196
0.66216399999999997	560.35886058556559
0.66481599999999996	558.89415636792307
0.66746799999999995	557.42621556989343
0.67012099999999997	555.95453822737795
0.67277299999999995	554.48028902908925
0.67542500000000005	553.00296895186204
0.67807700000000004	551.52263297152842
0.68072900000000003	550.03933593556474
0.68338200000000004	548.55257161160125
0.68603400000000003	547.06351541991228
0.68868600000000002	545.57166194857666
0.69133800000000001	544.07706551484296
0.69399	542.57978029929052
0.69664199999999998	541.07986034420628
0.699295	539.57679251812908
0.70194699999999999	538.07176370685568
0.70459899999999998	536.56426145729949
0.70725099999999996	535.05433924254055
0.70990299999999995	533.54205038943905
0.71255599999999997	532.02687653041573
0.71520799999999995	530.51001294624677
0.71786000000000005	528.99094183150896
0.72051200000000004	527.46971591279043
0.72316400000000003	525.9463877628549
0.72581600000000002	524.42100979915983
0.72846900000000003	522.89305797873703
0.73112100000000002	521.36373628756496
0.73377300000000001	519.83252110809531
0.736425	518.29946422193575
0.73907699999999998	516.76461724816897
0.74173	515.22745191414651
0.74438199999999999	513.68917833870398
0.74703399999999998	512.14926856301702
0.74968599999999996	510.60777354208693
0.75233799999999995	509.06474406149454
0.75499000000000005	507.52023073605943
0.75764299999999996	505.97370080831746
0.76029500000000005	504.46378410723304
0.76294700000000004	502.95433356184611
0.76559900000000003	501.44273351852053
0.76825100000000002	499.92904037023601
0.77090400000000003	498.41273841367598
0.77355600000000002	496.89502678858582
0.77620800000000001	495.37539019003071
0.77886	493.85388429289901
0.78151199999999998	492.33056458833278
0.78416399999999997	490.8054863820613
0.78681699999999999	489.27812876889777
0.78946899999999998	487.74969811527711
0.79212099999999996	486.21967376886352
0.79477299999999995	484.68811027733551
0.79742500000000005	483.15506199487055
0.80007799999999996	481.62000420558252
0.80273000000000005	480.08414811299144
0.80538200000000004	478.54696913561247
0.80803400000000003	477.00852083800561
0.81068600000000002	475.46885658353648
0.81333800000000001	473.92802953288731
0.81599100000000002	472.3855110157275
0.81864300000000001	470.84251664798336
0.821295	469.2985177550911
0.82394699999999998	467.75356667231671
0.82659899999999997	466.20771552501969
0.82925199999999999	464.66043285385246
0.83190399999999998	463.11293681640495
0.83455599999999996	461.5646958365673
0.83720799999999995	460.01576118618641
0.83986000000000005	458.46618392037709
0.84251200000000004	456.91601487620454
0.84516500000000006	455.36471984330439
0.84781700000000004	453.81351869932843
0.85046900000000003	452.26187698581975
0.85312100000000002	450.7098446546953
0.85577300000000001	449.15747143346931
0.85842600000000002	447.60422130596521
0.86107800000000001	446.0513145013341
0.86373	444.4982146490201
0.86638199999999999	442.9449705667617
0.86903399999999997	441.3916308419345
0.87168599999999996	439.83824383040769
0.87433899999999998	438.28427192020831
0.87699099999999997	436.73093449860829
0.87964299999999995	435.17769347558897
0.88229500000000005	433.62459626977238
0.88494700000000004	432.07169006278752
0.88759900000000003	430.51902179821923
0.89025200000000004	428.96605287675902
0.89290400000000003	427.41400050404081
0.89555600000000002	425.8623254833588
0.89820800000000001	424.3110737958512
0.90085999999999999	422.76029117959973
0.90351300000000001	421.2094386657941
0.906165	419.65973064890898
0.90881699999999999	418.11062746663652
0.91146899999999997	416.5829810630363
0.91412099999999996	415.06092449304492
0.91677299999999995	413.5387926438504
0.91942599999999997	412.01606179353308
0.92207799999999995	410.49392988954401
0.92473000000000005	408.97187272530113
0.92738200000000004	407.44993981413802
0.93003400000000003	405.92818042399938
0.93268700000000004	404.40606989250142
0.93533900000000003	402.884804472121
0.93799100000000002	401.36385891047593
0.94064300000000001	399.84328148189985
0.94329499999999999	398.32312020943823
0.94594699999999998	396.80342286371621
0.9486	395.28366421887551
0.95125199999999999	393.76503724282549
0.95390399999999997	392.24701599748016
0.95655599999999996	390.72964723270229
0.95920799999999995	389.21297744052293
0.96186099999999997	387.69648138484433
0.96451299999999995	386.18134828444994
0.96716500000000005	384.66705209269332
0.96981700000000004	383.15363826001033
0.97246900000000003	381.64115197400019
0.97512100000000002	380.12963815847536
0.97777400000000003	378.61857210106814
0.98042600000000002	377.10913734674949
0.98307800000000001	375.6008082589409
0.98573	374.09362869701039
0.98838199999999998	372.58764225202344
0.991035	371.08232508255031
0.99368699999999999	369.57885505772913
0.99633899999999997	368.07670732085188
0.99899099999999996	366.5759243812924
1.0016400000000001	365.07824379184751
1.0043	363.57579881788553
1.00695	362.08049340810135
1.0096000000000001	360.58671783804641
1.0122500000000001	359.09451315426583
1.0148999999999999	357.603920128026
1.01756	356.10936378981683
1.0202100000000001	354.62212175004362
1.0228600000000001	353.13661217332992
1.0255099999999999	351.65287472205461
1.02817	350.16536008706333
1.0308200000000001	348.68529181610302
1.0334700000000001	347.20711312991386
1.0361199999999999	345.73086257199139
1.03877	344.25657840493488
1.0414300000000001	342.7787466809782
1.0440799999999999	341.30851673414747
1.0467299999999999	339.8403664159265
1.04938	338.37433285900357
1.05203	336.91045291261969
1.0546899999999999	335.44325152563948
1.0573399999999999	333.98379668205689
1.05999	332.52660442681929
1.06264	331.08104097436723
1.0652999999999999	329.63706492276896
1.06795	328.20018669423951
1.0706	326.76501454234142
1.07325	325.33158801875669
1.0759000000000001	323.89994639776899
1.07856	322.46473664036228
1.08121	321.03678863607456
1.08386	319.61074183048186
1.0865100000000001	318.18663438041671
1.08917	316.75914142521469
1.09182	315.3390337071699
1.0944700000000001	313.92097826865268
1.0971200000000001	312.50501213891954
1.0997699999999999	311.09117206413868
1.10243	309.67417156318959
1.1050800000000001	308.26470106684599
1.1077300000000001	306.85746529490177
1.1103799999999999	305.45249985473941
1.11303	304.04984006805392
1.1156900000000001	302.64424122447872
1.1183399999999999	301.2463065941061
1.1209899999999999	299.85078199303655
1.12364	298.45770159457521
1.1263000000000001	297.06185646412541
1.1289499999999999	295.67377538018303
1.1315999999999999	294.2882394150439
1.13425	292.90528158709429
1.1369	291.52493462536347
1.1395599999999999	290.14203713442532
1.1422099999999999	288.76701908975201
1.14486	287.39470847872775
1.14751	286.02513686874761
1.1501699999999999	284.65318308144703
1.15282	283.28919364127751
1.15547	281.92803627363816
1.15812	280.56974138007143
1.1607700000000001	279.21433907039307
1.16343	277.85676103695891
1.16608	276.5072442515991
1.16873	275.16070873722811
1.1713800000000001	273.81718343398262
1.17404	272.47164434139808
1.17669	271.13423673850747
1.1793400000000001	269.7999245172075
1.1819900000000001	268.46873544604978
1.1846399999999999	267.14069700078829
1.1873	265.81084294284022
1.1899500000000001	264.48919914902501
1.1926000000000001	263.17078675108718
1.1952499999999999	261.85563205225776
1.1979	260.54376106293643
1.2005600000000001	259.23026783259331
1.2058599999999999	256.62319975493318
1.20851	255.32473067239337
1.2111700000000001	254.02479052354056
1.2138199999999999	252.73577035616449
1.2164699999999999	251.45244084045603
1.21912	250.17204143714099
1.22177	248.89459934567557
1.2244299999999999	247.61533790165424
1.2270799999999999	246.34390234556452
1.22973	245.07550415029587
1.23238	243.81016941479328
1.2350399999999999	242.54316665561748
1.23769	241.28404783753749
1.24034	240.02806921902709
1.24299	238.77525579638905
1.2456400000000001	237.5256322902992
1.2483	236.27452583338732
1.25095	235.03136748590327
1.2536	233.79147165230827
1.2562500000000001	232.55486194923637
1.2588999999999999	231.3215617175193
1.26156	230.08695897511043
1.2642100000000001	228.86035930985537
1.2668600000000001	227.63713756821065
1.2695099999999999	226.41731598696884
1.27217	225.19633284937291
1.2748200000000001	223.98339023310541
1.2774700000000001	222.77391291445167
1.2801199999999999	221.56792202717688
1.28277	220.36543842981141
1.2854300000000001	219.16196505182268
1.2880799999999999	217.96657093709288
1.2907299999999999	216.77474511294039
1.29338	215.58650733739475
1.2960400000000001	214.39741364798832
1.2986899999999999	213.21642386808671
1.3013399999999999	212.03907983607337
1.30399	210.86540021250684
1.30664	209.69540338441485
1.3092999999999999	208.52471338073047
1.3119499999999999	207.3621502783183
1.3146	206.20332355971644
1.31725	205.04825051953151
1.3199000000000001	203.89694818027559
1.32256	202.74511024186941
1.32521	201.60141367061135
1.32786	200.46153729926061
1.3305100000000001	199.32549706435941
1.33317	198.18904353750241
1.33582	197.06073692631679
1.33847	195.93631269754181
1.3411200000000001	194.81578570792303
1.3437699999999999	193.69917054557871
1.34643	192.58229015762316
1.3490800000000001	191.47355623691936
1.3517300000000001	190.36877635222001
1.3543799999999999	189.26796402082203
1.35704	188.16700106272236
1.3596900000000001	187.07417842066491
1.3623400000000001	185.98536233615332
1.3649899999999999	184.90010115029617
1.36764	183.81773000620836
1.3703000000000001	182.73494722917536
1.3729499999999999	181.6599089880458
1.3755999999999999	180.5885524257111
1.37825	179.52089195488284
1.3809100000000001	178.45293388433603
1.3835599999999999	177.39272194614796
1.3862099999999999	176.33624793723757
1.38886	175.28352530258121
1.39151	174.23456724613644
1.3941699999999999	173.18544982422728
1.39682	172.14407390017672
1.39947	171.10650076977413
1.40212	170.07274267507745
1.4047700000000001	169.04281161872188
1.40743	168.01285460303748
1.41008	166.99062722641
1.41273	165.97226150520697
1.4153800000000001	164.9577684871052
1.41804	163.94335272994036
1.42069	162.93665202566331
1.42334	161.93385578240716
1.4259900000000001	160.93497409924021
1.4286399999999999	159.94001683937628
1.4313	158.94526138310752
1.4339500000000001	157.95819651675205
1.4366000000000001	156.97508428689679
1.4392499999999999	155.99593361707821
1.44191	155.01708080131149
1.4445600000000001	154.04589411844901
1.4472100000000001	153.07869439794968
1.4498599999999999	152.11548963161451
1.45251	151.1562875798528
1.4551700000000001	150.19749887920281
1.4578199999999999	149.24633978908801
1.4604699999999999	148.29920533822869
1.46312	147.35610236622043
1.46577	146.41703748413221
1.4684299999999999	145.47849636394764
1.4710799999999999	144.54754188060693
1.47373	143.62064397729645
1.47638	142.69780835629786
1.4790399999999999	141.77558115666761
1.48169	140.86090168577891
1.48434	139.95030027294655
1.48699	139.04378172208348
1.4896400000000001	138.14135061443125
1.4923	137.23962910444232
1.49495	136.3454012037237
1.4976	135.45527317538389
1.5002500000000001	134.56924871631196
1.50291	133.68401109671041
1.50556	132.80621950796083
1.5082100000000001	131.93254127907156
1.5108600000000001	131.06297923459064
1.5135099999999999	130.19753598314401
1.51617	129.33195872747231
1.5188200000000001	128.46960432516249
1.5214700000000001	127.61113419699208
1.5241199999999999	126.75655179841932
1.52678	125.90265761453097
1.5294300000000001	125.05587499302156
1.5320800000000001	124.21298935616002
1.5347299999999999	123.37400341241528
1.53738	122.53891968493716
1.5400400000000001	121.70461138455916
1.5426899999999999	120.87735366652056
1.5453399999999999	120.05400463457322
1.54799	119.23456607514208
1.55064	118.41903959199512
1.5532999999999999	117.60437132973716
1.5559499999999999	116.79668785733766
1.5586	115.99292018583684
1.56125	115.19306919333208
1.5639099999999999	114.39413947492996
1.56656	113.60213854138787
1.56921	112.8140558456877
1.57186	112.02989154967044
1.5745100000000001	111.24964563781086
1.57717	110.47039579957953
1.57982	109.69800068645404
1.58247	108.9295228506335
1.5851200000000001	108.16496157281377
1.58778	107.4014530133652
1.59043	106.6447367675222
1.5930800000000001	105.89193387452669
1.5957300000000001	105.14304292184924
1.5983799999999999	104.3980623255234
1.60104	103.65420123291838
1.6036900000000001	102.91705065346363
1.6063400000000001	102.18380464863596
1.6089899999999999	101.45446095514382
1.61164	100.72901714182932
1.6143000000000001	100.00475517097117
1.6169500000000001	99.287117847612478
1.6195999999999999	98.573372099801361
1.62225	97.863514831745036
1.6249100000000001	97.154886092075117
1.6275599999999999	96.45281048213468
1.6302099999999999	95.754613069258284
1.63286	95.060290105342759
1.63551	94.369837681343967
1.6381699999999999	93.680668155153
1.6408199999999999	92.997959010428715
1.64347	92.319107704109044
1.64612	91.644109690952604
1.6487799999999999	90.970434912369925
1.65143	90.303143718648315
1.65408	89.639691225647184
1.65673	88.980072265390959
1.6593800000000001	88.324281516527606
1.66204	87.669860481422916
1.66469	87.021723975538876
1.66734	86.377054337931881
1.6699900000000001	85.729971765738156
1.67265	85.084151751977458
1.6753	84.444445284952096
1.6779500000000001	83.808412613029162
1.6806000000000001	83.176048703542151
1.6832499999999999	82.547348401515009
1.68591	81.919954703020863
1.6885600000000001	81.298579438726321
1.6912100000000001	80.680851567477603
1.6938599999999999	80.066765450059464
1.69651	79.456315327700821
1.6991700000000001	78.847212303405612
1.7018200000000001	78.244030083887083
1.7044699999999999	77.644465848169133
1.70712	77.048513364524311
1.7097800000000001	76.453937832729011
1.7124299999999999	75.865203260456596
1.7150799999999999	75.280061022352612
1.71773	74.698504423128767
1.72038	74.120526653219983
1.7230399999999999	73.543959976110884
1.7256899999999999	72.973132420964589
1.72834	72.405862559732071
1.73099	71.8421431314882
1.7336499999999999	71.279859591874498
1.7363	70.723232130301994
1.73895	70.170132625645252
1.7416	69.620553375748798
1.7442500000000001	69.074486569873173
1.74691	68.529883511664849
1.74956	67.990830909568928
1.75221	67.455266643478964
1.7548600000000001	66.923182474544603
1.7575099999999999	66.394570058671746
1.76017	65.867445800853957
1.7628200000000001	65.345764461736778
1.7654700000000001	64.827529185932221
1.7681199999999999	64.312731214865025
1.77078	63.7994384737258
1.7734300000000001	63.291501316621918
1.7760800000000001	62.786974546327762
1.7787299999999999	62.285849001060043
1.78138	61.788115420126097
1.7840400000000001	61.291905363700359
1.7866899999999999	60.80094024820005
1.7893399999999999	60.313338692580722
1.79199	59.829091047489683
1.7946500000000001	59.346379159393202
1.7972999999999999	58.868822570819624
1.7999499999999999	58.394590338807312
1.8026	57.923672437351513
1.80525	57.456058748285656
1.8079099999999999	56.989993137848096
1.8105599999999999	56.528969526001731
1.81321	56.07121918746833
1.81586	55.616731642895523
1.8185100000000001	55.165496324695766
1.82117	54.710286643029718
1.82382	54.259419525926809
1.82647	53.811745499727081
1.8291200000000001	53.367253975063527
1.83178	52.923730794212481
1.83443	52.485578223791144
1.83708	52.050575958727393
1.8397300000000001	51.618713191532024
1.8423799999999999	51.189979061377848
1.84504	50.762762445719481
1.8476900000000001	50.340264498739202
1.8503400000000001	49.920862248919363
1.8529899999999999	49.504544626205913
1.85565	49.089746904454643
1.8583000000000001	48.679576656337616
1.8609500000000001	48.272080645442443
1.8635999999999999	47.867997026850482
1.86625	47.466941842625467
1.8689100000000001	47.066843459925252
1.8715599999999999	46.671816684847357
1.8742099999999999	46.279783996871018
1.87686	45.890733880888639
1.8795200000000001	45.50320348459266
1.8821699999999999	45.120094924952056
1.8848199999999999	44.739934067343526
1.88747	44.362709211010731
1.89012	43.988408610014481
1.8927799999999999	43.61562451004297
1.8954299999999999	43.247147926874803
1.89808	42.881445099355481
1.90073	42.518732693636856
1.9033800000000001	42.158885096394322
1.90604	41.800548538109894
1.90869	41.44640519178467
1.91134	41.095090462216504
1.9139900000000001	40.74659221838013
1.91665	40.399599079288841
1.9193	40.056707766374402
1.92195	39.716596957550024
1.9246000000000001	39.379252917730014
1.9272499999999999	39.044664067916507
1.92991	38.71157097289165
1.9325600000000001	38.382465650685361
1.9352100000000001	38.056078265307825
1.9378599999999999	37.732396341626412
1.94052	37.410201174132695
1.9431700000000001	37.091902697560847
1.9458200000000001	36.776271998359142
1.9484699999999999	36.463296462126081
1.95112	36.152963441022543
1.9537800000000001	35.844104074819697
1.9564299999999999	35.539027861243383
1.9590799999999999	35.236555975955994
1.96173	34.936675642720267
1.96438	34.639374054611565
1.9670399999999999	34.343535255620303
1.9696899999999999	34.051362239509302
1.97234	33.758195427279034
1.97499	33.466463098598652
1.9776499999999999	33.176187185135227
1.9802999999999999	32.889537343783701
1.98295	32.605404688561379
1.9856	32.323776381375083
1.9882500000000001	32.044639579618803
1.99091	31.766942121509576
1.99356	31.492759066447022
1.99621	31.221028915634299
1.9988600000000001	30.951738810640698
2.0015200000000002	30.683873440363232
2.0041699999999998	30.419433924685656
2.0068199999999998	30.157395811603312
2.0094699999999999	29.897746230541131
2.0121199999999999	29.64047230847909
2.01478	29.384603699983959
2.0174300000000001	29.132051311460135
2.0200800000000001	28.88183590200218
2.0227300000000001	28.6339445912126
2.0253899999999998	28.387442141074423
2.0280399999999998	28.144169030313375
2.0306899999999999	27.903181322018774
2.0333399999999999	27.66446613236387
2.03599	27.428010577295741
2.0386500000000001	27.19292220483204
2.0413000000000001	26.960955672439177
2.0439500000000002	26.731210075067192
2.0466000000000002	26.503672530336043
2.0492499999999998	26.27833015693701
2.0519099999999999	26.054332145210203
2.0545599999999999	25.833349628528701
2.05721	25.614523599680052
2.05986	25.397841184315691
2.0625200000000001	25.18248390070212
2.0651700000000002	24.970058066797215
2.0678200000000002	24.7597371903748
2.0704699999999998	24.551494244751435
2.0731199999999999	24.345344941253568
2.07578	24.140495795168697
2.07843	23.938474133643936
2.08108	23.738493109245688
2.0837300000000001	23.540539879468561
2.0863900000000002	23.343866016968569
2.0890399999999998	23.14993739990798
2.0916899999999998	22.957998032438116
2.0943399999999999	22.768035093637337
2.0969899999999999	22.580035768712023
2.09965	22.393148418975247
2.1023000000000001	22.209045013330289
2.1049500000000001	22.028127038548785
2.1076000000000001	21.847871689683981
2.1102500000000002	21.669516014959644
2.1129099999999998	21.492384880652835
2.1155599999999999	21.317797296597728
2.1182099999999999	21.145071049712961
2.12086	20.974193394420343
2.1235200000000001	20.802842724854465
2.1261700000000001	20.632948317888562
2.1288200000000002	20.464914130520235
2.1314700000000002	20.298727388412438
2.1341199999999998	20.134375352660097
2.1367799999999999	19.971235433528769
2.1394299999999999	19.810521538932143
2.14208	19.65160429837189
2.14473	19.494471114220648
2.1473900000000001	19.338526492666489
2.1500400000000002	19.184930382920705
2.1526900000000002	19.033080700311327
2.1553399999999998	18.882964987631649
2.1579899999999999	18.734570822625344
2.16065	18.587335510984879
2.1633	18.442353693831102
2.16595	18.298373989908832
2.1686000000000001	18.156744495384714
2.1712600000000002	18.016249838844029
2.1739099999999998	17.877934119603641
2.1765599999999998	17.741253859812577
2.1792099999999999	17.606196828932863
2.1818599999999999	17.472751090531371
2.18452	17.340409963274649
2.1871700000000001	17.2101564154211
2.1898200000000001	17.081477909000064
2.1924700000000001	16.954362473150173
2.1951200000000002	16.828798171470059
2.1977799999999998	16.704307983013464
2.2004299999999999	16.581816019404741
2.2030799999999999	16.460839542714648
2.20573	16.341366754300758
2.2083900000000001	16.222943489798361
2.2110400000000001	16.106448382911129
2.2136900000000002	15.991421730422029
2.2163400000000002	15.877851871187172
2.2189899999999998	15.765727178376467
2.2216499999999999	15.654621057561441
2.2242999999999999	15.545357298574594
2.22695	15.437503987909182
2.2296	15.331049636054257
2.2322600000000001	15.225588922467509
2.2349100000000002	15.121903328035399
2.2375600000000002	15.01958238671412
2.2402099999999998	14.918614746285126
2.2428599999999999	14.821347017306085
2.24552	14.722703030779561
2.24817	14.625751925799216
2.25082	14.53010914207662
2.2534700000000001	14.435763499567752
2.2561200000000001	14.342703852576095
2.2587799999999998	14.250575132667656
2.2614299999999998	14.158063142646377
2.2640799999999999	14.068784914942384
2.2667299999999999	13.980748323055264
2.26939	13.893617140657961
2.2720400000000001	13.808035515821627
2.2746900000000001	13.723291336400465
2.2773400000000001	13.63935698657942
2.2799900000000002	13.556659515460863
2.2826499999999998	13.474882655551024
2.2852999999999999	13.39463015614648
2.2879499999999999	13.315581255027856
2.2906	13.237724981808226
2.2932600000000001	13.160763306504878
2.2959100000000001	13.085263991737966
2.2985600000000002	13.010924676388852
2.3012100000000002	12.937734604965634
2.3038599999999998	12.86568307499158
2.3065199999999999	12.794493923081699
2.3091699999999999	12.724691775545551
2.31182	12.655996337846997
2.31447	12.588397117197522
2.3171200000000001	12.521883672549105
2.3197800000000002	12.456200701870804
2.3224300000000002	12.39183169133616
2.3250799999999998	12.328517402902756
2.3277299999999999	12.266247600210891
2.33039	12.204782966085654
2.33304	12.144575473268411
2.33569	12.08538202130406
2.3383400000000001	12.027192574669575
2.3409900000000001	11.969997147418105
2.3436499999999998	11.9135755505063
2.3462999999999998	11.858342047858946
2.3489499999999999	11.800855142586798
2.3515999999999999	11.747516314120968
2.35426	11.694926191135224
2.3569100000000001	11.643470464231379
2.3595600000000001	11.595089976101017
2.3622100000000001	11.545491754521464
2.3648600000000002	11.496799755144165
2.3675199999999998	11.448825802511641
2.3701699999999999	11.401921118281861
2.3728199999999999	11.355894255374322
2.37547	11.310735852578716
2.3781300000000001	11.266271043626734
2.3807800000000001	11.222824852985781
2.3834300000000002	11.180219282571631
2.3860800000000002	11.138445156323373
2.3887299999999998	11.09749334393122
2.3913899999999999	11.057204823027396
2.3940399999999999	11.017873447076404
2.39669	10.979337232786506
2.39934	10.941587231114868
2.4019900000000001	10.904614537825912
2.4046500000000002	10.86827511772786
2.4073000000000002	10.832833356719258
2.4099499999999998	10.798142425402004
2.4125999999999999	10.764193123548228
2.41526	10.73085374312439
2.41791	10.698365826257216
2.42056	10.666594063373079
2.4232100000000001	10.635529902643722
2.4258600000000001	10.605418198748415
2.4285199999999998	10.576458588890388
2.4311699999999998	1.#QNAN
2.4338199999999999	10.520912217599376
2.4364699999999999	10.494197932482532
2.43913	10.468081278817753
2.4417800000000001	10.44275010805327
2.4444300000000001	10.418096306547437
2.4470800000000001	10.39411190506571
2.4497300000000002	10.368019614704284
2.4523899999999998	10.345244568264537
2.4550399999999999	10.323200684372903
2.4576899999999999	10.30179298655413
2.46034	10.281013402860713
2.46299	10.260853918982711
2.4656500000000001	10.241233963608984
2.4683000000000002	10.222292984154274
2.4709500000000002	10.203948523438152
2.4735999999999998	10.18619264418272
2.4762599999999999	10.168953893133716
2.4789099999999999	10.152354183891225
2.48156	10.136319996005149
2.48421	10.12084376177018
2.4868600000000001	10.105917967433108
2.4895200000000002	10.091481896994877
2.4921700000000002	10.077636662096635
2.4948199999999998	10.064319617958724
2.4974699999999999	10.051523462909266
2.50013	10.03919556182986
2.50278	10.027421385103004
2.50543	10.016146476070269
2.5080800000000001	10.005363738985505
2.5107300000000001	9.9950661285957487
2.5133899999999998	9.9852104918719764
2.5160399999999998	9.9758639642084521
2.5186899999999999	9.966981700824304
2.5213399999999999	9.958557305051416
2.524	9.9505538372561162
2.5266500000000001	9.9430251479032794
2.5293000000000001	9.9359336011905128
2.5319500000000001	9.9292725430818312
2.5346000000000002	9.9230353668021802
2.5372599999999998	9.9171943328955905
2.5399099999999999	9.9117868252154686
2.5425599999999999	9.9067836348533103
2.54521	9.9021783408296837
2.54786	9.8979645677284758
2.5505200000000001	9.8941222594380172
2.5531700000000002	9.8906740005196117
2.5558200000000002	9.8875983828945522
2.5584699999999998	9.8848892102855324
2.5611299999999999	9.8825326342987871
2.5637799999999999	9.880539266035008
2.56643	9.8788939938358808
2.56908	9.8775907954489686
2.5717300000000001	9.8766236913053813
2.5743900000000002	9.8759849584582113
2.5770400000000002	9.8760103016006688
2.5796899999999998	9.8779749061423363
2.5823399999999999	9.8802722926622444
2.585	9.8829072206046131
2.58765	9.8858539570310739
2.5903	9.8891159473591639
2.5929500000000001	9.8926873997252081
2.5956000000000001	9.8965625769372778
2.5982599999999998	9.9007521012831443
2.6009099999999998	9.9052188255733284
2.6035599999999999	9.9099723650843128
2.6062099999999999	9.9150071963890305
2.60886	9.9203178481880272
2.6115200000000001	9.9259204666958851
2.6141700000000001	9.9317675416283873
2.6168200000000001	9.9378743109894696
2.6194700000000002	1.#QNAN
2.6221299999999998	9.9508713228456127
2.6247799999999999	9.9577266796161332
2.6274299999999999	9.9661251615047792
2.63008	9.9734628387158697
2.63273	9.9810293852955834
2.6353900000000001	9.988849640802334
2.6380400000000002	9.9968598616319202
2.6406900000000002	10.005084145234056
2.6433399999999998	10.013517654833086
2.6459999999999999	1.#QNAN
2.6486499999999999	1.#QNAN
2.6513	10.040060300072144
2.65395	10.049283958209148
2.6566000000000001	10.058693314386916
2.6592600000000002	10.068320326007427
2.6619100000000002	1.#QNAN
2.6645599999999998	10.088027907657576
2.6672099999999999	10.098135402593581
2.6698599999999999	10.108406151161375
2.67252	10.118875445662905
2.67517	10.129460236527025
2.6778200000000001	10.140195305879457
2.6804700000000001	10.151076414564145
2.6831299999999998	10.162141222330348
2.6857799999999998	10.173302361593974
2.6884299999999999	10.184597042750394
2.6910799999999999	1.#QNAN
2.69373	10.206006622924656
2.6963900000000001	10.217710508709956
2.6990400000000001	1.#QNAN
2.7016900000000001	10.241378837973569
2.7043400000000002	1.#QNAN
2.7069999999999999	10.265531138173284
2.7096499999999999	10.277739460816829
2.7122999999999999	10.290046436577445
2.71495	10.302446969782032
2.7176	10.314938047897268
2.7202600000000001	10.327563607909443
2.7229100000000002	10.34022505646367
2.7255600000000002	10.352966077287231
2.7282099999999998	10.365847938598352
2.7308699999999999	10.381433632077211
2.7335199999999999	10.397032778898389
2.73617	10.412700251786063
2.73882	10.42843251572817
2.7414700000000001	10.444226080057984
2.7441300000000002	10.460137419854906
2.7467800000000002	10.476043486820149
2.7494299999999998	10.492000630452591
2.7520799999999999	10.508005532454384
2.7547299999999999	10.524054916305301
2.75739	1.#QNAN
2.76004	10.556335160375868
2.7626900000000001	10.572498866700462
2.7653400000000001	10.588694344925276
2.7679999999999998	10.604979793924732
2.7706499999999998	10.621229721134414
2.7732999999999999	10.637502300233656
2.7759499999999999	10.653794571492908
2.7786	10.670103612587452
2.7812600000000001	10.686488156757864
2.7839100000000001	10.70282215413741
2.7865600000000001	10.71916436362306
2.7892100000000002	10.735512008025577
2.7918699999999999	10.751924046320196
2.7945199999999999	1.#QNAN
2.7971699999999999	10.78462198363415
2.79982	10.800964266374852
2.80247	10.817298606171256
2.8051300000000001	10.833684006229571
2.8077800000000002	10.849994719626798
2.8104300000000002	10.866289858775264
2.8130799999999998	10.882566947032396
2.8157299999999998	10.89882353899625
2.81839	10.915118432852609
2.82104	10.931326719009109
2.82369	10.947507347200309
2.8263400000000001	10.963657993034769
2.8290000000000002	10.979837121373111
2.8316499999999998	10.995920811228579
2.8342999999999998	11.01196771096796
2.8369499999999999	11.027975610887548
2.8395999999999999	1.#QNAN
2.84226	11.059925713973536
2.84491	11.07580345566088
2.8475600000000001	11.091633623985913
2.8502100000000001	11.107414144075348
2.8528699999999998	11.123202220479344
2.8555199999999998	11.138877116013701
2.8581699999999999	11.154496284900111
2.8608199999999999	11.170057753656158
2.86347	11.185559573255253
2.8661300000000001	11.201057964836888
2.8687800000000001	11.216434492074727
2.8714300000000001	11.231745659398936
2.8740800000000002	11.246989612342304
2.8767399999999999	11.262221649973521
2.8793899999999999	11.277325430854148
2.8820399999999999	11.294910909735297
2.88469	11.312759842666866
2.88734	11.330521081461116
2.8900000000000001	11.348259548447995
2.8926500000000002	11.366713632989123
2.8953000000000002	11.38421167078093
2.8979499999999998	11.40161592222397
2.9005999999999998	11.418924921182681
2.90326	11.436201999093186
2.90591	11.453354131285661
2.90856	11.470368851679508
2.9112100000000001	11.487282751624036
2.9138700000000002	11.504157757821798
2.9165199999999998	11.520865695775436
2.9191699999999998	11.537468935894553
2.9218199999999999	11.553966242364528
2.9244699999999999	11.570356406125535
2.92713	11.586699478709368
2.9297800000000001	11.602871419436378
2.9324300000000001	11.618932742281396
2.9350800000000001	11.634882341017224
2.9377399999999998	11.650778680544059
2.9403899999999998	11.666501178857947
2.9430399999999999	11.682108776683833
2.9456899999999999	11.697600463962436
2.94834	11.712975253644297
2.9510000000000001	11.72828953018719
2.9536500000000001	11.742306066256807
2.9563000000000001	11.757311967917843
2.9589500000000002	11.772197129155339
2.9615999999999998	11.786960671318084
2.9642599999999999	11.801656752723964
2.9669099999999999	11.816174036287102
2.96956	11.830567184455237
2.97221	11.844835399215956
2.9748700000000001	11.859031030669676
2.9775200000000002	11.873435226558671
2.9801700000000002	11.887327605983749
2.9828199999999998	11.901092080445869
2.9854699999999998	11.914727944867421
2.98813	11.928285234116617
2.99078	11.941661341200415
2.99343	11.954906824249994
2.9960800000000001	11.968021046265848
2.9987400000000002	11.981052824882921
3.0013899999999998	11.99390220582128
3.0040399999999998	12.006618508493164
3.0066899999999999	12.019201158808848
3.0093399999999999	12.031649597619944
3.012	12.044009491254521
3.0146500000000001	12.05618737637449
3.0173000000000001	12.068229457279561
3.0199500000000001	12.080135231666688
3.0226099999999998	12.09194836226532
3.0252599999999998	12.103579551438617
3.0279099999999999	12.115073005193905
3.0305599999999999	12.126428273507065
3.03321	12.139786006819842
3.0358700000000001	12.153826293938859
3.0385200000000001	12.167653769664478
3.0411700000000002	12.181321061104072
3.0438200000000002	1.#QNAN
3.0464699999999998	12.208173363184885
3.0491299999999999	12.221407003617436
3.0517799999999999	12.234428770944097
3.05443	12.247288359432622
3.05708	12.259985425985256
3.0597400000000001	12.27256663527967
3.0623900000000002	12.284937082666367
3.0650400000000002	12.29714408223972
3.0676899999999998	12.309187359452627
3.0703399999999998	12.321066656013151
3.073	12.332271070099484
3.07565	12.343815868057124
3.0783	12.355195964466517
3.0809500000000001	12.366411162552136
3.0836100000000002	12.377502665828153
3.0862599999999998	12.388386911130883
3.0889099999999998	12.399105753537304
3.0915599999999999	12.409659052807378
3.0942099999999999	12.420046682039388
3.09687	12.430306786253844
3.0995200000000001	12.440362120378447
3.1021700000000001	12.450251480444704
3.1048200000000001	12.459968283533668
3.1074700000000002	12.469525403848937
3.1101299999999998	1.#QNAN
3.1127799999999999	12.488175590834331
3.1154299999999999	12.497233461979899
3.11808	12.5061250712189
3.1207400000000001	1.#QNAN
3.1233900000000001	12.523441459216508
3.1260400000000002	12.531833638216421
3.1286900000000002	12.540059577038949
3.1313399999999998	12.548119305281883
3.1339999999999999	12.556042334040068
3.1366499999999999	12.563769139481968
3.1393	12.571329877267727
3.14195	12.578724612142477
3.1446100000000001	12.585980381376977
3.1472600000000002	12.59296256126645
3.1499100000000002	12.599858563582927
3.1525599999999998	12.606588899131394
3.1552099999999998	12.613153671245108
3.15787	12.619576825462602
3.16052	12.625811614368949
3.16317	12.631879766404188
3.1658200000000001	12.63778283734038
3.1684700000000001	12.643520963624994
3.1711299999999998	12.649115007179404
3.1737799999999998	12.654523056248509
3.1764299999999999	12.65976660580022
3.1790799999999999	12.664845815125163
3.18174	12.669779085320467
3.1843900000000001	12.676110085877449
3.1870400000000001	12.683371851304512
3.1896900000000001	1.#QNAN
3.1923400000000002	12.697332075202882
3.1949999999999998	12.704056449648579
3.1976499999999999	12.710568761716541
3.2002999999999999	12.716895165312568
3.20295	12.723036192845241
3.2056100000000001	12.729014513777241
3.2082600000000001	12.734785732624854
3.2109100000000002	12.740373234880046
3.2135600000000002	12.745777592091038
3.2162099999999998	12.750999384865311
3.2188699999999999	12.75605787687897
3.2215199999999999	12.760915634145226
3.22417	12.765592622675666
3.22682	12.770089456581484
3.2294800000000001	12.774422710143917
3.2321300000000002	12.778560433738557
3.2347800000000002	12.782519892570352
3.2374299999999998	12.786301729986672
3.2400799999999998	12.789906595996174
3.24274	12.793347751858889
3.24539	12.796599988905257
3.24804	12.799677244594484
3.2506900000000001	12.802580193140511
3.2533400000000001	12.805309514204012
3.2559999999999998	12.807875212703857
3.2586499999999998	12.810258689713514
3.2612999999999999	12.812470611223084
3.2639499999999999	12.814511676403736
3.26661	12.816389327428588
3.2692600000000001	12.81809015644254
3.2719100000000001	12.819622254369504
3.2745600000000001	12.820986336376674
3.2772100000000002	12.822183121103176
3.2798699999999998	12.823216903477048
3.2825199999999999	12.824080637964457
3.2851699999999999	12.824779252663967
3.28782	12.825313478121016
3.2904800000000001	12.825679444455067
3.2931300000000001	12.825886428881626
3.2957800000000002	12.825928291023805
3.2984300000000002	12.825811647696256
3.3010799999999998	12.825534304249496
3.3037399999999999	12.825095051285242
3.3063899999999999	12.824497938027388
3.30904	12.823742359976496
3.31169	12.82282906372461
3.3143400000000001	12.821758796804607
3.3170000000000002	12.820527384349109
3.3196500000000002	12.819144836407768
3.3222999999999998	12.817607567332583
3.3249499999999999	12.815916326899414
3.32761	12.814064615608125
3.33026	12.812067108490222
3.33291	12.809917882798453
3.3355600000000001	12.808677082274947
3.3382100000000001	12.808625452328334
3.3408699999999998	12.808395847238421
3.3435199999999998	12.807990886036221
3.3461699999999999	12.8074109336291
3.3488199999999999	12.806656890106677
3.35148	12.80572583449538
3.3541300000000001	12.804625679489732
3.3567800000000001	12.803354164827036
3.3594300000000001	12.801912208380378
3.3620800000000002	12.800300731930458
3.3647399999999998	12.798513625579467
3.3673899999999999	12.79656525812174
3.3700399999999999	12.794450160906026
3.37269	12.792169269301844
3.3753500000000001	12.789713981302416
3.3780000000000001	12.787103701648913
3.3806500000000002	12.784330453869224
3.3833000000000002	12.781395183761552
3.3859499999999998	12.778298839256042
3.3886099999999999	1.#QNAN
3.3912599999999999	12.771613538864358
3.39391	1.#QNAN
3.39656	12.764307363913881
3.3992100000000001	12.760419340259531
3.4018700000000002	12.756360417070656
3.4045200000000002	12.75216207345261
3.4071699999999998	12.747810301410928
3.4098199999999999	12.743306060133939
3.41248	12.738632454624522
3.41513	12.733825587662141
3.41778	12.72886913453558
3.4204300000000001	12.723764055176382
3.4230800000000001	1.#QNAN
3.4257399999999998	1.#QNAN
3.4283899999999998	12.707545455161371
3.4310399999999999	12.701854919621326
3.4336899999999999	12.696020555371751
3.43635	12.690020494075217
3.4390000000000001	1.#QNAN
3.4416500000000001	12.677640162769936
3.4443000000000001	12.671239512757293
3.4469500000000002	12.664699809349417
3.4496099999999998	12.657996543179189
3.4522599999999999	12.651181066340548
3.4549099999999999	12.644229385403776
3.45756	12.637142445345621
3.46021	12.62992118916074
3.4628700000000001	12.622538553015447
3.4655200000000002	12.615050987113168
3.4681700000000002	12.607431924644713
3.4708199999999998	12.599682299620666
3.4734799999999999	12.591773066183888
3.4761299999999999	12.583764624105944
3.47878	12.575628409669365
3.48143	12.567365346354032
3.4840800000000001	12.558976354788609
3.4867400000000002	12.551032300391572
3.4893900000000002	12.544430092236704
3.4920399999999998	12.537678072316481
3.4946899999999999	12.530777376215982
3.49735	12.523702265927046
3.5	1.#QNAN
3.50265	12.509166636864627
3.5053000000000001	12.501682077774046
3.5079500000000001	12.494054543929728
3.5106099999999998	12.48625559188282
3.5132599999999998	12.47834500656117
3.5159099999999999	12.470294878422518
3.5185599999999999	12.462106350597006
3.52122	12.453748889688764
3.5238700000000001	12.445286480392008
3.5265200000000001	12.436689104706174
3.5291700000000001	12.427957904988798
3.5318200000000002	12.41909402303372
3.5344799999999998	12.410064407249733
3.5371299999999999	12.400938093308744
3.5397799999999999	12.391682521999696
3.54243	12.382298831441355
3.54508	12.372788158491357
3.5477400000000001	12.36311503747929
3.5503900000000002	12.353353336142954
3.5530400000000002	12.343468058373444
3.5556899999999998	12.333460334670802
3.5583499999999999	12.323292842496373
3.5609999999999999	12.313043159271976
3.56365	12.302674413946358
3.5663	12.292187728673964
3.5689500000000001	12.281584223231
3.5716100000000002	12.270824347339447
3.5742600000000002	12.259990120507505
3.5769099999999998	12.249042421635709
3.5795599999999999	12.23794729356635
3.58222	12.226733342283445
3.58487	12.215451188259363
3.58752	12.204059983054419
3.5901700000000001	12.192560823496985
3.5928200000000001	12.18095480309824
3.5954799999999998	12.169198617575759
3.5981299999999998	12.157381749313872
3.6007799999999999	12.145461283999177
3.6034299999999999	12.133438300949235
3.60608	12.121323956594852
3.6087400000000001	12.109053052911564
3.6113900000000001	12.096728796112222
3.6140400000000001	12.084306307478876
3.6166900000000002	12.07178664673779
3.6193499999999998	12.059123082052118
3.6219999999999999	12.046411882846575
3.6246499999999999	12.033606669463451
3.6273	12.020708484587624
3.62995	12.007718366480203
3.6326100000000001	11.994587815733404
3.6352600000000002	11.981416590751207
3.6379100000000002	1.#QNAN
3.6405599999999998	11.956731500162183
3.6432199999999999	11.944904494635651
3.6458699999999999	11.933010648968027
3.64852	11.921006920930951
3.65117	11.908894518462464
3.6538200000000001	11.896674648235056
3.6564800000000002	11.884301802084195
3.6591300000000002	11.871870216453138
3.6617799999999998	11.859334778684216
3.6644299999999999	11.846696689053829
3.6670799999999999	1.#QNAN
3.66974	11.821068705143119
3.67239	11.808129470193453
3.6750400000000001	11.795092379634481
3.6776900000000001	11.781958602579129
3.6803499999999998	11.768679234068976
3.6829999999999998	11.755355306951204
3.6856499999999999	11.741938259685153
3.6882999999999999	11.728429270875209
3.69095	1.#QNAN
3.6936100000000001	11.701088341889449
3.6962600000000001	11.687310238218574
3.6989100000000001	11.673444880886631
3.7015600000000002	11.659493432488993
3.7042199999999998	11.645403925244706
3.7068699999999999	11.631283454398606
3.7095199999999999	11.617080363140239
3.71217	11.602795799408645
3.71482	11.588430907241142
3.7174800000000001	11.573932172178669
3.7201300000000002	11.559409746791404
3.7227800000000002	11.544810405014712
3.7254299999999998	11.530135274353755
3.7280899999999999	11.515329678363441
3.7307399999999999	11.500506059553073
3.73339	11.48561001215214
3.73604	11.470642645763732
3.7386900000000001	1.#QNAN
3.7413500000000002	11.440441235101028
3.7440000000000002	11.42526626766869
3.7466499999999998	11.410024376297438
3.7492999999999999	11.394716646468501
3.7519499999999999	11.379344158627656
3.75461	11.36384961916387
3.75726	11.348350601906647
3.7599100000000001	11.332790041106822
3.7625600000000001	11.317168996393416
3.7652199999999998	11.301429239214089
3.7678699999999998	11.285690165761045
3.7705199999999999	11.269893758853264
3.7731699999999999	11.254041056340748
3.77582	11.238133090497321
3.7784800000000001	11.222110551816968
3.7811300000000001	11.206094934687997
3.7837800000000001	11.190027120912404
3.7864300000000002	11.17390811994615
3.7890899999999998	11.1576778258625
