# Integration parameters:
#	qmax	15
#	Orientation Method	Adaptive (VEGAS) Monte Carlo
#	Orientation Iterations	10000000
#	Convergence	0.001
# 
# Program revision: 4, 0, 6, 0
# //////////////////////////////////////
# Multiple-Domain Composite Model
# Scale: 1
# Constant: 0
## //////////////////////////////////////
## Domain Model
## qMax = 15
## Grid size = 60
### //////////////////////////////////////
### Manual symmetry
### Position (0,0,0)
### Rotation (0,0,0)
### Instance 0 translation: (-2,0,0)
### Instance 0 rotation: (0,0,0)
### Instance 1 translation: (-1,0,0)
### Instance 1 rotation: (0,0,0)
### Instance 2 translation: (0,0,0)
### Instance 2 rotation: (0,0,0)
### Instance 3 translation: (1,0,0)
### Instance 3 rotation: (0,0,0)
### Instance 4 translation: (2,0,0)
### Instance 4 rotation: (0,0,0)
### Scale: 1
### Used grid: 1
#### //////////////////////////////////////
#### Geometric model	Uniform Sphere
#### Position (0,0,0)
#### Rotation (0,0,0)
#### Grid was used.
#### Parameters:	Radius	E.D.
#### Solvent:	0	333
#### Layer 1:	0.5	400
#### Scale	1
#### Background	0

0	30767.120942007037
0.050000000000000003	30771.11861679719
0.10000000000000001	30644.18473681503
0.14999999999999999	30392.480172129428
0.20000000000000001	30023.229317587273
0.25	29544.596512239725
0.29999999999999999	28965.570499277383
0.34999999999999998	28295.857755428515
0.40000000000000002	27545.78072199216
0.45000000000000001	26726.189080399148
0.5	25848.372349601377
0.55000000000000004	25007.565656309391
0.59999999999999998	24106.154610408641
0.65000000000000002	23163.095414947609
0.69999999999999996	22196.230604691427
0.75	21221.795480689449
0.80000000000000004	20254.105398114443
0.84999999999999998	19305.328536440793
0.90000000000000002	18385.338549038919
0.94999999999999996	17501.641690434008
1	16659.394795523785
1.05	15890.285016934591
1.1000000000000001	15139.958409060786
1.1499999999999999	14424.764547600294
1.2	13749.28502105422
1.25	13116.505507681077
1.3	12527.851446512926
1.3500000000000001	11983.275626643799
1.3999999999999999	11481.379020289871
1.45	11019.5544664341
1.5	10594.183916076385
1.55	10193.850346934243
1.6000000000000001	9835.4459484112758
1.6499999999999999	9500.1327572202354
1.7	9185.4244369804801
1.75	8888.8520550537887
1.8	8607.9726125658799
1.8500000000000001	8340.3917625571248
1.8999999999999999	8083.7922455527369
1.95	7835.9625696621733
2	7594.8414026954124
2.0499999999999998	7381.3943658536009
2.1000000000000001	7158.2226564297689
2.1499999999999999	6937.2484165843343
2.2000000000000002	6719.0532627707571
2.25	6504.3840372010882
2.2999999999999998	6294.0376054282578
2.3500000000000001	6088.7609614278208
2.3999999999999999	5889.1720489939307
2.4500000000000002	5695.7058942913618
2.5	5508.5718399808929
2.5499999999999998	5319.4555963787461
2.6000000000000001	5150.5359830524294
2.6499999999999999	4986.4114836189201
2.7000000000000002	4827.92075349057
2.75	4675.6489423199664
2.7999999999999998	4529.8865464128921
2.8500000000000001	4390.6055965764526
2.8999999999999999	4257.4573083946216
2.9500000000000002	4129.7941514833392
3	4006.7068940833392
3.0499999999999998	3889.5302337866569
3.1000000000000001	3776.7651436523711
3.1499999999999999	3666.4492989500914
3.2000000000000002	3558.5565188148789
3.25	3453.0193313225041
3.2999999999999998	3349.7178124216725
3.3500000000000001	3248.4732580744185
3.3999999999999999	3149.0493988495814
3.4500000000000002	3051.1634527988185
3.5	2954.4999293704441
3.5499999999999998	2866.0631256793722
3.6000000000000001	2774.3130347520505
3.6499999999999999	2683.4148747203435
3.7000000000000002	2593.9777928572953
3.75	2506.5399413591181
3.7999999999999998	2421.5321479069089
3.8500000000000001	2339.2501735607907
3.8999999999999999	2259.8377994473399
3.9500000000000002	2183.2825503121153
4	2109.418410348469
4.0499999999999998	2039.5651486620377
4.0999999999999996	1972.1475284272803
4.1500000000000004	1907.0123093297052
4.2000000000000002	1844.3453946008824
4.25	1784.197891801929
4.2999999999999998	1726.4829061109292
4.3499999999999996	1670.9756192336597
4.4000000000000004	1617.3231994581231
4.4500000000000002	1565.069282449994
4.5	1513.6800944751676
4.5499999999999998	1466.6396453487048
4.5999999999999996	1417.5793501316389
4.6500000000000004	1368.82338944044
4.7000000000000002	1320.497286774644
4.75	1272.7180148214795
4.7999999999999998	1225.5871450163936
4.8499999999999996	1179.1836099803322
4.9000000000000004	1133.4211449369971
4.9500000000000002	1088.7525076435552
5	1044.7760481436876
5.0499999999999998	1005.3833332206646
5.0999999999999996	964.55117237956983
5.1500000000000004	925.03157098123836
5.2000000000000002	887.3203617069147
5.25	851.82433596272926
5.2999999999999998	818.8404619538419
5.3499999999999996	788.5382246404796
5.4000000000000004	760.94925483410179
5.4500000000000002	735.96654440532359
5.5	713.34645554903682
5.5499999999999998	693.98467296491776
5.5999999999999996	676.93962846917316
5.6500000000000004	662.23906286700299
5.7000000000000002	649.84323511887897
5.75	639.59453336420745
5.7999999999999998	631.21465967960023
5.8499999999999996	624.30608575752001
5.9000000000000004	618.35940811026387
5.9500000000000002	612.76684901916803
6	606.84041975783271
6.0499999999999998	601.09068705142533
6.0999999999999996	595.7585222342417
6.1500000000000004	589.70610221116124
6.2000000000000002	582.84540528561058
6.25	575.07731663042546
6.2999999999999998	566.28686466000477
6.3499999999999996	556.34043023894367
6.4000000000000004	545.08534324715674
6.4500000000000002	532.35306766387464
6.5	517.96338825524481
6.5499999999999998	504.76376632662169
6.5999999999999996	488.83930371015839
6.6500000000000004	471.22175825142273
6.7000000000000002	452.28694943382561
6.75	432.39278748588418
6.7999999999999998	411.86698750180983
6.8499999999999996	390.9962112529771
6.9000000000000004	370.01827133585135
6.9500000000000002	349.11952904528687
7	328.43247686595419
7.0499999999999998	309.36084243412523
7.0999999999999996	290.07847245887132
7.1500000000000004	270.72429367458051
7.2000000000000002	251.6669668903078
7.25	233.07765090201701
7.2999999999999998	215.18546451599468
7.3499999999999996	198.14336186872896
7.4000000000000004	182.05263959982801
7.4500000000000002	166.96545008743283
7.5	152.88741762736035
7.5499999999999998	139.89363442648769
7.5999999999999996	127.77754025828382
7.6500000000000004	116.21088568712752
7.7000000000000002	105.24909342973288
7.75	94.937459779766243
7.7999999999999998	85.308783539474604
7.8499999999999996	76.381045839675679
7.9000000000000004	68.156345913840283
7.9500000000000002	60.621782186156508
8	53.750265246617303
8.0500000000000007	47.640023335571229
8.0999999999999996	41.876736360246532
8.1500000000000004	36.504901690876821
8.1999999999999993	31.532409954997792
8.25	26.968797030768169
8.3000000000000007	22.821358325568426
8.3499999999999996	19.09269316703508
8.4000000000000004	15.779108745655185
8.4499999999999993	12.86962644867787
8.5	10.346518319419689
8.5500000000000007	8.2155377796098801
8.5999999999999996	6.3182045533906077
8.6500000000000004	4.6862639433559243
8.6999999999999993	3.3137970626681836
8.75	2.1947952535667747
8.8000000000000007	1.3213009144038523
8.8499999999999996	0.68188070442014403
8.9000000000000004	0.26292947337283445
8.9499999999999993	0.04473173055772476
9	0.005834668908565618
9.0500000000000007	0.12742028449122678
9.0999999999999996	0.39844778153513327
9.1500000000000004	0.80910955093140413
9.1999999999999993	1.3501547772105291
9.25	2.0115278937318855
9.3000000000000007	2.7814572695942679
9.3499999999999996	3.6458545070907511
9.4000000000000004	4.5935484412072958
9.4499999999999993	5.5915649110787582
9.5	6.6274087078204502
9.5500000000000007	7.7929394829767036
9.5999999999999996	8.9713363732482811
9.6500000000000004	10.190622179435804
9.6999999999999993	11.44475006330455
9.75	12.72575299644841
9.8000000000000007	14.023372639594896
9.8499999999999996	15.324832335268932
9.9000000000000004	16.614867953667726
9.9499999999999993	17.876140771794248
10	19.08966328422639
10.050000000000001	20.354071840491233
10.1	21.59463716544753
10.15	22.805269758738273
10.199999999999999	23.98730742509925
10.25	25.139605623604997
10.300000000000001	26.258214167217947
10.35	27.336162931286093
10.4	28.363477155384743
10.449999999999999	29.327514525027347
10.5	30.21333208716544
10.550000000000001	31.084926603231832
10.6	31.998501701410884
10.65	32.85461570617916
10.699999999999999	33.657337078441358
10.75	34.407323631924967
10.800000000000001	35.101675141424025
10.85	35.733956474555882
10.9	36.294481317590403
10.949999999999999	36.770900964215755
11	37.148940790690453
11.050000000000001	37.78242209586201
11.1	38.150595366964133
11.15	38.434404750337549
11.199999999999999	38.643317578599735
11.25	38.784605669471709
11.300000000000001	38.863106431323388
11.35	38.881151769458384
11.4	38.838701587225152
11.449999999999999	38.733668539045553
11.5	38.562448949290058
11.550000000000001	38.518478491226368
11.6	38.414027500471946
11.65	38.271801985941131
11.699999999999999	38.10832550079428
11.75	37.936063513183221
11.800000000000001	37.762847976456143
11.85	37.5915722394288
11.9	37.420144239256643
11.949999999999999	37.241680769384637
12	37.04499154853788
12.050000000000001	37.070539984410701
12.1	37.003538528535223
12.15	36.927667105668498
12.199999999999999	36.847526497305452
12.25	36.763085581241789
12.300000000000001	36.669455228229609
12.35	36.55691759803242
12.4	36.411205495452151
12.449999999999999	36.214015111334938
12.5	35.943794786326073
12.550000000000001	35.658330357431723
12.6	35.386193980682997
12.65	35.038167769476566
12.699999999999999	34.620247500105854
12.75	34.136592774524303
12.800000000000001	33.589174706477955
12.85	32.977626749354052
12.9	32.299275138751149
12.949999999999999	31.549274689169064
13	30.721047015010797
13.050000000000001	29.994637734286247
13.1	29.136342374453037
13.15	28.200922797634437
13.199999999999999	27.207578014173411
13.25	26.173514778894265
13.300000000000001	25.113303853703915
13.35	24.038510645107184
13.4	22.957516172381439
13.449999999999999	21.875421686100673
13.5	20.79434657147246
13.550000000000001	19.877514711467104
13.6	18.848368309165821
13.65	17.808089795043642
13.699999999999999	16.771390556779082
13.75	15.750772381081024
13.800000000000001	14.756118669883376
13.85	13.794534285850933
13.9	12.870332204270261
13.949999999999999	11.985082469998794
14	11.137986070094136
14.050000000000001	10.392599798878098
14.1	9.6280227117936317
14.15	8.8791912489491125
14.199999999999999	8.1523037969891394
14.25	7.4528160410372024
14.300000000000001	6.784247179627676
14.35	6.1524026434959431
14.4	5.5565636016836066
14.449999999999999	4.9982146814966333
14.5	4.4768548702149831
14.550000000000001	4.0094335451145486
14.6	3.5538872877883247
14.65	3.1206851918690131
14.699999999999999	2.7128082636296815
14.75	2.332942733809924
14.800000000000001	1.9832127401803648
14.85	1.6650326915525886
14.9	1.3790339446330817
14.949999999999999	1.1250427866635515
15	0.90218998887714719
