# Integration parameters:
#	qmax	3.78909
#	Orientation Method	Adaptive (VEGAS) Monte Carlo
#	Orientation Iterations	10000000
#	Convergence	0.01
# 

0.16620599999999999	782.32338188973483
0.16885800000000001	781.73441971336024
0.171511	781.21177424904238
0.17416300000000001	780.66946230014082
0.176815	780.07975742430403
0.17946699999999999	779.52178225090279
0.182119	778.92205164749146
0.18477199999999999	778.35472805724805
0.18742400000000001	777.76532098825157
0.19007599999999999	777.13996973778978
0.19272800000000001	776.53444479635982
0.19538	775.87561145481425
0.19803200000000001	775.24322268227854
0.200685	774.58995318654524
0.20333699999999999	773.86783386218895
0.20598900000000001	773.23122641114128
0.20864099999999999	772.5467106227967
0.21129300000000001	771.84526409134151
0.213946	771.08966804838872
0.21659800000000001	770.4087414835617
0.21925	769.71658090149288
0.22190199999999999	768.944744155129
0.224554	768.24065387267945
0.22720599999999999	767.46371778859941
0.22985900000000001	766.73567365223573
0.232511	765.90286541389287
0.23516300000000001	765.12330771924007
0.237815	764.38814415761362
0.24046699999999999	763.56320564251246
0.24312	762.72858092227045
0.24577199999999999	761.91968674273051
0.24842400000000001	761.12095965626338
0.25107600000000002	760.29616585951646
0.25372800000000001	759.42618461152244
0.25638	758.49350197198487
0.25903300000000001	757.72539147102702
0.261685	756.77177836968644
0.26433699999999999	755.89520135661326
0.26698899999999998	755.0498606909332
0.26964100000000002	754.11581113214243
0.27229399999999998	753.24411171923316
0.27494600000000002	752.25393741184416
0.27759800000000001	751.34234821037228
0.28025	750.46374069299918
0.28290199999999999	749.42179064710729
0.28555399999999997	748.48765015882191
0.28820699999999999	747.52531151515018
0.29085899999999998	746.56487904390576
0.29351100000000002	745.57158404198594
0.29616300000000001	744.49924908277956
0.298815	743.61879630298631
0.30146800000000001	742.63264233964844
0.30412	741.64158226230973
0.30677199999999999	740.58512316038878
0.30942399999999998	739.6745267688874
0.31207600000000002	738.6870780116169
0.31472800000000001	737.79932511090703
0.31738100000000002	736.6927264279376
0.32003300000000001	735.79272528927766
0.322685	734.75290414938456
0.32533699999999999	733.81274832133965
0.32798899999999998	732.79514084950904
0.33064199999999999	731.69697818962322
0.33329399999999998	730.71432309371141
0.33594600000000002	729.68846334066222
0.33859800000000001	728.635966432533
0.34125	727.54292907135493
0.34390199999999999	726.45706448662315
0.346555	725.32707586815877
0.34920699999999999	724.36910379553274
0.35185899999999998	723.21503160145016
0.35451100000000002	722.15669507630344
0.35716300000000001	721.0514655128253
0.35981600000000002	719.94794808783206
0.36246800000000001	718.74127696618643
0.36512	717.69095505973405
0.36777199999999999	716.49137592709201
0.37042399999999998	715.37423398674412
0.37307600000000002	714.18930628616704
0.37572899999999998	713.0358632378551
0.37838100000000002	711.85267658552721
0.38103300000000001	710.66327555121813
0.383685	709.43820971057869
0.38633699999999999	708.18752859106792
0.38898899999999997	707.017996235336
0.39164199999999999	705.89659412941319
0.39429399999999998	704.67611384591169
0.39694600000000002	703.434965438674
0.39959800000000001	702.16283768256051
0.40225	700.94180983387355
0.40490300000000001	699.71579553556376
0.407555	698.46213214054967
0.41020699999999999	697.24620320978136
0.41285899999999998	695.94202176550129
0.41551100000000002	694.52746972010436
0.41816300000000001	693.34890682402113
0.42081600000000002	692.06775717184178
0.42346800000000001	690.69512978003513
0.42612	689.47346211991612
0.42877199999999999	688.13400866158713
0.43142399999999997	686.86096768713492
0.43407699999999999	685.48984518230793
0.43672899999999998	684.15359461008643
0.43938100000000002	682.82204472204046
0.44203300000000001	681.47638778203032
0.444685	680.1568911216624
0.44733699999999998	678.72750095673257
0.44999	677.33754193114896
0.45264199999999999	676.12370532894352
0.45529399999999998	674.71697628750155
0.45794600000000002	673.31570718271007
0.46059800000000001	671.99364945736545
0.46325100000000002	670.69808995411347
0.46590300000000001	669.30031674850989
0.468555	667.96764141916969
0.47120699999999999	666.58417859298777
0.47385899999999997	665.30809346236765
0.47651100000000002	664.00119483790616
0.47916399999999998	662.55967459038368
0.48181600000000002	661.21491065284761
0.48446800000000001	659.818787758707
0.48712	658.45665565791421
0.48977199999999999	657.05157213729979
0.492425	655.65331929167507
0.49507699999999999	654.1679313907207
0.49772899999999998	652.76113286779537
0.50038099999999996	651.45555620485254
0.50303299999999995	650.0657269536041
0.50568500000000005	648.5485151108594
0.50833799999999996	647.10210604443694
0.51099000000000006	645.70656629891971
0.51364200000000004	644.31340519136927
0.51629400000000003	642.85183898897469
0.51894600000000002	641.38947035747685
0.52159900000000003	639.85425445839485
0.52425100000000002	638.47037271913803
0.52690300000000001	636.99291062388033
0.529555	635.53462252412737
0.53220699999999999	634.00683925810495
0.53485899999999997	632.46871276803915
0.53751199999999999	630.95921339670372
0.54016399999999998	629.44019192778069
0.54281599999999997	627.94463170224549
0.54546799999999995	626.40944374792821
0.54812000000000005	625.01101751384465
0.55077299999999996	623.43401800861125
0.55342499999999994	621.93125971737174
0.55607700000000004	620.37227645679945
0.55872900000000003	618.8647650456503
0.56138100000000002	617.2965111590255
0.56403300000000001	615.75730781365928
0.56668600000000002	614.17780115085372
0.56933800000000001	612.65669482609235
0.57199	611.11103822950133
0.57464199999999999	609.5335006569743
0.57729399999999997	607.95389690152751
0.57994699999999999	606.37382349901759
0.58259899999999998	604.85208226663667
0.58525099999999997	603.23265990150287
0.58790299999999995	601.68766484085245
0.59055500000000005	600.11703939446591
0.59320700000000004	598.51964917054522
0.59585999999999995	596.86344238632682
0.59851200000000004	595.18802632288407
0.60116400000000003	593.55179416135934
0.60381600000000002	592.2199461724872
0.60646800000000001	590.62793776103479
0.60912100000000002	588.96973425146132
0.61177300000000001	587.40725286368547
0.614425	585.82527497972012
0.61707699999999999	584.31844462055142
0.61972899999999997	582.65009306724141
0.62238099999999996	581.0436138488368
0.62503399999999998	579.57735544303512
0.62768599999999997	577.8542745567471
0.63033799999999995	576.37918871562954
0.63299000000000005	574.61432461548873
0.63564200000000004	573.26286901740446
0.63829400000000003	571.5540015425081
0.64094700000000004	569.95396924790396
0.64359900000000003	568.42543475686364
0.64625100000000002	566.79345353486917
0.64890300000000001	565.1277380347467
0.651555	563.41392791758631
0.65420800000000001	561.94445748604414
0.65686	560.33968724884562
0.65951199999999999	558.67747876205271
0.66216399999999997	556.9573099968826
0.66481599999999996	555.36541755936651
0.66746799999999995	553.68520723820632
0.67012099999999997	552.08608313084676
0.67277299999999995	550.38526568433076
0.67542500000000005	548.88618224071627
0.67807700000000004	547.12400136994199
0.68072900000000003	545.54926351371296
0.68338200000000004	543.90681858131427
0.68603400000000003	542.13042882421757
0.68868600000000002	540.56220716230428
0.69133800000000001	538.95354240737447
0.69399	537.22696337056561
0.69664199999999998	535.58882626728894
0.699295	533.90037796520255
0.70194699999999999	532.30039992927891
0.70459899999999998	530.63373715758917
0.70725099999999996	528.90532734854287
0.70990299999999995	527.20440174876114
0.71255599999999997	525.54684164532614
0.71520799999999995	523.80501083603804
0.71786000000000005	522.15874681051434
0.72051200000000004	520.43946213459856
0.72316400000000003	518.85626684680676
0.72581600000000002	517.18972460002453
0.72846900000000003	515.45591645016952
0.73112100000000002	513.64425890144048
0.73377300000000001	512.13280121579385
0.736425	510.4414609956084
0.73907699999999998	508.6492455775595
0.74173	506.98285652653453
0.74438199999999999	505.29001657163104
0.74703399999999998	503.59568743163425
0.74968599999999996	501.96762357629211
0.75233799999999995	500.18204000531887
0.75499000000000005	498.50285046363217
0.75764299999999996	496.96279625799173
0.76029500000000005	495.33790975231398
0.76294700000000004	493.58206972558338
0.76559900000000003	491.90548882060739
0.76825100000000002	490.19936559616201
0.77090400000000003	488.52702739097015
0.77355600000000002	486.78483895298621
0.77620800000000001	485.26468446657771
0.77886	483.63832770282409
0.78151199999999998	481.7314164108447
0.78416399999999997	480.14076881359489
0.78681699999999999	478.4076398195989
0.78946899999999998	476.83887670388521
0.79212099999999996	475.18131313667283
0.79477299999999995	473.51295544061975
0.79742500000000005	471.873148052224
0.80007799999999996	470.21929704719577
0.80273000000000005	468.5239205123637
0.80538200000000004	466.77637444417104
0.80803400000000003	465.04659229284948
0.81068600000000002	463.47959695956632
0.81333800000000001	461.82939560376821
0.81599100000000002	460.08499139639775
0.81864300000000001	458.44422105678723
0.821295	456.73251561735799
0.82394699999999998	455.02983671621553
0.82659899999999997	453.3415442995265
0.82925199999999999	451.60136971387192
0.83190399999999998	449.9762986881596
0.83455599999999996	448.24197050658569
0.83720799999999995	446.65824513090541
0.83986000000000005	444.87698031468301
0.84251200000000004	443.32297245710402
0.84516500000000006	441.62490187266405
0.84781700000000004	439.87311426720726
0.85046900000000003	438.26966373092023
0.85312100000000002	436.43723133283032
0.85577300000000001	434.8416004505109
0.85842600000000002	433.20035486605656
0.86107800000000001	431.5306375499465
0.86373	429.76692567364751
0.86638199999999999	428.2303627346671
0.86903399999999997	426.4149981661684
0.87168599999999996	424.7538248565873
0.87433899999999998	423.06597970730513
0.87699099999999997	421.44051840464152
0.87964299999999995	419.74137391763549
0.88229500000000005	418.06891921503399
0.88494700000000004	416.33224598523049
0.88759900000000003	414.77893941065281
0.89025200000000004	413.04707741730931
0.89290400000000003	411.43620177013321
0.89555600000000002	409.58226717023211
0.89820800000000001	408.0561881683642
0.90085999999999999	406.36380655559935
0.90351300000000001	404.73388048222114
0.906165	402.96551922555727
0.90881699999999999	401.52962859745293
0.91146899999999997	399.9428274943653
0.91412099999999996	398.08071821838507
0.91677299999999995	396.54067518680375
0.91942599999999997	394.94213819386255
0.92207799999999995	393.32909986253622
0.92473000000000005	391.64847386268286
0.92738200000000004	390.07595894664985
0.93003400000000003	388.44095512554992
0.93268700000000004	386.74264726778682
0.93533900000000003	385.12461426412131
0.93799100000000002	383.58424918159784
0.94064300000000001	381.87481122197278
0.94329499999999999	380.23657499585948
0.94594699999999998	378.67424741510297
0.9486	377.05909008712183
0.95125199999999999	375.44431755980105
0.95390399999999997	373.79882081684758
0.95655599999999996	372.20527694025225
0.95920799999999995	370.54136469404779
0.96186099999999997	368.90897438456017
0.96451299999999995	367.43709544095361
0.96716500000000005	365.78194641334761
0.96981700000000004	364.18552833405494
0.97246900000000003	362.5329355324746
0.97512100000000002	360.8336244011133
0.97777400000000003	359.3610516454641
0.98042600000000002	357.75651724277202
0.98307800000000001	356.19361729234618
0.98573	354.42481060791891
0.98838199999999998	353.0292811862289
0.991035	351.37516462317541
0.99368699999999999	349.76648871303126
0.99633899999999997	348.14810343287195
0.99899099999999996	346.59940400350018
1.0016400000000001	344.91018376525824
1.0043	343.47799420635363
1.00695	341.92118408584508
1.0096000000000001	340.37848935511528
1.0122500000000001	338.72331012510062
1.0148999999999999	337.18686367857066
1.01756	335.6904117336112
1.0202100000000001	334.03023325360687
1.0228600000000001	332.48287264748478
1.0255099999999999	330.90170664485555
1.02817	329.47298320129067
1.0308200000000001	327.90654974695576
1.0334700000000001	326.27932423378383
1.0361199999999999	324.7933630445462
1.03877	323.26345110770114
1.0414300000000001	321.71322272497838
1.0440799999999999	320.18410164423142
1.0467299999999999	318.54933009873588
1.04938	317.096829099003
1.05203	315.60529116266872
1.0546899999999999	313.99373621367641
1.0573399999999999	312.54304109148273
1.05999	311.11135232356128
1.06264	309.5679015593235
1.0652999999999999	307.92225766769212
1.06795	306.45203610508855
1.0706	304.92981550078207
1.07325	303.44700679174707
1.0759000000000001	301.92240698069372
1.07856	300.40031788663947
1.08121	298.97808282747371
1.08386	297.54963198033323
1.0865100000000001	295.96491575526659
1.08917	294.56877007580431
1.09182	293.14230482281232
1.0944700000000001	291.66757820468848
1.0971200000000001	290.19621623344807
1.0997699999999999	288.66982891631369
1.10243	287.28176489648502
1.1050800000000001	285.75362765159986
1.1077300000000001	284.36945580452874
1.1103799999999999	283.00478877175311
1.11303	281.5497129140997
1.1156900000000001	280.06212115854299
1.1183399999999999	278.54560545035002
1.1209899999999999	277.25545536002232
1.12364	275.74154405115951
1.1263000000000001	274.28615963174707
1.1289499999999999	272.86065831724994
1.1315999999999999	271.48853566555249
1.13425	270.06406806931381
1.1369	268.63296387007887
1.1395599999999999	267.22419673607919
1.1422099999999999	265.8443704720284
1.14486	264.37755012628946
1.14751	263.00866490343373
1.1501699999999999	261.66876575503522
1.15282	260.16150417115074
1.15547	258.79342721309291
1.15812	257.5039494761096
1.1607700000000001	256.11957554437754
1.16343	254.72641522584621
1.16608	253.36858834670025
1.16873	252.0271779671705
1.1713800000000001	250.59278435645365
1.17404	249.3229406695171
1.17669	247.90325744841971
1.1793400000000001	246.57087722189021
1.1819900000000001	245.22471179531539
1.1846399999999999	243.89106635188827
1.1873	242.55082104105168
1.1899500000000001	241.29848626681959
1.1926000000000001	239.89114749683779
1.1952499999999999	238.5453648647985
1.1979	237.11939533845697
1.2005600000000001	235.90864843341259
1.2058599999999999	233.33179128791684
1.20851	232.06391962801871
1.2111700000000001	230.82313975631968
1.2138199999999999	229.5767622564648
1.2164699999999999	228.19022501271425
1.21912	226.96034768443857
1.22177	225.59254464515251
1.2244299999999999	224.35549749699877
1.2270799999999999	223.02852535527225
1.22973	221.78252711867836
1.23238	220.54095087026425
1.2350399999999999	219.24239477333109
1.23769	218.0744560841392
1.24034	216.74382148435097
1.24299	215.56805658403039
1.2456400000000001	214.25343707741649
1.2483	213.06692249374589
1.25095	211.84456319269469
1.2536	210.6335464306074
1.2562500000000001	209.36159453363473
1.2588999999999999	208.19896435870632
1.26156	206.94357231477821
1.2642100000000001	205.77590072966825
1.2668600000000001	204.54345341240884
1.2695099999999999	203.24008465715585
1.27217	202.10044960601283
1.2748200000000001	200.85736458110489
1.2774700000000001	199.73425166529935
1.2801199999999999	198.5233390657304
1.28277	197.3237806939093
1.2854300000000001	196.20890336038963
1.2880799999999999	194.96332922334955
1.2907299999999999	193.85192203834484
1.29338	192.67782890628575
1.2960400000000001	191.50134980501619
1.2986899999999999	190.36258241343185
1.3013399999999999	189.24427121461591
1.30399	188.02508119092877
1.30664	186.97305800623957
1.3092999999999999	185.79330907856729
1.3119499999999999	184.63531124260561
1.3146	183.53861140835016
1.31725	182.34463920415365
1.3199000000000001	181.28958514666095
1.32256	180.17554872077383
1.32521	179.05030109344688
1.32786	177.95985804238768
1.3305100000000001	176.86104219735924
1.33317	175.71144650380597
1.33582	174.58042996585661
1.33847	173.531241463973
1.3411200000000001	172.45551171478397
1.3437699999999999	171.45652233920941
1.34643	170.37698191386164
1.3490800000000001	169.18867972973069
1.3517300000000001	168.14297701376327
1.3543799999999999	167.16156197597948
1.35704	166.13896093215516
1.3596900000000001	165.03966383512267
1.3623400000000001	164.08433540424079
1.3649899999999999	162.98750268658461
1.36764	161.845551868044
1.3703000000000001	160.81675293522517
1.3729499999999999	159.76645798918105
1.3755999999999999	158.81419122397068
1.37825	157.75576814521921
1.3809100000000001	156.76022489577167
1.3835599999999999	155.74230295332941
1.3862099999999999	154.72777239094472
1.38886	153.75661209277115
1.39151	152.74327356649241
1.3941699999999999	151.72486275252805
1.39682	150.7274032308909
1.39947	149.76355313249204
1.40212	148.79113489135415
1.4047700000000001	147.82516887626605
1.40743	146.87362144219691
1.41008	145.88166655746505
1.41273	144.94513427733816
1.4153800000000001	143.98624198880407
1.41804	143.04470582399904
1.42069	142.05047341296159
1.42334	141.10629122310277
1.4259900000000001	140.18967489820031
1.4286399999999999	139.20095205842449
1.4313	138.31850107149637
1.4339500000000001	137.34686581700191
1.4366000000000001	136.52861540504119
1.4392499999999999	135.55733193010647
1.44191	134.66621798836485
1.4445600000000001	133.7644772632172
1.4472100000000001	132.8423932732918
1.4498599999999999	131.94217612790305
1.45251	131.0765552905759
1.4551700000000001	130.16125958964113
1.4578199999999999	129.29247974828871
1.4604699999999999	128.39972351822652
1.46312	127.55256188556211
1.46577	126.66889970721428
1.4684299999999999	125.83121332773857
1.4710799999999999	124.96043545012162
1.47373	124.0567252113178
1.47638	123.24252574566415
1.4790399999999999	122.41518708832096
1.48169	121.59776380420551
1.48434	120.69293996034878
1.48699	119.90032848777864
1.4896400000000001	119.04929908416892
1.4923	118.2439346333796
1.49495	117.42752449353864
1.4976	116.6243128882426
1.5002500000000001	115.74463527326412
1.50291	115.00187812995526
1.50556	114.18481633048336
1.5082100000000001	113.43020071683416
1.5108600000000001	112.61882216042019
1.5135099999999999	111.90143643597612
1.51617	111.111653841584
1.5188200000000001	110.26301170636665
1.5214700000000001	109.49064451175391
1.5241199999999999	108.74608068868946
1.52678	107.96949549186581
1.5294300000000001	107.1372566624166
1.5320800000000001	106.40438277989938
1.5347299999999999	105.63545775872936
1.53738	104.91878920541539
1.5400400000000001	104.19333960098687
1.5426899999999999	103.45472591198336
1.5453399999999999	102.6917610936032
1.54799	101.97010027738136
1.55064	101.27048469377161
1.5532999999999999	100.47489785663088
1.5559499999999999	99.749555077689394
1.5586	99.072103388151604
1.56125	98.343917727452094
1.5639099999999999	97.631846797310715
1.56656	96.946491997083001
1.56921	96.228467584381519
1.57186	95.561801194698234
1.5745100000000001	94.868160390985196
1.57717	94.156427239596894
1.57982	93.485716200986715
1.58247	92.809019370152981
1.5851200000000001	92.098415668159959
1.58778	91.404058752379399
1.59043	90.771869660911079
1.5930800000000001	90.166097933931994
1.5957300000000001	89.480559602295216
1.5983799999999999	88.823837399919057
1.60104	88.150331619691485
1.6036900000000001	87.554260262463288
1.6063400000000001	86.906100372308259
1.6089899999999999	86.287160640516134
1.61164	85.609427748899435
1.6143000000000001	84.96946264598941
1.6169500000000001	84.364502573724224
1.6195999999999999	83.789014154215067
1.62225	83.14797818740692
1.6249100000000001	82.522781433670531
1.6275599999999999	81.9338246621991
1.6302099999999999	81.324956575465848
1.63286	80.716860000451959
1.63551	80.131901408833045
1.6381699999999999	79.537419629812405
1.6408199999999999	78.934591594184866
1.64347	78.380311153655526
1.64612	77.816568339823107
1.6487799999999999	77.233374576033512
1.65143	76.665537753314752
1.65408	76.099499042459513
1.65673	75.549800648335122
1.6593800000000001	75.003866621219998
1.66204	74.42903174010462
1.66469	73.921882060183407
1.66734	73.4066277987815
1.6699900000000001	72.820195195749932
1.67265	72.280447297207019
1.6753	71.700207457372244
1.6779500000000001	71.191580285213149
1.6806000000000001	70.613829275252016
1.6832499999999999	70.153202915112004
1.68591	69.598455395199352
1.6885600000000001	69.089303460019522
1.6912100000000001	68.570878242942513
1.6938599999999999	68.05672989675989
1.69651	67.546836054188589
1.6991700000000001	67.048196626743092
1.7018200000000001	66.526026405157296
1.7044699999999999	66.014720844388364
1.70712	65.546532594909522
1.7097800000000001	65.045114380922101
1.7124299999999999	64.546793459745274
1.7150799999999999	64.06730474597083
1.71773	63.606699021164182
1.72038	63.146177056790087
1.7230399999999999	62.653228036469123
1.7256899999999999	62.17070638870738
1.72834	61.722636545074657
1.73099	61.237649146134054
1.7336499999999999	60.812484696733449
1.7363	60.351499176072529
1.73895	59.85690589423065
1.7416	59.438091665463119
1.7442500000000001	59.006602699698824
1.74691	58.530402342488593
1.74956	58.119119436712801
1.75221	57.692524733742879
1.7548600000000001	57.267475244926523
1.7575099999999999	56.839598053944862
1.76017	56.406092458848292
1.7628200000000001	55.981222122847733
1.7654700000000001	55.577526470188083
1.7681199999999999	55.17127418374605
1.77078	54.766625206443223
1.7734300000000001	54.33423847874635
1.7760800000000001	53.951496841169153
1.7787299999999999	53.539617788475944
1.78138	53.156912514942043
1.7840400000000001	52.770808236199699
1.7866899999999999	52.370511654574223
1.7893399999999999	51.997872956795902
1.79199	51.608929891295439
1.7946500000000001	51.196307441869493
1.7972999999999999	50.840814755897242
1.7999499999999999	50.474796165151822
1.8026	50.105338757804631
1.80525	49.759699842930139
1.8079099999999999	49.365394774207118
1.8105599999999999	49.009279574358175
1.81321	48.670888382671627
1.81586	48.323506675732311
1.8185100000000001	47.990478037272922
1.82117	47.645233860797312
1.82382	47.272541701895925
1.82647	46.910486007204092
1.8291200000000001	46.588642078207513
1.83178	46.225495707718736
1.83443	45.900267235559561
1.83708	45.568632479056973
1.8397300000000001	45.248831177394699
1.8423799999999999	44.923328826228271
1.84504	44.605809591350742
1.8476900000000001	44.269819461430899
1.8503400000000001	43.94202632950244
1.8529899999999999	43.601661726004302
1.85565	43.322517954935691
1.8583000000000001	42.997134601662289
1.8609500000000001	42.694943566617695
1.8635999999999999	42.396305648059609
1.86625	42.106414264835919
1.8689100000000001	41.783823202276643
1.8715599999999999	41.50909209160092
1.8742099999999999	41.202661176891027
1.87686	40.923053001550279
1.8795200000000001	40.619827851625388
1.8821699999999999	40.336138255347841
1.8848199999999999	40.06277809530576
1.88747	39.785596178205132
1.89012	39.507140242296785
1.8927799999999999	39.238298624610259
1.8954299999999999	38.966816671351033
1.89808	38.707643848345825
1.90073	38.433483644684472
1.9033800000000001	38.172456559892616
1.90604	37.901910708720919
1.90869	37.643622312151535
1.91134	37.396482911797989
1.9139900000000001	37.148183758763921
1.91665	36.900033772129973
1.9193	36.655618105593007
1.92195	36.403404863700295
1.9246000000000001	36.174796059172508
1.9272499999999999	35.919455303726394
1.92991	35.692752836668134
1.9325600000000001	35.453114231701953
1.9352100000000001	35.209825614608199
1.9378599999999999	34.977474263116463
1.94052	34.767115038102332
1.9431700000000001	34.537254167302038
1.9458200000000001	34.317116152190508
1.9484699999999999	34.095270837309997
1.95112	33.879069620501539
1.9537800000000001	33.671832433376977
1.9564299999999999	33.453187694178581
1.9590799999999999	33.247641728499346
1.96173	33.015615477524051
1.96438	32.828891576940578
1.9670399999999999	32.62186355663637
1.9696899999999999	32.435846576549373
1.97234	32.219445479874508
1.97499	32.017038851109277
1.9776499999999999	31.804992119892219
1.9802999999999999	31.604269646400969
1.98295	31.409788467421585
1.9856	31.217809881726787
1.9882500000000001	31.024112461360577
1.99091	30.848313293523209
1.99356	30.671960670699196
1.99621	30.487486471008637
1.9988600000000001	30.294552000857738
2.0015200000000002	30.117219830740503
2.0041699999999998	29.941954255256292
2.0068199999999998	29.765780289208227
2.0094699999999999	29.605792175782547
2.0121199999999999	29.430402793885619
2.01478	29.271631079505696
2.0174300000000001	29.096685121936797
2.0200800000000001	28.925966155916612
2.0227300000000001	28.766152111421377
2.0253899999999998	28.604665173509623
2.0280399999999998	28.455567325504742
2.0306899999999999	28.299287539030303
2.0333399999999999	28.12975947486505
2.03599	27.98893311562464
2.0386500000000001	27.83808217044983
2.0413000000000001	27.689634499450936
2.0439500000000002	27.537023765344198
2.0466000000000002	27.394394588352849
2.0492499999999998	27.261497880560164
2.0519099999999999	27.110708628220792
2.0545599999999999	26.982178687131697
2.05721	26.84120646058804
2.05986	26.699600852998167
2.0625200000000001	26.573858565395646
2.0651700000000002	26.44602625366522
2.0678200000000002	26.307924849176601
2.0704699999999998	26.184176975777632
2.0731199999999999	26.054846609722169
2.07578	25.929321860591152
2.07843	25.805338212063646
2.08108	25.679666410517139
2.0837300000000001	25.569516253810811
2.0863900000000002	25.448883051819145
2.0890399999999998	25.328909160084329
2.0916899999999998	25.213884779983442
2.0943399999999999	25.100999866637441
2.0969899999999999	24.993992889824376
2.09965	24.881313628974368
2.1023000000000001	24.776056577423077
2.1049500000000001	24.663898913316615
2.1076000000000001	24.555533803719971
2.1102500000000002	24.456347997874385
2.1129099999999998	24.356460151078799
2.1155599999999999	24.251690554662531
2.1182099999999999	24.153261616184409
2.12086	24.060847039323995
2.1235200000000001	23.953542627322481
2.1261700000000001	23.849017191183524
2.1288200000000002	23.754519500612879
2.1314700000000002	23.656917286877519
2.1341199999999998	23.569306572245928
2.1367799999999999	23.480139260859481
2.1394299999999999	23.387722614552697
2.14208	23.302021946776701
2.14473	23.218578117995911
2.1473900000000001	23.131512488076641
2.1500400000000002	23.047692804161503
2.1526900000000002	22.963273427395208
2.1553399999999998	22.883975665213015
2.1579899999999999	22.79893722585679
2.16065	22.720680224777265
2.1633	22.648115799929489
2.16595	22.570637791797349
2.1686000000000001	22.497701772912698
2.1712600000000002	22.420710130455145
2.1739099999999998	22.353650122860312
2.1765599999999998	22.280797236002478
2.1792099999999999	22.212042931994475
2.1818599999999999	22.136548546811763
2.18452	22.075687373864323
2.1871700000000001	22.009353950057065
2.1898200000000001	21.942219944367817
2.1924700000000001	21.880400856714918
2.1951200000000002	21.814520500938741
2.1977799999999998	21.75695409859534
2.2004299999999999	21.699336662471701
2.2030799999999999	21.638277058971049
2.20573	21.580363733200457
2.2083900000000001	21.520874928126474
2.2110400000000001	21.467688493180901
2.2136900000000002	21.409843075934155
2.2163400000000002	21.35889267756431
2.2189899999999998	21.305168211063961
2.2216499999999999	21.254126425638574
2.2242999999999999	21.203890908968916
2.22695	21.153762646029826
2.2296	21.104224650704936
2.2322600000000001	21.056943469514444
2.2349100000000002	21.010420227343687
2.2375600000000002	20.965491473235446
2.2402099999999998	20.919697435989484
2.2428599999999999	20.87552392458079
2.24552	20.830245694511344
2.24817	20.790091485198381
2.25082	20.751455698093039
2.2534700000000001	20.703856416841088
2.2561200000000001	20.668275658962202
2.2587799999999998	20.628252967623411
2.2614299999999998	20.591536209573938
2.2640799999999999	20.555520610832563
2.2667299999999999	20.519140820149079
2.26939	20.485853409009621
2.2720400000000001	20.452798159666852
2.2746900000000001	20.420901334993523
2.2773400000000001	20.38334371341816
2.2799900000000002	20.354636797358364
2.2826499999999998	20.324907464935055
2.2852999999999999	20.294522650337225
2.2879499999999999	20.264131673216532
2.2906	20.237006897953641
2.2932600000000001	20.208583983748319
2.2959100000000001	20.180212832909518
2.2985600000000002	20.154728160958083
2.3012100000000002	20.130875694654478
2.3038599999999998	20.107855368232755
2.3065199999999999	20.080624613285391
2.3091699999999999	20.059765240342429
2.31182	20.037945842749799
2.31447	20.01446682194069
2.3171200000000001	19.992620031878982
2.3197800000000002	19.97293751907349
2.3224300000000002	19.954455616631616
2.3250799999999998	19.935356111251412
2.3277299999999999	19.917149520739841
2.33039	19.898318999080423
2.33304	19.883024527431058
2.33569	19.866777314425821
2.3383400000000001	19.851452780769975
2.3409900000000001	19.83438186743534
2.3436499999999998	19.8205234375191
2.3462999999999998	19.806229506663826
2.3489499999999999	19.793185103403385
2.3515999999999999	19.778925413036827
2.35426	19.766059547172549
2.3569100000000001	19.754943201182986
2.3595600000000001	19.744412395378532
2.3622100000000001	19.733810930355006
2.3648600000000002	19.723016199094975
2.3675199999999998	19.713107791879082
2.3701699999999999	19.70405166731808
2.3728199999999999	19.696409373463496
2.37547	19.687124535542001
2.3781300000000001	19.680228533143222
2.3807800000000001	19.672336424831819
2.3834300000000002	19.664901256155449
2.3860800000000002	19.659214533971657
2.3887299999999998	19.652808149009488
2.3913899999999999	19.646593335735581
2.3940399999999999	19.642475236658324
2.39669	19.63776735176376
2.39934	19.63354712237933
2.4019900000000001	19.630343802821081
2.4046500000000002	19.626637649374857
2.4073000000000002	19.623327075766035
2.4099499999999998	19.61993601131735
2.4125999999999999	19.61810009195921
2.41526	19.616200648687691
2.41791	19.615102598217504
2.42056	19.614247568024943
2.4232100000000001	19.6131913032753
2.4258600000000001	19.616995319000392
2.4285199999999998	19.620071558853066
2.4311699999999998	1.#QNAN
2.4338199999999999	19.62422357428332
2.4364699999999999	19.626767974432497
2.43913	19.630630835672541
2.4417800000000001	19.63385765415218
2.4444300000000001	19.637612694439134
2.4470800000000001	19.641486460223028
2.4497300000000002	19.64589715202931
2.4523899999999998	19.65080238762058
2.4550399999999999	19.655892309077743
2.4576899999999999	19.661258318074104
2.46034	19.666750603650968
2.46299	19.673002289477672
2.4656500000000001	19.679196719140137
2.4683000000000002	19.685512926119166
2.4709500000000002	19.692237091642312
2.4735999999999998	19.699487098109167
2.4762599999999999	19.706807139621255
2.4789099999999999	19.713796278203461
2.48156	19.721423306862409
2.48421	19.729894575552667
2.4868600000000001	19.737459270668083
2.4895200000000002	19.745672849412937
2.4921700000000002	19.75392720230408
2.4948199999999998	19.763166821884461
2.4974699999999999	19.772132093934335
2.50013	19.780797760956549
2.50278	19.790018383978008
2.50543	19.79932587451809
2.5080800000000001	19.809265124991345
2.5107300000000001	19.819242586331491
2.5133899999999998	19.829499576747288
2.5160399999999998	19.839271748631329
2.5186899999999999	19.84960898503742
2.5213399999999999	19.860357961896604
2.524	19.87101144408679
2.5266500000000001	19.880992754137736
2.5293000000000001	19.89224932685222
2.5319500000000001	19.903245116469929
2.5346000000000002	19.914044510151435
2.5372599999999998	19.925376952893242
2.5399099999999999	19.936752106914643
2.5425599999999999	19.947649915798362
2.54521	19.96001099207426
2.54786	19.970883249378225
2.5505200000000001	19.982871485955688
2.5531700000000002	19.994152334425895
2.5558200000000002	20.006256699160438
2.5584699999999998	20.018708196335421
2.5611299999999999	20.030482500379129
2.5637799999999999	20.042719619844362
2.56643	20.055363067736071
2.56908	20.066844439576212
2.5717300000000001	20.079703714650854
2.5743900000000002	20.091289922536621
2.5770400000000002	20.116727904435997
2.5796899999999998	20.13285494640586
2.5823399999999999	20.147372765986987
2.585	20.163061613973561
2.58765	20.178108388608745
2.5903	20.193479104412049
2.5929500000000001	20.209565286644519
2.5956000000000001	20.22510146120463
2.5982599999999998	20.240238759857437
2.6009099999999998	20.256130902350296
2.6035599999999999	20.270175465636729
2.6062099999999999	20.285757383215536
2.60886	20.3013644924301
2.6115200000000001	20.316656011654779
2.6141700000000001	20.331835132186971
2.6168200000000001	20.347832100245522
2.6194700000000002	1.#QNAN
2.6221299999999998	20.379099742372123
2.6247799999999999	20.394037513147783
2.6274299999999999	20.409342457413761
2.63008	20.424711713131153
2.63273	20.440538991571024
2.6353900000000001	20.455247726851976
2.6380400000000002	20.471105245234103
2.6406900000000002	20.486272258625831
2.6433399999999998	20.502881011477918
2.6459999999999999	1.#QNAN
2.6486499999999999	1.#QNAN
2.6513	20.547459315956047
2.65395	20.56255207877479
2.6566000000000001	20.576894491668977
2.6592600000000002	20.593847311801408
2.6619100000000002	1.#QNAN
2.6645599999999998	20.62216184105235
2.6672099999999999	20.637124574668199
2.6698599999999999	20.650942516956299
2.67252	20.666045036255611
2.67517	20.680858733691689
2.6778200000000001	20.695193468280383
2.6804700000000001	20.709500511348992
2.6831299999999998	20.723963207389566
2.6857799999999998	20.738436913132567
2.6884299999999999	20.753681411896128
2.6910799999999999	1.#QNAN
2.69373	20.781928897642185
2.6963900000000001	20.796893084950703
2.6990400000000001	1.#QNAN
2.7016900000000001	20.82487172741056
2.7043400000000002	1.#QNAN
2.7069999999999999	20.850479672109127
2.7096499999999999	20.864462565498869
2.7122999999999999	20.879124153990603
2.71495	20.891628912361089
2.7176	20.905014689773544
2.7202600000000001	20.918082601257481
2.7229100000000002	20.931151604254993
2.7255600000000002	20.944044844903146
2.7282099999999998	20.952437136610929
2.7308699999999999	20.969207341936187
2.7335199999999999	20.985572875909408
2.73617	21.001640948628644
2.73882	21.016815328035904
2.7414700000000001	21.031657458804943
2.7441300000000002	21.047575385839178
2.7467800000000002	21.062295612009816
2.7494299999999998	21.078628800073378
2.7520799999999999	21.092452955167424
2.7547299999999999	21.108450306722581
2.75739	1.#QNAN
2.76004	21.136973360510154
2.7626900000000001	21.1516076241397
2.7653400000000001	21.165809740564146
2.7679999999999998	21.179804051509223
2.7706499999999998	21.19377878019273
2.7732999999999999	21.207338183912618
2.7759499999999999	21.22206669610496
2.7786	21.234746626190663
2.7812600000000001	21.248557697111856
2.7839100000000001	21.261527051216802
2.7865600000000001	21.275684199676164
2.7892100000000002	21.289025524773983
2.7918699999999999	21.30208409012732
2.7945199999999999	1.#QNAN
2.7971699999999999	21.326177513558221
2.79982	21.339430417371911
2.80247	21.351005602897825
2.8051300000000001	21.363483534556639
2.8077800000000002	21.375124306294861
2.8104300000000002	21.386727906761273
2.8130799999999998	21.398759550189641
2.8157299999999998	21.410099597463663
2.81839	21.422143705395442
2.82104	21.432797077121251
2.82369	21.444892242854305
2.8263400000000001	21.454404745555475
2.8290000000000002	21.46595950994363
2.8316499999999998	21.47660489002968
2.8342999999999998	21.487066413177615
2.8369499999999999	21.49844383877906
2.8395999999999999	1.#QNAN
2.84226	21.517385372666244
2.84491	21.52698349408568
2.8475600000000001	21.537264312532375
2.8502100000000001	21.546320318004664
2.8528699999999998	21.556371833007979
2.8555199999999998	21.56530464545871
2.8581699999999999	21.574333875149961
2.8608199999999999	21.583483003714289
2.86347	21.591710822343387
2.8661300000000001	21.600722486109881
2.8687800000000001	21.60970922280065
2.8714300000000001	21.617504559471008
2.8740800000000002	21.625788073540548
2.8767399999999999	21.633442869875328
2.8793899999999999	21.640996625610327
2.8820399999999999	21.645549274843081
2.88469	21.657016446128008
2.88734	21.666995744033688
2.8900000000000001	21.677133019270336
2.8926500000000002	21.68619077595396
2.8953000000000002	21.696489304132403
2.8979499999999998	21.70560485046164
2.9005999999999998	21.714802760515511
2.90326	21.723871615089827
2.90591	21.73313339019343
2.90856	21.741601199632179
2.9112100000000001	21.749565521576507
2.9138700000000002	21.757770112687702
2.9165199999999998	21.766097226087791
2.9191699999999998	21.773820522665151
2.9218199999999999	21.781715478574991
2.9244699999999999	21.789179477419349
2.92713	21.796511423321355
2.9297800000000001	21.804091392053657
2.9324300000000001	21.811053188683768
2.9350800000000001	21.817737790440631
2.9377399999999998	21.825181892618652
2.9403899999999998	21.831227625955229
2.9430399999999999	21.837357821403945
2.9456899999999999	21.84336452982464
2.94834	21.849371407780776
2.9510000000000001	21.855426327881489
2.9536500000000001	21.861115925362643
2.9563000000000001	21.866319067941319
2.9589500000000002	21.871650723599046
2.9615999999999998	21.876416789185335
2.9642599999999999	21.881349208143202
2.9669099999999999	21.885569462101767
2.96956	21.890554814849278
2.97221	21.89492221166952
2.9748700000000001	21.899166271631142
2.9775200000000002	21.903199597556963
2.9801700000000002	21.906980650205266
2.9828199999999998	21.91132297566833
2.9854699999999998	21.914572580777978
2.98813	21.917666556678512
2.99078	21.920616318021558
2.99343	21.924014375915039
2.9960800000000001	21.927129478937424
2.9987400000000002	21.929344642171809
3.0013899999999998	21.931974190867109
3.0040399999999998	21.934804506910112
3.0066899999999999	21.936709248085847
3.0093399999999999	21.938660040522116
3.012	21.940324517712181
3.0146500000000001	21.942012799279411
3.0173000000000001	21.943733651938409
3.0199500000000001	21.945073465006011
3.0226099999999998	21.946547448969088
3.0252599999999998	21.947734679479044
3.0279099999999999	21.948422456204892
3.0305599999999999	21.9491215510186
3.03321	21.940062657952392
3.0358700000000001	21.9433798957687
3.0385200000000001	21.94595512267626
3.0411700000000002	21.949014996434101
3.0438200000000002	1.#QNAN
3.0464699999999998	21.953052020833759
3.0491299999999999	21.955011400467097
3.0517799999999999	21.957067139911128
3.05443	21.958847544561834
3.05708	21.960046831546233
3.0597400000000001	21.961608230082497
3.0623900000000002	21.962699678874191
3.0650400000000002	21.963724087304776
3.0676899999999998	21.964356310801829
3.0703399999999998	21.965080224206442
3.073	21.965253297106891
3.07565	21.965660901546329
3.0783	21.966073365225
3.0809500000000001	21.965565295998168
3.0836100000000002	21.96543260981688
3.0862599999999998	21.964977076344731
3.0889099999999998	21.96432580621677
3.0915599999999999	21.963508964809069
3.0942099999999999	21.96278287899424
3.09687	21.961356682443324
3.0995200000000001	21.960099939337915
3.1021700000000001	21.959044122901776
3.1048200000000001	21.957050035603139
3.1074700000000002	21.955288305656602
3.1101299999999998	1.#QNAN
3.1127799999999999	21.951434989007531
3.1154299999999999	21.94907474814503
3.11808	21.946711317526141
3.1207400000000001	1.#QNAN
3.1233900000000001	21.941604510763341
3.1260400000000002	21.938802200292539
3.1286900000000002	21.935833053319008
3.1313399999999998	21.932902476831377
3.1339999999999999	21.929227483061069
3.1366499999999999	21.925884372994901
3.1393	21.922176801580832
3.14195	21.918564555507249
3.1446100000000001	21.914930110359158
3.1472600000000002	21.911057673682141
3.1499100000000002	21.906522763595092
3.1525599999999998	21.902385686275782
3.1552099999999998	21.898051578133717
3.15787	21.893446504430983
3.16052	21.888775772969947
3.16317	21.883894863177375
3.1658200000000001	21.878798888529499
3.1684700000000001	21.87410040381468
3.1711299999999998	21.86840489456964
3.1737799999999998	21.86338974365562
3.1764299999999999	21.85761548764232
3.1790799999999999	21.852397496735076
3.18174	21.846548954843833
3.1843900000000001	21.844596987598283
3.1870400000000001	21.840286057518384
3.1896900000000001	1.#QNAN
3.1923400000000002	21.832286506435608
3.1949999999999998	21.827659642547449
3.1976499999999999	21.823288919386307
3.2002999999999999	21.818610676032115
3.20295	21.81370414100153
3.2056100000000001	21.8089428136342
3.2082600000000001	21.803805891023728
3.2109100000000002	21.798314129883735
3.2135600000000002	21.793200843327096
3.2162099999999998	21.787298924136696
3.2188699999999999	21.781817137103317
3.2215199999999999	21.775993591428264
3.22417	21.770018627293208
3.22682	21.763818560371181
3.2294800000000001	21.757592935786398
3.2321300000000002	21.750875079327621
3.2347800000000002	21.744459735774676
3.2374299999999998	21.737786134690648
3.2400799999999998	21.731120430754572
3.24274	21.724374338459519
3.24539	21.71729619814213
3.24804	21.710209363472948
3.2506900000000001	21.702934741575739
3.2533400000000001	21.695246605190704
3.2559999999999998	21.687723270921488
3.2586499999999998	21.680007960645721
3.2612999999999999	21.671976036852833
3.2639499999999999	21.664332361569159
3.26661	21.656084758656089
3.2692600000000001	21.648136737283931
3.2719100000000001	21.639882934945909
3.2745600000000001	21.631275796707882
3.2772100000000002	21.622906646570101
3.2798699999999998	21.614208745009122
3.2825199999999999	21.605087838723691
3.2851699999999999	21.596916553305601
3.28782	21.587704214111575
3.2904800000000001	21.578181314139457
3.2931300000000001	21.568996435541919
3.2957800000000002	21.559726829500079
3.2984300000000002	21.550616905298863
3.3010799999999998	21.541327865770381
3.3037399999999999	21.531140749819905
3.3063899999999999	21.521858036521497
3.30904	21.511807544585004
3.31169	21.501742422976136
3.3143400000000001	21.492204677029651
3.3170000000000002	21.482129254684342
3.3196500000000002	21.471350980124686
3.3222999999999998	21.461283763782344
3.3249499999999999	21.451308624257603
3.32761	21.440923653433224
3.33026	21.430282360422176
3.33291	21.42022969520881
3.3355600000000001	21.414283176208155
3.3382100000000001	21.404422957052855
3.3408699999999998	21.395566938830338
3.3435199999999998	21.385734577743627
3.3461699999999999	21.37628555336542
3.3488199999999999	21.367173269618419
3.35148	21.35677317812808
3.3541300000000001	21.346976397338061
3.3567800000000001	21.337393548687544
3.3594300000000001	21.327282037683943
3.3620800000000002	21.316269419199955
3.3647399999999998	21.306896243177668
3.3673899999999999	21.296453739729255
3.3700399999999999	21.285795465630329
3.37269	21.275638340814787
3.3753500000000001	21.265107691926907
3.3780000000000001	21.254455960833656
3.3806500000000002	21.243176652097475
3.3833000000000002	21.23179796237941
3.3859499999999998	21.220550655620315
3.3886099999999999	1.#QNAN
3.3912599999999999	21.198015679471421
3.39391	1.#QNAN
3.39656	21.176477750764448
3.3992100000000001	21.165291926225542
3.4018700000000002	21.153568037187341
3.4045200000000002	21.141616061963955
3.4071699999999998	21.130317198279482
3.4098199999999999	21.118280461875976
3.41248	21.106544811237221
3.41513	21.094526009334789
3.41778	21.082295846212471
3.4204300000000001	21.06886968625324
3.4230800000000001	1.#QNAN
3.4257399999999998	1.#QNAN
3.4283899999999998	21.03391005310975
3.4310399999999999	21.020127366045703
3.4336899999999999	21.009037451834029
3.43635	20.994697177326241
3.4390000000000001	1.#QNAN
3.4416500000000001	20.971185635914264
3.4443000000000001	20.958004087332846
3.4469500000000002	20.944635177570007
3.4496099999999998	20.93241541139643
3.4522599999999999	20.919495434433969
3.4549099999999999	20.906549708308788
3.45756	20.893510761953944
3.46021	20.880234566695862
3.4628700000000001	20.867167056016541
3.4655200000000002	20.853653208956683
3.4681700000000002	20.841051382818598
3.4708199999999998	20.827411018528338
3.4734799999999999	20.813675623922009
3.4761299999999999	20.800166373829697
3.47878	20.786737275662212
3.48143	20.773492536895528
3.4840800000000001	20.760776928788388
3.4867400000000002	20.751080744023877
3.4893900000000002	20.737941412200389
3.4920399999999998	20.72529186539747
3.4946899999999999	20.712476689004596
3.49735	20.698381055556752
3.5	1.#QNAN
3.50265	20.674022234600656
3.5053000000000001	20.661340724715664
3.5079500000000001	20.648052932956304
3.5106099999999998	20.634786485331421
3.5132599999999998	20.621362196368871
3.5159099999999999	20.608743454460111
3.5185599999999999	20.594346243538148
3.52122	20.582524829607841
3.5238700000000001	20.569246267059075
3.5265200000000001	20.55518014365131
3.5291700000000001	20.541530081152224
3.5318200000000002	20.5284818246773
3.5344799999999998	20.514723367279789
3.5371299999999999	20.499950665412872
3.5397799999999999	20.486764374535237
3.54243	20.473172863501947
3.54508	20.459879963797611
3.5477400000000001	20.44610369811986
3.5503900000000002	20.432418982390207
3.5530400000000002	20.418497703100542
3.5556899999999998	20.40413503777414
3.5583499999999999	20.389519302402892
3.5609999999999999	20.3757759387587
3.56365	20.362011989291844
3.5663	20.34788843347544
3.5689500000000001	20.333758076510783
3.5716100000000002	20.318601116971752
3.5742600000000002	20.304871466058891
3.5769099999999998	20.290707753935617
3.5795599999999999	20.27665385440304
3.58222	20.262034874272889
3.58487	20.247649433477783
3.58752	20.23318603990176
3.5901700000000001	20.218874639608824
3.5928200000000001	20.204387812712888
3.5954799999999998	20.189297263229392
3.5981299999999998	20.175282290023929
3.6007799999999999	20.160159087635744
3.6034299999999999	20.145817800618069
3.60608	20.131304465671391
3.6087400000000001	20.116876087339801
3.6113900000000001	20.101885180263629
3.6140400000000001	20.087650915209199
3.6166900000000002	20.072458444513021
3.6193499999999998	20.058181298192149
3.6219999999999999	20.043124189699821
3.6246499999999999	20.028049875849227
3.6273	20.012951101871749
3.62995	19.998183493626708
3.6326100000000001	19.9836323534233
3.6352600000000002	19.969672405438345
3.6379100000000002	1.#QNAN
3.6405599999999998	19.934794968440741
3.6432199999999999	19.91964128474828
3.6458699999999999	19.90627163809895
3.64852	19.892408154169122
3.65117	19.8778319645495
3.6538200000000001	19.864406870335571
3.6564800000000002	19.850219250133726
3.6591300000000002	19.835858274765048
3.6617799999999998	19.82209120865463
3.6644299999999999	19.807556444254384
3.6670799999999999	1.#QNAN
3.66974	19.779436108287843
3.67239	19.764860340864651
3.6750400000000001	19.751009500494995
3.6776900000000001	19.736677213564757
3.6803499999999998	19.72246580948574
3.6829999999999998	19.707474165360836
3.6856499999999999	19.69372851416832
3.6882999999999999	19.678555923447394
3.69095	1.#QNAN
3.6936100000000001	19.650807750496099
3.6962600000000001	19.635723444942741
3.6989100000000001	19.622365809421776
3.7015600000000002	19.607662847442366
3.7042199999999998	19.593108909407235
3.7068699999999999	19.579172846897741
3.7095199999999999	19.563934067555358
3.71217	19.549362794965255
3.71482	19.534951199875817
3.7174800000000001	19.520935014913356
3.7201300000000002	19.505667480018595
3.7227800000000002	19.491300517593267
3.7254299999999998	19.477594893757715
3.7280899999999999	19.462583478991498
3.7307399999999999	19.448386136625345
3.73339	19.433582115258936
3.73604	19.417174970899001
3.7386900000000001	1.#QNAN
3.7413500000000002	19.389700010857343
3.7440000000000002	19.375398462788631
3.7466499999999998	19.361079752426857
3.7492999999999999	19.347170962966715
3.7519499999999999	19.332292136353718
3.75461	19.317461381668625
3.75726	19.303346945562009
3.7599100000000001	19.288588578407666
3.7625600000000001	19.274354935880346
3.7652199999999998	19.25962952995086
3.7678699999999998	19.245456053404315
3.7705199999999999	19.230173719229001
3.7731699999999999	19.21631410325088
3.77582	19.201656149246801
3.7784800000000001	19.187697271397589
3.7811300000000001	19.173171034168348
3.7837800000000001	19.158531446111976
3.7864300000000002	19.144346391832691
3.7890899999999998	19.130838742229816
