# Integration parameters:
#	qmax	5
#	Orientation Method	Adaptive Gauss Kronrod
#	Orientation Iterations	12
#	Convergence	0.0001
# 
# Program revision: 4, 0, 7, 0
# //////////////////////////////////////
# Multiple-Domain Composite Model
# Scale: 1
# Constant: 0
## //////////////////////////////////////
## Domain Model
## qMax = 5
## Grid size = 100
### //////////////////////////////////////
### Scripted symmetry
### Position (0,0,0)
### Rotation (0,0,0)
### Information = {
### 	Name = "Simple Grid in XY", -- This is the name that will be displayed in the Domain View
### 	Type = "Symmetry", --This is the type , should be "Symmetry" for scripted symmetries
### 	NLP = 2, --Number of Layer Parameters: The number of parameters per layer
### 	MinLayers = 2, --The minimal number of layers (<= MaxLayers)
### 	MaxLayers = 2, --The maximal number of layers (>= MinLayers)
### };
### 
### function Populate(p, nlayers)	 
### -- This is really just a sanity check , but doesn't hurt to add it.
### 	if (p == nil or nlayers ~= 2 or table.getn(p[1]) ~= 2) then				
### 		error("Parameter matrix must be 2x2, it is " .. nlayers .. "x" .. table.getn(p[1]));
### 	end
### 	
### 	--Create meaningful names
### 
### 		DistanceX		 = p[1][1];
### 		DistanceY		 = p[2][1];
### 		RepetitionsX 	 = p[1][2];
### 		RepetitionsY	 = p[2][2];
### 	
### 	
### 	res = {};
### 	n =	1;
### 	
### 	for y = 1, RepetitionsY	 do
### 		for x = 1, RepetitionsX	 do
### 			res[n] = {DistanceX*(x-RepetitionsX/2-0.5),DistanceY*(y-RepetitionsY/2-0.5),0,0,0,0};
### 			
### 			n = n+1
### 		end
### 	end
### 	
### 	return res;
### 
### end
### 	
### 	
### 
### -----------------------------------------------------
### -- UI
### 
### -- Optional display parameters
### function GetLayerName(index)
### 	if index == 0 then
### 		return "X";
### 	elseif index == 1 then
### 		return "Y";
### 	
### 	else	
### 		return "N/A";
### 	end
### end
### 
### 
### function GetLayerParameterName(index)
### 	if index == 0 then
### 		return "distance";
### 		elseif index == 1 then
### 		return "Repetitions";
### 	else
### 		return "N/A"
### 	end
### end
### 	
### function IsParamApplicable(layer, layerParam)
### 	return true;
### end
### 
### 
### function GetDefaultValue(layer, layerParam)
### 	if layer == 0 then
### 		if layerParam == 0 then
### 			return 1;
### 		elseif layerParam == 1 then
### 			return 10;
### 		end
### 	elseif layer == 1 then
### 		if layerParam == 0 then
### 			return 1;
### 		elseif layerParam == 1 then
### 			return 10;
### 		end
### 	
### 	end
### end
### 	
### 	
### 
### 
### 	
### Parameters:
### 	N/A	N/A
### N/A	10	2
### N/A	10	1
### Coordinates:
### 	-5	0	0	0	0	0
### 	5	0	0	0	0	0
### Used grid: 1
#### //////////////////////////////////////
#### Geometric model	Symmetric Uniform Slabs
#### Position (0,0,0)
#### Rotation (0,0,0)
#### Grid was used.
#### N^3; N = 100
#### qMax = 5
#### Grid step size = 0.1
#### Parameters:	Radius	E.D.
#### Solvent:	0	333
#### Layer 1:	1	280
#### Layer 2:	1	400
#### Scale	1
#### Background	0
#### X Domain Size	10
#### Y Domain Size	10

0	31360000
0.016666666666666666	31309208.306059729
0.033333333333333333	30910353.103189256
0.050000000000000003	30188414.467596777
0.066666666666666666	29173684.837153178
0.083333333333333329	27900707.258129444
0.10000000000000001	26407395.747563377
0.11666666666666667	24893593.846750375
0.13333333333333333	23187922.872995887
0.14999999999999999	21362177.155688643
0.16666666666666666	19475685.629356265
0.18333333333333332	17584935.909573182
0.20000000000000001	15736457.922612889
0.21666666666666667	14007084.311470462
0.23333333333333334	12325440.33975742
0.25	10731163.348048916
0.26666666666666666	9253913.3125826456
0.28333333333333333	7913486.4269641256
0.29999999999999999	6720096.0032970831
0.31666666666666665	5668387.0012384309
0.33333333333333331	4738524.7925621653
0.34999999999999998	3929032.2867295779
0.36666666666666664	3235316.291899005
0.38333333333333336	2649348.601469487
0.40000000000000002	2160516.0941668442
0.41666666666666669	1751847.3247381181
0.43333333333333335	1414214.1063630297
0.45000000000000001	1139218.3705877606
0.46666666666666667	919795.53195801238
0.48333333333333334	750003.38389016304
0.5	624588.79772523162
0.51666666666666672	540085.20399860456
0.53333333333333333	490050.25048289762
0.55000000000000004	473089.06028823729
0.56666666666666665	488386.93772887689
0.58333333333333337	535088.02127159247
0.59999999999999998	611808.79200149281
0.6166666666666667	719777.60117418179
0.6333333333333333	853251.70026864845
0.65000000000000002	1010648.7815301628
0.66666666666666663	1189800.1456729623
0.68333333333333335	1387871.258754571
0.69999999999999996	1601235.2089186683
0.71666666666666667	1834807.129519766
0.73333333333333328	2079349.6649493824
0.75	2332071.503125912
0.76666666666666672	2590235.8344679703
0.78333333333333333	2851115.6319566416
0.80000000000000004	3112052.1413062322
0.81666666666666665	3384651.324303465
0.83333333333333337	3656074.0343665122
0.84999999999999998	3925722.2116327249
0.8666666666666667	4192701.3512737229
0.8833333333333333	4456524.0400077971
0.90000000000000002	4716242.6596626407
0.91666666666666663	4987803.6661170116
0.93333333333333335	5255340.0148032065
0.94999999999999996	5518938.3942396753
0.96666666666666667	5778542.5592639167
0.98333333333333328	6032962.6834712746
1	6281042.3752045995
1.0166666666666666	6540384.0690533221
1.0333333333333334	6793196.6530893547
1.05	7039033.0049543306
1.0666666666666667	7277146.2659636587
1.0833333333333333	7506777.5450338917
1.1000000000000001	7726208.8288496621
1.1166666666666667	7955209.1018029731
1.1333333333333333	8174536.5936440574
1.1499999999999999	8383858.9806470471
1.1666666666666667	8582905.8935075495
1.1833333333333333	8771104.1530789863
1.2	8947675.3463321943
1.2166666666666666	9134165.1908974592
1.2333333333333334	9309181.4590955339
1.25	9472869.0169603676
1.2666666666666666	9625071.1194383688
1.2833333333333334	9765210.7312601414
1.3	9892413.5199213959
1.3166666666666667	10029121.71108778
1.3333333333333333	10152641.500604551
1.3500000000000001	10263081.566237364
1.3666666666666667	10360108.188775549
1.3833333333333333	10444056.13063563
1.3999999999999999	10513436.557797533
1.4166666666666667	10591462.208105626
1.4333333333333333	10655021.976235524
1.45	10704875.112099288
1.4666666666666666	10741175.364356689
1.4833333333333334	10764030.836906267
1.5	10773250.385055955
1.5166666666666666	10791419.167058108
1.5333333333333334	10795890.348519431
1.55	10787750.781132139
1.5666666666666667	10767270.666525362
1.5833333333333333	10734831.421504488
1.6000000000000001	10690053.847278956
1.6166666666666667	10653910.998364711
1.6333333333333333	10605786.844416153
1.6499999999999999	10545813.064572452
1.6666666666666667	10475083.589390321
1.6833333333333333	10393632.090147078
1.7	10301500.291904056
1.7166666666666666	10218325.130233716
1.7333333333333334	10123975.272135088
1.75	10019808.042600812
1.7666666666666666	9905592.9877018407
1.7833333333333334	9783058.1663579233
1.8	9651817.6710813195
1.8166666666666667	9529688.4110995885
1.8333333333333333	9398762.6368552689
1.8500000000000001	9259329.1489921566
1.8666666666666667	9112701.5201448798
1.8833333333333333	8958850.36478021
1.8999999999999999	8798507.6146456823
1.9166666666666667	8647073.0868203584
1.9333333333333333	8488403.2765959147
1.95	8323404.5630894015
1.9666666666666666	8153321.2383702304
1.9833333333333334	7977985.6138586253
2	7797881.837190669
2.0166666666666666	7626212.8108930783
2.0333333333333332	7449772.9901625756
2.0499999999999998	7268844.222503515
2.0666666666666669	7084504.2135414435
2.0833333333333335	6897275.1286593536
2.1000000000000001	6707492.2818007125
2.1166666666666667	6526435.4929891601
2.1333333333333333	6342326.1285606967
2.1499999999999999	6156110.556172139
2.1666666666666665	5968686.310840141
2.1833333333333331	5780648.0823368002
2.2000000000000002	5592076.3946490763
2.2166666666666668	5411801.3043427393
2.2333333333333334	5230850.7904493203
2.25	5049480.9205310484
2.2666666666666666	4869031.6307787821
2.2833333333333332	4689022.0412306152
2.2999999999999998	4510337.7625346091
2.3166666666666669	4339772.0393019328
2.3333333333333335	4169787.6039064415
2.3500000000000001	4001125.4304893198
2.3666666666666667	3834326.7848405936
2.3833333333333333	3669756.2230255911
2.3999999999999999	3507525.813211421
2.4166666666666665	3353005.3037589737
2.4333333333333331	3200350.9622255303
2.4500000000000002	3049953.154640323
2.4666666666666668	2902552.3731377949
2.4833333333333334	2758264.3956942395
2.5	2617154.7675013281
2.5166666666666666	2483147.6618726947
2.5333333333333332	2351727.6641548206
2.5499999999999998	2223433.2195229321
2.5666666666666669	2098593.9308103803
2.5833333333333335	1977328.0669974431
2.6000000000000001	1859619.494264832
2.6166666666666667	1748505.7999189156
2.6333333333333333	1640200.9255225239
2.6499999999999999	1535384.4008330959
2.6666666666666665	1434159.0651365984
2.6833333333333331	1336897.1398908349
2.7000000000000002	1243436.01625408
2.7166666666666668	1155771.4735583193
2.7333333333333334	1071469.8612911841
2.75	990743.29604065721
2.7666666666666666	913864.9789652708
2.7833333333333332	840888.25618928252
2.7999999999999998	771658.47505981708
2.8166666666666669	708343.26069211925
2.8333333333333335	646831.11222749751
2.8500000000000001	589540.71526811353
2.8666666666666667	535843.29811113421
2.8833333333333333	485793.15260640654
2.8999999999999999	439059.30761413329
2.9166666666666665	396745.54335485335
2.9333333333333331	357374.60214512638
2.9500000000000002	321065.89843685186
2.9666666666666668	287855.65610378498
2.9833333333333334	257660.38664494705
3	230254.00680371656
3.0166666666666666	206606.90405272908
3.0333333333333332	185341.7207898669
3.0499999999999998	166560.91675211414
3.0666666666666669	150248.77006705789
3.0833333333333335	136280.84008552248
3.1000000000000001	124449.18984370083
3.1166666666666667	115619.59632265897
3.1333333333333333	108551.00676973633
3.1499999999999999	103269.35346481328
3.1666666666666665	99718.226226009996
3.1833333333333331	97781.685672926018
3.2000000000000002	97237.104551456578
3.2166666666666668	99044.090139427164
3.2333333333333334	101930.1536371621
3.25	105923.89262839821
3.2666666666666666	110994.45765133822
3.2833333333333332	117034.16496835524
3.2999999999999998	123874.09982889288
3.3166666666666669	132565.11274466375
3.3333333333333335	141800.77638014796
3.3500000000000001	151639.24606082033
3.3666666666666667	162039.79122091021
3.3833333333333333	172912.77359070876
3.3999999999999999	184105.82343392281
3.4166666666666665	196769.4473256577
3.4333333333333331	209499.78024351975
3.4500000000000002	222372.91315257311
3.4666666666666668	235345.11019478791
3.4833333333333334	248324.89460714199
3.5	261162.79504188264
3.5166666666666666	275078.94678243028
3.5333333333333332	288652.93134187121
3.5499999999999998	301942.8845886928
3.5666666666666669	314916.67410386715
3.5833333333333335	327505.31849432766
3.6000000000000001	339588.58168633969
3.6166666666666667	352471.44467965717
3.6333333333333333	364698.74911997613
3.6499999999999999	376327.29645495978
3.6666666666666665	387345.40988106345
3.6833333333333331	397699.3053144163
3.7000000000000002	407293.20767781761
3.7166666666666668	417477.49556516024
3.7333333333333334	426789.15626566473
3.75	435276.05824002769
3.7666666666666666	442958.37441914814
3.7833333333333332	449801.07953514304
3.7999999999999998	455741.55798720545
3.8166666666666669	462095.25314319722
3.8333333333333335	467485.73316289019
3.8500000000000001	471928.09003224428
3.8666666666666667	475519.2667207109
3.8833333333333333	478253.3654156368
3.8999999999999999	480104.23531751696
3.9166666666666665	482337.18558339361
3.9333333333333331	483620.01422731864
3.9500000000000002	484083.63161364041
3.9666666666666668	483792.01110249839
3.9833333333333334	482771.74976243166
4	481002.83222255931
4.0166666666666666	479628.87667007529
4.0333333333333332	477480.17535248189
4.0499999999999998	474654.2038487416
4.0666666666666664	471220.59900883766
4.083333333333333	467173.36006278661
4.0999999999999996	462526.92493708868
4.1166666666666663	458257.97455607948
4.1333333333333337	453346.51692181855
4.1500000000000004	447885.72130860499
4.166666666666667	441926.77595989389
4.1833333333333336	435508.31386135321
4.2000000000000002	428626.87782349909
4.2166666666666668	422117.77380587283
4.2333333333333334	415112.35608775332
4.25	407694.28520883521
4.2666666666666666	399934.14992089092
4.2833333333333332	391855.28863329353
4.2999999999999998	383454.14220538631
4.3166666666666664	375436.39568421687
4.333333333333333	367062.42592519632
4.3499999999999996	358411.1501807677
4.3666666666666663	349539.45918243547
4.3833333333333337	340469.40998338751
4.4000000000000004	331193.55916549376
4.416666666666667	322288.00251359609
4.4333333333333336	313131.44549038442
4.4500000000000002	303830.24898500502
4.4666666666666668	294420.76224054315
4.4833333333333334	284950.08200819988
4.5	275403.25338889455
4.5166666666666666	266252.48275012011
4.5333333333333332	257015.50814370479
4.5499999999999998	247780.90969408621
4.5666666666666664	238607.21365126441
4.583333333333333	229513.18368619381
4.5999999999999996	220520.42878025249
4.6166666666666663	211946.4161380048
4.6333333333333337	203438.22468120593
4.6500000000000004	195294.54386314683
4.666666666666667	186870.15155712076
4.6833333333333336	178847.75023616265
4.7000000000000002	170997.89475755621
4.7166666666666668	163565.87398704741
4.7333333333333334	156260.01712134189
4.75	149133.85249144587
4.7666666666666666	142213.80718316237
4.7833333333333332	135508.93100566065
4.7999999999999998	128976.75106728768
4.8166666666666664	122813.3616667686
4.833333333333333	116800.79403214897
4.8499999999999996	110984.23308523512
4.8666666666666663	105371.63387397936
4.8833333333333337	99971.027625415198
4.9000000000000004	94754.632132587314
4.916666666666667	89860.71500934643
4.9333333333333336	85116.701592132507
4.9500000000000002	80549.358953870556
4.9666666666666668	76161.766659509187
4.9833333333333334	71946.671247064311
5	67876.387053528
