# Integration parameters:
#	qmax	2.8
#	Orientation Method	Adaptive Gauss Kronrod
#	Orientation Iterations	12
#	Convergence	0.01
# 
# Program revision: 4, 0, 7, 0
# //////////////////////////////////////
# Multiple-Domain Composite Model
# Scale: 3e-009
# Constant: 0
## //////////////////////////////////////
## Domain Model
## qMax = 2.8
## Grid size = 20
### //////////////////////////////////////
### Manual symmetry
### Position (0,0,0)
### Rotation (0,0,0)
### Instance 0 translation: (0,0,0)
### Instance 0 rotation: (0,0,0)
### Scale: 1
### Used grid: 1
#### //////////////////////////////////////
#### PDB file: C:\Program Files\D+\Example Files\Examples\CPU\Fast_CPU\9_Calcium_loaded_Calbindin-D28K\6fie.pdb
#### The atoms were centered to the center of mass
#### Position (0,0,0)
#### Rotation (0,0,0)
#### N^3; N = 20
#### qMax = 2.8
#### Grid step size = 0.28
#### Solvent ED amplitude subtracted: 334
#### c1: 1
#### Solvent probe radius: 0.14
#### Solvation thickness: 0.28
#### Solvent ED step size: 0.2
#### Outer Solvent ED: 0
#### Solvent radius type: Dummy atoms
#### Fill holes: false
#### 14 of 4085 atoms are treated as having implicit hydrogen atoms (3 amino acids).
#### Scale: 1
### //////////////////////////////////////
### Manual symmetry
### Position (0,0,0)
### Rotation (0,0,0)
### Instance 0 translation: (0,0,0)
### Instance 0 rotation: (0,0,0)
### Scale: 30
### Used grid: 1
#### //////////////////////////////////////
#### PDB file: C:\Program Files\D+\Example Files\Examples\CPU\Fast_CPU\9_Calcium_loaded_Calbindin-D28K\6fie.pdb
#### The atoms were centered to the center of mass
#### Position (0,0,0)
#### Rotation (0,0,0)
#### N^3; N = 20
#### qMax = 2.8
#### Grid step size = 0.28
#### The amplitude calculated corresponds to the solvent (and outer solvent) only, not the atoms.
#### Solvent ED amplitude subtracted: 0
#### c1: 1
#### Solvent probe radius: 0.14
#### Solvation thickness: 0.28
#### Solvent ED step size: 0.2
#### Outer Solvent ED: 1
#### Solvent radius type: Dummy atoms
#### Fill holes: true
#### 14 of 4085 atoms are treated as having implicit hydrogen atoms (3 amino acids).
#### Scale: 1

0.10100000000000001	0.080166330938300709
0.10299999999999999	0.080117010594884117
0.105	0.080066571756538696
0.108	0.07998882329279372
0.11	0.07993560220165509
0.112	0.07988127386862065
0.114	0.079825841564638858
0.11600000000000001	0.079769308585217941
0.11899999999999999	0.079682452618652741
0.121	0.079623182528490599
0.123	0.079562823488713685
0.125	0.079501378903755818
0.127	0.079438852201905344
0.13	0.079343040737698448
0.13200000000000001	0.079277823897781624
0.13400000000000001	0.079211537126011602
0.13600000000000001	0.079144183956461764
0.13800000000000001	0.079075767946369613
0.14099999999999999	0.078971158943341058
0.14299999999999999	0.078900101545703358
0.14499999999999999	0.078827993938485608
0.14699999999999999	0.078754839781636304
0.14899999999999999	0.078680642757592165
0.152	0.078567399955880107
0.154	0.078490612020995887
0.156	0.078412794282793963
0.158	0.078333950523414422
0.16	0.078254084546824698
0.16300000000000001	0.078132377299244285
0.16500000000000001	0.078049972564159062
0.16700000000000001	0.077966559095931448
0.16900000000000001	0.077882140795290988
0.17100000000000001	0.07779672158414816
0.17399999999999999	0.077666724691232911
0.17599999999999999	0.077578820500148818
0.17799999999999999	0.07748992929038083
0.17999999999999999	0.07740005507772682
0.182	0.077309201898534019
0.185	0.077171095447259336
0.187	0.077077812644575416
0.189	0.076983565162765874
0.191	0.076888357129256818
0.193	0.076792192691407218
0.19600000000000001	0.076646161897596335
0.19800000000000001	0.07654762472340379
0.20000000000000001	0.076448145816006452
0.20200000000000001	0.076347729411100018
0.20499999999999999	0.076195356309040466
0.20699999999999999	0.076092614818123183
0.20899999999999999	0.075988950806155461
0.21099999999999999	0.075884368594975576
0.21299999999999999	0.075778872525271129
0.216	0.075618924477335966
0.218	0.075511162874574655
0.22	0.075402502752612358
0.222	0.075292948535657961
0.224	0.07518250466619443
0.22700000000000001	0.075015180526168929
0.22900000000000001	0.074902532080291878
0.23100000000000001	0.074789009673022711
0.23300000000000001	0.074674617827810763
0.23499999999999999	0.074559361085819065
0.23799999999999999	0.074384864268484813
0.23999999999999999	0.074267465267475061
0.24199999999999999	0.074149217401808548
0.24399999999999999	0.074030125291126042
0.246	0.073910193572236577
0.249	0.073728731913519432
0.251	0.073606721571937983
0.253	0.073483887984775051
0.255	0.073360235864895096
0.25700000000000001	0.073235769941799964
0.26000000000000001	0.07304755556260048
0.26200000000000001	0.072921075931364585
0.26400000000000001	0.072793799179822039
0.26600000000000001	0.072665730111174526
0.26800000000000002	0.072536873544744848
0.27100000000000002	0.072342122718450905
0.27300000000000002	0.072211318597066906
0.27500000000000002	0.072079743971156976
0.27700000000000002	0.071947403731454432
0.27900000000000003	0.071814302784312334
0.28199999999999997	0.071631194195484874
0.28399999999999997	0.071513946074849136
0.28599999999999998	0.07139573263927089
0.28799999999999998	0.071276562314599085
0.28999999999999998	0.071156443533689898
0.29299999999999998	0.070974505469386814
0.29499999999999998	0.070852052482250724
0.29699999999999999	0.070728680600490867
0.29899999999999999	0.070604398281179773
0.30099999999999999	0.070479213985167946
0.30399999999999999	0.070289764850688621
0.30599999999999999	0.070162362648761037
0.308	0.070034088104594064
0.31	0.069904949688978299
0.312	0.069774955873366462
0.315	0.069578379806388785
0.317	0.069446284552746373
0.31900000000000001	0.069313363546438009
0.32100000000000001	0.069179625255090707
0.32400000000000001	0.068977503925665443
0.32600000000000001	0.068841759450919249
0.32800000000000001	0.068705227305906794
0.33000000000000002	0.068567915943546151
0.33200000000000002	0.068429833812043206
0.33500000000000002	0.068221283890102624
0.33700000000000002	0.06808131176106727
0.33900000000000002	0.06794059838707367
0.34100000000000003	0.067799152188781228
0.34300000000000003	0.067656981579341038
0.34599999999999997	0.06744238577822706
0.34799999999999998	0.067298440894713332
0.34999999999999998	0.067153800979823167
0.35199999999999998	0.067008474406834148
0.35399999999999998	0.066862469538833055
0.35699999999999998	0.066642208701570352
0.35899999999999999	0.066494544613384776
0.36099999999999999	0.066346231413905374
0.36299999999999999	0.066197277414528924
0.36499999999999999	0.066047690913892218
0.36799999999999999	0.065822143343709658
0.37	0.065671011808625307
0.372	0.065519276710489627
0.374	0.065366946284943522
0.376	0.065214028752412084
0.379	0.064983569571577526
0.38100000000000001	0.064829220132180496
0.38300000000000001	0.064674312231225467
0.38500000000000001	0.064518854015346364
0.38700000000000001	0.064362853613618973
0.39000000000000001	0.064127854150587499
0.39200000000000002	0.063970533729999002
0.39400000000000002	0.06381269943111964
0.39600000000000002	0.063654359298949068
0.39800000000000002	0.063495521358700166
0.40100000000000002	0.063256348563575829
0.40300000000000002	0.063096301080049905
0.40500000000000003	0.062935783715228732
0.40699999999999997	0.062774804400474699
0.40899999999999997	0.062613371045247973
0.41199999999999998	0.062370386933558737
0.41399999999999998	0.062207852933955553
0.41599999999999998	0.062044892399168002
0.41799999999999998	0.061881513135542
0.41999999999999998	0.061717722925519455
0.42299999999999999	0.061471284050305892
0.42499999999999999	0.061306500362440633
0.42699999999999999	0.061141332773435822
0.42899999999999999	0.060975788953865809
0.432	0.060726784508027105
0.434	0.060560333500729494
0.436	0.060393532904596918
0.438	0.060226390271554152
0.44	0.060058913126272803
0.443	0.059807086590204082
0.44500000000000001	0.059638805903089398
0.44700000000000001	0.059470216820963998
0.44900000000000001	0.059301326742024818
0.45100000000000001	0.05913214303553356
0.45400000000000001	0.058877832972393997
0.45600000000000002	0.05870794724501404
0.45800000000000002	0.058537793450425729
0.46000000000000002	0.058367378824101673
0.46200000000000002	0.058196710571010307
0.46500000000000002	0.057940248326246273
0.46700000000000003	0.057768977325337215
0.46899999999999997	0.057597477670922832
0.47099999999999997	0.057425756427378592
0.47299999999999998	0.057253820627120609
0.47599999999999998	0.056995529936973273
0.47799999999999998	0.056823088299750857
0.47999999999999998	0.056650456463981043
0.48199999999999998	0.056477641315193498
0.48399999999999999	0.056304649705616806
0.48699999999999999	0.056044846333943361
0.48899999999999999	0.055871443330273496
0.49099999999999999	0.055697887583055342
0.49299999999999999	0.055524185791848119
0.495	0.055350344621681549
0.498	0.055089336025089745
0.5	0.054915175338534843
0.502	0.054740898325690082
0.504	0.054566511493643562
0.50600000000000001	0.054392021313838981
0.50900000000000001	0.054130106335135153
0.51100000000000001	0.05395538586287589
0.51300000000000001	0.053780584409494778
0.51500000000000001	0.053605708283732019
0.51700000000000002	0.053430763757681979
0.52000000000000002	0.053168232347632328
0.52200000000000002	0.05299314401926538
0.52400000000000002	0.052818008951936092
0.52600000000000002	0.052642833250784081
0.52800000000000002	0.052467622983415098
0.53100000000000003	0.052204755950820664
0.53300000000000003	0.052029485566031652
0.53500000000000003	0.05185420155394533
0.53700000000000003	0.051678909811472037
0.54000000000000004	0.051415970508471361
0.54200000000000004	0.051240684987298411
0.54400000000000004	0.051065412072410686
0.54600000000000004	0.050890157487342179
0.54800000000000004	0.050714926916769092
0.55100000000000005	0.050452138427389347
0.55300000000000005	0.050276992507510852
0.55500000000000005	0.05010189019090993
0.55700000000000005	0.049926836986073989
0.55900000000000005	0.049751838362064399
0.56200000000000006	0.049498270700383512
0.56399999999999995	0.049331975516505318
0.56599999999999995	0.049165483632234643
0.56799999999999995	0.048998802981341523
0.56999999999999995	0.048831941463321871
0.57299999999999995	0.048581327255367367
0.57499999999999996	0.048414047902030001
0.57699999999999996	0.048246615055314218
0.57899999999999996	0.04807903645658132
0.58099999999999996	0.047911319811205881
0.58399999999999996	0.047659502771822959
0.58599999999999997	0.047491474481996337
0.58799999999999997	0.047323334826646302
0.58999999999999997	0.047155091345548447
0.59199999999999997	0.046986751540886683
0.59499999999999997	0.046734077544970901
0.59699999999999998	0.046565529504240623
0.59899999999999998	0.046396911097543139
0.60099999999999998	0.046228229654484088
0.60299999999999998	0.046059492465580401
0.60599999999999998	0.045806298009872681
0.60799999999999998	0.045637453093507932
0.60999999999999999	0.045468577636554361
0.61199999999999999	0.045299678750456304
0.61399999999999999	0.045130763506180303
0.61699999999999999	0.04487737533565641
0.61899999999999999	0.044708449863612193
0.621	0.044539532459561451
0.623	0.044370630009388942
0.625	0.044201749357219954
0.628	0.043948484118381349
0.63	0.043779687628235087
0.63200000000000001	0.043610936558511157
0.63400000000000001	0.043442237562729073
0.63600000000000001	0.043273597251475213
0.63900000000000001	0.043020761172541437
0.64100000000000001	0.042852296210363898
0.64300000000000002	0.042683912728787451
0.64500000000000002	0.042515617142753648
0.64800000000000002	0.042263352492206432
0.65000000000000002	0.04209530442120777
0.65200000000000002	0.041927366350368353
0.65400000000000003	0.041759544495222803
0.65600000000000003	0.041591845026514931
0.65900000000000003	0.041340538685849262
0.66100000000000003	0.041173171884809762
0.66300000000000003	0.041005948712716081
0.66500000000000004	0.040838875136748061
0.66700000000000004	0.04067195707842481
0.67000000000000004	0.04042188442708259
0.67200000000000004	0.040255380768555525
0.67400000000000004	0.040089052991327423
0.67600000000000005	0.039922906809681503
0.67800000000000005	0.039756947891478087
0.68100000000000005	0.039508372916985349
0.68300000000000005	0.03934290664849082
0.68500000000000005	0.039177647113568713
0.68700000000000006	0.039012599769656563
0.68899999999999995	0.038847770027114641
0.69199999999999995	0.038600914607956907
0.69399999999999995	0.03843657165398405
0.69599999999999995	0.038272548397602441
0.69799999999999995	0.038108639956263082
0.69999999999999996	0.037945107838238498
0.70299999999999996	0.037700282820621059
0.70499999999999996	0.03753738893172047
0.70699999999999996	0.037374759091525322
0.70899999999999996	0.037212398232177257
0.71099999999999997	0.037050174035482351
0.71399999999999997	0.036807573287183606
0.71599999999999997	0.036646195696138043
0.71799999999999997	0.036485108604928443
0.71999999999999997	0.036324316679454953
0.72199999999999998	0.036163824537283548
0.72499999999999998	0.035923658399565191
0.72699999999999998	0.035763935599877963
0.72899999999999998	0.035604528363672248
0.73099999999999998	0.035445441090459988
0.73299999999999998	0.035286678131195563
0.73599999999999999	0.035049048562237534
0.73799999999999999	0.034891118381298068
0.73999999999999999	0.034733527266510446
0.74199999999999999	0.034576279348911519
0.74399999999999999	0.034419378710889098
0.747	0.034184687713537491
0.749	0.034028672815567249
0.751	0.033873019102314071
0.753	0.033717730437178343
0.755	0.03356281063490292
0.75800000000000001	0.033331130774387603
0.76000000000000001	0.033177149499547691
0.76200000000000001	0.03302355005616632
0.76400000000000001	0.032870336040202369
0.76700000000000002	0.032641245439331654
0.76900000000000002	0.032489010405638959
0.77100000000000002	0.032337173003023162
0.77300000000000002	0.032185736609185132
0.77500000000000002	0.032034704553428051
0.77800000000000002	0.031808921767564842
0.78000000000000003	0.031658914805521091
0.78200000000000003	0.031509323453675769
0.78400000000000003	0.031360150824156448
0.78600000000000003	0.031211368132657787
0.78900000000000003	0.030989041472539489
0.79100000000000004	0.030841359512984855
0.79300000000000004	0.030694109589809993
0.79500000000000004	0.030547294550952626
0.79700000000000004	0.03040091719666797
0.80000000000000004	0.030182177832258905
0.80200000000000005	0.030036906628378036
0.80400000000000005	0.029892082535715049
0.80600000000000005	0.029747708141050509
0.80800000000000005	0.029603785983990959
0.81100000000000005	0.029388756133490509
0.81299999999999994	0.029245975372590955
0.81499999999999995	0.02910365536795766
0.81699999999999995	0.028961798448252415
0.81899999999999995	0.028820406895578847
0.82199999999999995	0.028609197007613132
0.82399999999999995	0.028468978552308583
0.82599999999999996	0.028329233086568407
0.82799999999999996	0.028189962684564307
0.82999999999999996	0.028051169374633103
0.83299999999999996	0.027843878281950795
0.83499999999999996	0.027706286276683811
0.83699999999999997	0.027569178103815428
0.83899999999999997	0.027432555587246468
0.84099999999999997	0.027297340374451948
0.84399999999999997	0.027096578226327661
0.84599999999999997	0.026963155368844256
0.84799999999999998	0.026830070857894558
0.84999999999999998	0.026697327641160295
0.85199999999999998	0.026564928629813113
0.85499999999999998	0.026366981776187497
0.85699999999999998	0.026235455774941869
0.85899999999999999	0.026104283880445337
0.86099999999999999	0.025973468839397822
0.86299999999999999	0.025843013361923087
0.86599999999999999	0.025648010165780302
0.86799999999999999	0.025518465213956041
0.87	0.025389289011682688
0.872	0.025260482981104164
0.875	0.025067975531816496
0.877	0.024940108556328132
0.879	0.02481262146645859
0.88100000000000001	0.024685516643700417
0.88300000000000001	0.024558796433003228
0.88600000000000001	0.024369442304261753
0.88800000000000001	0.024243693643204056
0.89000000000000001	0.024118337513997369
0.89200000000000002	0.023993376097369085
0.89400000000000002	0.02386881153761411
0.89700000000000002	0.023682713405679168
0.89900000000000002	0.023559150130556976
0.90100000000000002	0.023435990930840096
0.90300000000000002	0.023313237787238848
0.90500000000000003	0.023190892644204084
0.90800000000000003	0.023008144095071979
0.91000000000000003	0.022886827222823609
0.91200000000000003	0.022765924871746768
0.91400000000000003	0.022645438823627403
0.91600000000000004	0.022525370824227765
0.91900000000000004	0.022346056396815184
0.92100000000000004	0.022227040920971938
0.92300000000000004	0.022108449321064011
0.92500000000000004	0.021990283181390447
0.92700000000000005	0.021872544050524977
0.93000000000000005	0.021696739295494677
0.93200000000000005	0.02158007422776783
0.93400000000000005	0.021463841308419239
0.93600000000000005	0.021348041926043209
0.93799999999999994	0.021232677433869789
0.94099999999999995	0.021060448988097401
0.94299999999999995	0.020946177410392619
0.94499999999999995	0.020832345181765646
0.94699999999999995	0.020718953497232913
0.94899999999999995	0.020606003516870336
0.95199999999999996	0.020437409193552351
0.95399999999999996	0.020325568320411574
0.95599999999999996	0.020214172937778139
0.95799999999999996	0.020103224049562211
0.95999999999999996	0.019992722625219801
0.96299999999999997	0.01982781151962278
0.96499999999999997	0.019718432771093537
0.96699999999999997	0.019609504609600439
0.96899999999999997	0.019501027850763651
0.97099999999999997	0.019393003276298275
0.97399999999999998	0.019231815887149183
0.97599999999999998	0.019124924972081354
0.97799999999999998	0.019018488711942928
0.97999999999999998	0.018912507737225061
0.98299999999999998	0.018754391232607429
0.98499999999999999	0.018649551011643326
0.98699999999999999	0.01854516802141342
0.98899999999999999	0.018441242743531691
0.99099999999999999	0.018337775626865956
0.99399999999999999	0.018183434905804589
0.996	0.018081114942233328
0.998	0.017979254454896128
1	0.017877853746908347
1	0.017877853746908347
1	0.017877853746908347
1.01	0.017377755272643351
1.01	0.017377755272643351
1.01	0.017377755272643351
1.01	0.017377755272643351
1.02	0.0168891372232686
1.02	0.0168891372232686
1.02	0.0168891372232686
1.02	0.0168891372232686
1.02	0.0168891372232686
1.03	0.016412078120207597
1.03	0.016412078120207597
1.03	0.016412078120207597
1.03	0.016412078120207597
1.04	0.015946526737143377
1.04	0.015946526737143377
1.04	0.015946526737143377
1.04	0.015946526737143377
1.04	0.015946526737143377
1.05	0.01549244821142455
1.05	0.01549244821142455
1.05	0.01549244821142455
1.05	0.01549244821142455
1.0600000000000001	0.015049789763003007
1.0600000000000001	0.015049789763003007
1.0600000000000001	0.015049789763003007
1.0600000000000001	0.015049789763003007
1.0600000000000001	0.015049789763003007
1.0700000000000001	0.014618481276802929
1.0700000000000001	0.014618481276802929
1.0700000000000001	0.014618481276802929
1.0700000000000001	0.014618481276802929
1.0800000000000001	0.014198435917470229
1.0800000000000001	0.014198435917470229
1.0800000000000001	0.014198435917470229
1.0800000000000001	0.014198435917470229
1.0800000000000001	0.014198435917470229
1.0900000000000001	0.013789550776502884
1.0900000000000001	0.013789550776502884
1.0900000000000001	0.013789550776502884
1.0900000000000001	0.013789550776502884
1.0900000000000001	0.013789550776502884
1.1000000000000001	0.013391707551761754
1.1000000000000001	0.013391707551761754
1.1000000000000001	0.013391707551761754
1.1000000000000001	0.013391707551761754
1.1100000000000001	0.013004773259362097
1.1100000000000001	0.013004773259362097
1.1100000000000001	0.013004773259362097
1.1100000000000001	0.013004773259362097
1.1100000000000001	0.013004773259362097
1.1200000000000001	0.012628600977945822
1.1200000000000001	0.012628600977945822
1.1200000000000001	0.012628600977945822
1.1200000000000001	0.012628600977945822
1.1299999999999999	0.012259745502413882
1.1299999999999999	0.012259745502413882
1.1299999999999999	0.012259745502413882
1.1299999999999999	0.012259745502413882
1.1299999999999999	0.012259745502413882
1.1399999999999999	0.011900352441370181
1.1399999999999999	0.011900352441370181
1.1399999999999999	0.011900352441370181
1.1399999999999999	0.011900352441370181
1.1499999999999999	0.011550304179456296
1.1499999999999999	0.011550304179456296
1.1499999999999999	0.011550304179456296
1.1499999999999999	0.011550304179456296
1.1499999999999999	0.011550304179456296
1.1599999999999999	0.011209478484243481
1.1599999999999999	0.011209478484243481
1.1599999999999999	0.011209478484243481
1.1599999999999999	0.011209478484243481
1.1699999999999999	0.010877748618580143
1.1699999999999999	0.010877748618580143
1.1699999999999999	0.010877748618580143
1.1699999999999999	0.010877748618580143
1.1699999999999999	0.010877748618580143
1.1799999999999999	0.010554983460985668
1.1799999999999999	0.010554983460985668
1.1799999999999999	0.010554983460985668
1.1799999999999999	0.010554983460985668
1.1899999999999999	0.01024104763409041
1.1899999999999999	0.01024104763409041
1.1899999999999999	0.01024104763409041
1.1899999999999999	0.01024104763409041
1.1899999999999999	0.01024104763409041
1.2	0.0099358016411220107
1.2	0.0099358016411220107
1.2	0.0099358016411220107
1.2	0.0099358016411220107
1.21	0.0096391020104378711
1.21	0.0096391020104378711
1.21	0.0096391020104378711
1.21	0.0096391020104378711
1.21	0.0096391020104378711
1.22	0.0093508014481039244
1.22	0.0093508014481039244
1.22	0.0093508014481039244
1.22	0.0093508014481039244
1.22	0.0093508014481039244
1.23	0.0090707489985195726
1.23	0.0090707489985195726
1.23	0.0090707489985195726
1.23	0.0090707489985195726
1.24	0.0087987902130889362
1.24	0.0087987902130889362
1.24	0.0087987902130889362
1.24	0.0087987902130889362
1.24	0.0087987902130889362
1.25	0.008534767326938298
1.25	0.008534767326938298
1.25	0.008534767326938298
1.25	0.008534767326938298
1.26	0.008278481218714313
1.26	0.008278481218714313
1.26	0.008278481218714313
1.26	0.008278481218714313
1.26	0.008278481218714313
1.27	0.0080298427113095396
1.27	0.0080298427113095396
1.27	0.0080298427113095396
1.27	0.0080298427113095396
1.28	0.0077886487646535111
1.28	0.0077886487646535111
1.28	0.0077886487646535111
1.28	0.0077886487646535111
1.28	0.0077886487646535111
1.29	0.0075547302767632694
1.29	0.0075547302767632694
1.29	0.0075547302767632694
1.29	0.0075547302767632694
1.3	0.0073279158338143361
1.3	0.0073279158338143361
1.3	0.0073279158338143361
1.3	0.0073279158338143361
1.3	0.0073279158338143361
1.3100000000000001	0.0071080319351496581
1.3100000000000001	0.0071080319351496581
1.3100000000000001	0.0071080319351496581
1.3100000000000001	0.0071080319351496581
1.3200000000000001	0.0068949032263350644
1.3200000000000001	0.0068949032263350644
1.3200000000000001	0.0068949032263350644
1.3200000000000001	0.0068949032263350644
1.3200000000000001	0.0068949032263350644
1.3300000000000001	0.006688352740261274
1.3300000000000001	0.006688352740261274
1.3300000000000001	0.006688352740261274
1.3300000000000001	0.006688352740261274
1.3400000000000001	0.0064882021462923552
1.3400000000000001	0.0064882021462923552
1.3400000000000001	0.0064882021462923552
1.3400000000000001	0.0064882021462923552
1.3400000000000001	0.0064882021462923552
1.3500000000000001	0.0062942720074607413
1.3500000000000001	0.0062942720074607413
1.3500000000000001	0.0062942720074607413
1.3500000000000001	0.0062942720074607413
1.3500000000000001	0.0062942720074607413
1.3600000000000001	0.0061063820457087671
1.3600000000000001	0.0061063820457087671
1.3600000000000001	0.0061063820457087671
1.3600000000000001	0.0061063820457087671
1.3700000000000001	0.005924351415176699
1.3700000000000001	0.005924351415176699
1.3700000000000001	0.005924351415176699
1.3700000000000001	0.005924351415176699
1.3700000000000001	0.005924351415176699
1.3799999999999999	0.0057479989835373044
1.3799999999999999	0.0057479989835373044
1.3799999999999999	0.0057479989835373044
1.3799999999999999	0.0057479989835373044
1.3899999999999999	0.0055771436213768706
1.3899999999999999	0.0055771436213768706
1.3899999999999999	0.0055771436213768706
1.3899999999999999	0.0055771436213768706
1.3899999999999999	0.0055771436213768706
1.3999999999999999	0.0054116104571080353
1.3999999999999999	0.0054116104571080353
1.3999999999999999	0.0054116104571080353
1.3999999999999999	0.0054116104571080353
1.4099999999999999	0.0052500896159520449
1.4099999999999999	0.0052500896159520449
1.4099999999999999	0.0052500896159520449
1.4099999999999999	0.0052500896159520449
1.4099999999999999	0.0052500896159520449
1.4199999999999999	0.0050934814291126894
1.4199999999999999	0.0050934814291126894
1.4199999999999999	0.0050934814291126894
1.4199999999999999	0.0050934814291126894
1.4299999999999999	0.0049416079919621892
1.4299999999999999	0.0049416079919621892
1.4299999999999999	0.0049416079919621892
1.4299999999999999	0.0049416079919621892
1.4299999999999999	0.0049416079919621892
1.4399999999999999	0.0047943193608503843
1.4399999999999999	0.0047943193608503843
1.4399999999999999	0.0047943193608503843
1.4399999999999999	0.0047943193608503843
1.45	0.0046514642257261957
1.45	0.0046514642257261957
1.45	0.0046514642257261957
1.45	0.0046514642257261957
1.45	0.0046514642257261957
1.46	0.0045128972580184877
1.46	0.0045128972580184877
1.46	0.0045128972580184877
1.46	0.0045128972580184877
1.47	0.0043784788273134607
1.47	0.0043784788273134607
1.47	0.0043784788273134607
1.47	0.0043784788273134607
1.47	0.0043784788273134607
1.48	0.0042480747272035007
1.48	0.0042480747272035007
1.48	0.0042480747272035007
1.48	0.0042480747272035007
1.49	0.0041215559103074187
1.49	0.0041215559103074187
1.49	0.0041215559103074187
1.49	0.0041215559103074187
1.49	0.0041215559103074187
1.5	0.0039987978129513713
1.5	0.0039987978129513713
1.5	0.0039987978129513713
1.5	0.0039987978129513713
1.5	0.0039987978129513713
1.51	0.0038796811191948201
1.51	0.0038796811191948201
1.51	0.0038796811191948201
1.51	0.0038796811191948201
1.52	0.0037640910561360002
1.52	0.0037640910561360002
1.52	0.0037640910561360002
1.52	0.0037640910561360002
1.52	0.0037640910561360002
1.53	0.003651916745049927
1.53	0.003651916745049927
1.53	0.003651916745049927
1.53	0.003651916745049927
1.54	0.0035430512789811808
1.54	0.0035430512789811808
1.54	0.0035430512789811808
1.54	0.0035430512789811808
1.54	0.0035430512789811808
1.55	0.0034373915127870504
1.55	0.0034373915127870504
1.55	0.0034373915127870504
1.55	0.0034373915127870504
1.5600000000000001	0.0033348378623521461
1.5600000000000001	0.0033348378623521461
1.5600000000000001	0.0033348378623521461
1.5600000000000001	0.0033348378623521461
1.5600000000000001	0.0033348378623521461
1.5700000000000001	0.003235294112974422
1.5700000000000001	0.003235294112974422
1.5700000000000001	0.003235294112974422
1.5700000000000001	0.003235294112974422
1.5800000000000001	0.0031386672369226949
1.5800000000000001	0.0031386672369226949
1.5800000000000001	0.0031386672369226949
1.5800000000000001	0.0031386672369226949
1.5800000000000001	0.0031386672369226949
1.5900000000000001	0.0030448534107733638
1.5900000000000001	0.0030448534107733638
1.5900000000000001	0.0030448534107733638
1.5900000000000001	0.0030448534107733638
1.6000000000000001	0.0029537690940709999
1.6000000000000001	0.0029537690940709999
1.6000000000000001	0.0029537690940709999
1.6000000000000001	0.0029537690940709999
1.6000000000000001	0.0029537690940709999
1.6100000000000001	0.0028653587307882087
1.6100000000000001	0.0028653587307882087
1.6100000000000001	0.0028653587307882087
1.6100000000000001	0.0028653587307882087
1.6200000000000001	0.0027795281919711702
1.6200000000000001	0.0027795281919711702
1.6200000000000001	0.0027795281919711702
1.6200000000000001	0.0027795281919711702
1.6200000000000001	0.0027795281919711702
1.6299999999999999	0.002696186924404815
1.6299999999999999	0.002696186924404815
1.6299999999999999	0.002696186924404815
1.6299999999999999	0.002696186924404815
1.6299999999999999	0.002696186924404815
1.6399999999999999	0.0026152584093162281
1.6399999999999999	0.0026152584093162281
1.6399999999999999	0.0026152584093162281
1.6399999999999999	0.0026152584093162281
1.6499999999999999	0.002536674454558276
1.6499999999999999	0.002536674454558276
1.6499999999999999	0.002536674454558276
1.6499999999999999	0.002536674454558276
1.6499999999999999	0.002536674454558276
1.6599999999999999	0.0024603651014615049
1.6599999999999999	0.0024603651014615049
1.6599999999999999	0.0024603651014615049
1.6599999999999999	0.0024603651014615049
1.6699999999999999	0.0023862502374079075
1.6699999999999999	0.0023862502374079075
1.6699999999999999	0.0023862502374079075
1.6699999999999999	0.0023862502374079075
1.6699999999999999	0.0023862502374079075
1.6799999999999999	0.0023142572958580899
1.6799999999999999	0.0023142572958580899
1.6799999999999999	0.0023142572958580899
1.6799999999999999	0.0023142572958580899
1.6899999999999999	0.0022457191466351838
1.6899999999999999	0.0022457191466351838
1.6899999999999999	0.0022457191466351838
1.6899999999999999	0.0022457191466351838
1.6899999999999999	0.0022457191466351838
1.7	0.0021790129387501958
1.7	0.0021790129387501958
1.7	0.0021790129387501958
1.7	0.0021790129387501958
1.71	0.0021140840389253703
1.71	0.0021140840389253703
1.71	0.0021140840389253703
1.71	0.0021140840389253703
1.71	0.0021140840389253703
1.72	0.0020508828725072968
1.72	0.0020508828725072968
1.72	0.0020508828725072968
1.72	0.0020508828725072968
1.73	0.0019893631547136452
1.73	0.0019893631547136452
1.73	0.0019893631547136452
1.73	0.0019893631547136452
1.73	0.0019893631547136452
1.74	0.0019377139056528708
1.74	0.0019377139056528708
1.74	0.0019377139056528708
1.74	0.0019377139056528708
1.75	0.0018940453662644045
1.75	0.0018940453662644045
1.75	0.0018940453662644045
1.75	0.0018940453662644045
1.75	0.0018940453662644045
1.76	0.0018374252066313741
1.76	0.0018374252066313741
1.76	0.0018374252066313741
1.76	0.0018374252066313741
1.76	0.0018374252066313741
1.77	0.0017785984314137734
1.77	0.0017785984314137734
1.77	0.0017785984314137734
1.77	0.0017785984314137734
1.78	0.0017194862921911984
1.78	0.0017194862921911984
1.78	0.0017194862921911984
1.78	0.0017194862921911984
1.78	0.0017194862921911984
1.79	0.0016552606451051255
1.79	0.0016552606451051255
1.79	0.0016552606451051255
1.79	0.0016552606451051255
1.8	0.0016078755671718645
1.8	0.0016078755671718645
1.8	0.0016078755671718645
1.8	0.0016078755671718645
1.8	0.0016078755671718645
1.8100000000000001	0.0015586008942937808
1.8100000000000001	0.0015586008942937808
1.8100000000000001	0.0015586008942937808
1.8100000000000001	0.0015586008942937808
1.8200000000000001	0.0015107391777538744
1.8200000000000001	0.0015107391777538744
1.8200000000000001	0.0015107391777538744
1.8200000000000001	0.0015107391777538744
1.8200000000000001	0.0015107391777538744
1.8300000000000001	0.0014642705091699312
1.8300000000000001	0.0014642705091699312
1.8300000000000001	0.0014642705091699312
1.8300000000000001	0.0014642705091699312
1.8400000000000001	0.0014191757960710935
1.8400000000000001	0.0014191757960710935
1.8400000000000001	0.0014191757960710935
1.8400000000000001	0.0014191757960710935
1.8400000000000001	0.0014191757960710935
1.8500000000000001	0.001370589200589662
1.8500000000000001	0.001370589200589662
1.8500000000000001	0.001370589200589662
1.8500000000000001	0.001370589200589662
1.8600000000000001	0.0013282461114730341
1.8600000000000001	0.0013282461114730341
1.8600000000000001	0.0013282461114730341
1.8600000000000001	0.0013282461114730341
1.8600000000000001	0.0013282461114730341
1.8700000000000001	0.0012872320722430546
1.8700000000000001	0.0012872320722430546
1.8700000000000001	0.0012872320722430546
1.8700000000000001	0.0012872320722430546
1.8799999999999999	0.0012475262433657881
1.8799999999999999	0.0012475262433657881
1.8799999999999999	0.0012475262433657881
1.8799999999999999	0.0012475262433657881
1.8799999999999999	0.0012475262433657881
1.8899999999999999	0.0012091118233261366
1.8899999999999999	0.0012091118233261366
1.8899999999999999	0.0012091118233261366
1.8899999999999999	0.0012091118233261366
1.8899999999999999	0.0012091118233261366
1.8999999999999999	0.0011719701395949394
1.8999999999999999	0.0011719701395949394
1.8999999999999999	0.0011719701395949394
1.8999999999999999	0.0011719701395949394
1.9099999999999999	0.0011360819393956968
1.9099999999999999	0.0011360819393956968
1.9099999999999999	0.0011360819393956968
1.9099999999999999	0.0011360819393956968
1.9099999999999999	0.0011360819393956968
1.9199999999999999	0.0011014296660599738
1.9199999999999999	0.0011014296660599738
1.9199999999999999	0.0011014296660599738
1.9199999999999999	0.0011014296660599738
1.9299999999999999	0.0010679881834080932
1.9299999999999999	0.0010679881834080932
1.9299999999999999	0.0010679881834080932
1.9299999999999999	0.0010679881834080932
1.9299999999999999	0.0010679881834080932
1.9399999999999999	0.0010357376632331213
1.9399999999999999	0.0010357376632331213
1.9399999999999999	0.0010357376632331213
1.9399999999999999	0.0010357376632331213
1.95	0.001004655374971763
1.95	0.001004655374971763
1.95	0.001004655374971763
1.95	0.001004655374971763
1.95	0.001004655374971763
1.96	0.00097471751413066995
1.96	0.00097471751413066995
1.96	0.00097471751413066995
1.96	0.00097471751413066995
1.97	0.00094748417609625602
1.97	0.00094748417609625602
1.97	0.00094748417609625602
1.97	0.00094748417609625602
1.97	0.00094748417609625602
1.98	0.00092116730245827563
1.98	0.00092116730245827563
1.98	0.00092116730245827563
1.98	0.00092116730245827563
1.99	0.00089712815675457934
1.99	0.00089712815675457934
1.99	0.00089712815675457934
1.99	0.00089712815675457934
1.99	0.00089712815675457934
2	0.00087251958878536691
2	0.00087251958878536691
2	0.00087251958878536691
2	0.00087251958878536691
2.0099999999999998	0.0008487953701486942
2.0099999999999998	0.0008487953701486942
2.0099999999999998	0.0008487953701486942
2.0099999999999998	0.0008487953701486942
2.0099999999999998	0.0008487953701486942
2.02	0.00082594795703193184
2.02	0.00082594795703193184
2.02	0.00082594795703193184
2.02	0.00082594795703193184
2.02	0.00082594795703193184
2.0299999999999998	0.00080397010642828132
2.0299999999999998	0.00080397010642828132
2.0299999999999998	0.00080397010642828132
2.0299999999999998	0.00080397010642828132
2.04	0.00078285483577800305
2.04	0.00078285483577800305
2.04	0.00078285483577800305
2.04	0.00078285483577800305
2.04	0.00078285483577800305
2.0499999999999998	0.00076259455356493446
2.0499999999999998	0.00076259455356493446
2.0499999999999998	0.00076259455356493446
2.0499999999999998	0.00076259455356493446
2.0600000000000001	0.00074318000433177189
2.0600000000000001	0.00074318000433177189
2.0600000000000001	0.00074318000433177189
2.0600000000000001	0.00074318000433177189
2.0600000000000001	0.00074318000433177189
2.0699999999999998	0.00072460743223083982
2.0699999999999998	0.00072460743223083982
2.0699999999999998	0.00072460743223083982
2.0699999999999998	0.00072460743223083982
2.0800000000000001	0.00070686586742633702
2.0800000000000001	0.00070686586742633702
2.0800000000000001	0.00070686586742633702
2.0800000000000001	0.00070686586742633702
2.0800000000000001	0.00070686586742633702
2.0899999999999999	0.00068995281217968253
2.0899999999999999	0.00068995281217968253
2.0899999999999999	0.00068995281217968253
2.0899999999999999	0.00068995281217968253
2.1000000000000001	0.00067384578284981228
2.1000000000000001	0.00067384578284981228
2.1000000000000001	0.00067384578284981228
2.1000000000000001	0.00067384578284981228
2.1000000000000001	0.00067384578284981228
2.1099999999999999	0.00065853899557343702
2.1099999999999999	0.00065853899557343702
2.1099999999999999	0.00065853899557343702
2.1099999999999999	0.00065853899557343702
2.1200000000000001	0.0006440200976780986
2.1200000000000001	0.0006440200976780986
2.1200000000000001	0.0006440200976780986
2.1200000000000001	0.0006440200976780986
2.1200000000000001	0.0006440200976780986
2.1299999999999999	0.00063074540350768467
2.1299999999999999	0.00063074540350768467
2.1299999999999999	0.00063074540350768467
2.1299999999999999	0.00063074540350768467
2.1400000000000001	0.00061793004489094289
2.1400000000000001	0.00061793004489094289
2.1400000000000001	0.00061793004489094289
2.1400000000000001	0.00061793004489094289
2.1400000000000001	0.00061793004489094289
2.1499999999999999	0.00060586248437047806
2.1499999999999999	0.00060586248437047806
2.1499999999999999	0.00060586248437047806
2.1499999999999999	0.00060586248437047806
2.1600000000000001	0.00059452499828487341
2.1600000000000001	0.00059452499828487341
2.1600000000000001	0.00059452499828487341
2.1600000000000001	0.00059452499828487341
2.1600000000000001	0.00059452499828487341
2.1699999999999999	0.00058389842658099287
2.1699999999999999	0.00058389842658099287
2.1699999999999999	0.00058389842658099287
2.1699999999999999	0.00058389842658099287
2.1699999999999999	0.00058389842658099287
2.1800000000000002	0.00057396214895187949
2.1800000000000002	0.00057396214895187949
2.1800000000000002	0.00057396214895187949
2.1800000000000002	0.00057396214895187949
2.1899999999999999	0.000564694074207638
2.1899999999999999	0.000564694074207638
2.1899999999999999	0.000564694074207638
2.1899999999999999	0.000564694074207638
2.1899999999999999	0.000564694074207638
2.2000000000000002	0.00055607064287929546
2.2000000000000002	0.00055607064287929546
2.2000000000000002	0.00055607064287929546
2.2000000000000002	0.00055607064287929546
2.21	0.00054806683922006719
2.21	0.00054806683922006719
2.21	0.00054806683922006719
2.21	0.00054806683922006719
2.21	0.00054806683922006719
2.2200000000000002	0.0005406566978164351
2.2200000000000002	0.0005406566978164351
2.2200000000000002	0.0005406566978164351
2.2200000000000002	0.0005406566978164351
2.23	0.00053381151439354146
2.23	0.00053381151439354146
2.23	0.00053381151439354146
2.23	0.00053381151439354146
2.23	0.00053381151439354146
2.2400000000000002	0.00052750256466631241
2.2400000000000002	0.00052750256466631241
2.2400000000000002	0.00052750256466631241
2.2400000000000002	0.00052750256466631241
2.25	0.0005192216132119485
2.25	0.0005192216132119485
2.25	0.0005192216132119485
2.25	0.0005192216132119485
2.25	0.0005192216132119485
2.2599999999999998	0.00050969641711226803
2.2599999999999998	0.00050969641711226803
2.2599999999999998	0.00050969641711226803
2.2599999999999998	0.00050969641711226803
2.27	0.000504622506679318
2.27	0.000504622506679318
2.27	0.000504622506679318
2.27	0.000504622506679318
2.27	0.000504622506679318
2.2799999999999998	0.00051293819409836683
2.2799999999999998	0.00051293819409836683
2.2799999999999998	0.00051293819409836683
2.2799999999999998	0.00051293819409836683
2.29	0.00050714588959420404
2.29	0.00050714588959420404
2.29	0.00050714588959420404
2.29	0.00050714588959420404
2.29	0.00050714588959420404
2.2999999999999998	0.00050805776849720567
2.2999999999999998	0.00050805776849720567
2.2999999999999998	0.00050805776849720567
2.2999999999999998	0.00050805776849720567
2.2999999999999998	0.00050805776849720567
2.3100000000000001	0.00050617117398859797
2.3100000000000001	0.00050617117398859797
2.3100000000000001	0.00050617117398859797
2.3100000000000001	0.00050617117398859797
2.3199999999999998	0.00050462304657371781
2.3199999999999998	0.00050462304657371781
2.3199999999999998	0.00050462304657371781
2.3199999999999998	0.00050462304657371781
2.3199999999999998	0.00050462304657371781
2.3300000000000001	0.00050002589289288297
2.3300000000000001	0.00050002589289288297
2.3300000000000001	0.00050002589289288297
2.3300000000000001	0.00050002589289288297
2.3399999999999999	0.00050253834209133634
2.3399999999999999	0.00050253834209133634
2.3399999999999999	0.00050253834209133634
2.3399999999999999	0.00050253834209133634
2.3399999999999999	0.00050253834209133634
2.3500000000000001	0.00050198057032354031
2.3500000000000001	0.00050198057032354031
2.3500000000000001	0.00050198057032354031
2.3500000000000001	0.00050198057032354031
2.3599999999999999	0.00050033516324105942
2.3599999999999999	0.00050033516324105942
2.3599999999999999	0.00050033516324105942
2.3599999999999999	0.00050033516324105942
2.3599999999999999	0.00050033516324105942
2.3700000000000001	0.00050028897198879077
2.3700000000000001	0.00050028897198879077
2.3700000000000001	0.00050028897198879077
2.3700000000000001	0.00050028897198879077
2.3799999999999999	0.00050199124471267354
2.3799999999999999	0.00050199124471267354
2.3799999999999999	0.00050199124471267354
2.3799999999999999	0.00050199124471267354
2.3799999999999999	0.00050199124471267354
2.3900000000000001	0.00050252892535506029
2.3900000000000001	0.00050252892535506029
2.3900000000000001	0.00050252892535506029
2.3900000000000001	0.00050252892535506029
2.3999999999999999	0.00050332930961097548
2.3999999999999999	0.00050332930961097548
2.3999999999999999	0.00050332930961097548
2.3999999999999999	0.00050332930961097548
2.3999999999999999	0.00050332930961097548
2.4100000000000001	0.0005043125920701282
2.4100000000000001	0.0005043125920701282
2.4100000000000001	0.0005043125920701282
2.4100000000000001	0.0005043125920701282
2.4199999999999999	0.00050549582544132674
2.4199999999999999	0.00050549582544132674
2.4199999999999999	0.00050549582544132674
2.4199999999999999	0.00050549582544132674
2.4199999999999999	0.00050549582544132674
2.4300000000000002	0.00050682715378666489
2.4300000000000002	0.00050682715378666489
2.4300000000000002	0.00050682715378666489
2.4300000000000002	0.00050682715378666489
2.4300000000000002	0.00050682715378666489
2.4399999999999999	0.0005083619257649052
2.4399999999999999	0.0005083619257649052
2.4399999999999999	0.0005083619257649052
2.4399999999999999	0.0005083619257649052
2.4500000000000002	0.00051008182845766934
2.4500000000000002	0.00051008182845766934
2.4500000000000002	0.00051008182845766934
2.4500000000000002	0.00051008182845766934
2.4500000000000002	0.00051008182845766934
2.46	0.00051189226590229466
2.46	0.00051189226590229466
2.46	0.00051189226590229466
2.46	0.00051189226590229466
2.4700000000000002	0.00051379027530089761
2.4700000000000002	0.00051379027530089761
2.4700000000000002	0.00051379027530089761
2.4700000000000002	0.00051379027530089761
2.4700000000000002	0.00051379027530089761
2.48	0.00051579804657631099
2.48	0.00051579804657631099
2.48	0.00051579804657631099
2.48	0.00051579804657631099
2.4900000000000002	0.00051786824905859265
2.4900000000000002	0.00051786824905859265
2.4900000000000002	0.00051786824905859265
2.4900000000000002	0.00051786824905859265
2.4900000000000002	0.00051786824905859265
2.5	0.00052001844461155528
2.5	0.00052001844461155528
2.5	0.00052001844461155528
2.5	0.00052001844461155528
2.5099999999999998	0.00052216903091870624
2.5099999999999998	0.00052216903091870624
2.5099999999999998	0.00052216903091870624
2.5099999999999998	0.00052216903091870624
2.5099999999999998	0.00052216903091870624
2.52	0.00052432816894287012
2.52	0.00052432816894287012
2.52	0.00052432816894287012
2.52	0.00052432816894287012
2.5299999999999998	0.00052825377279763623
2.5299999999999998	0.00052825377279763623
2.5299999999999998	0.00052825377279763623
2.5299999999999998	0.00052825377279763623
2.5299999999999998	0.00052825377279763623
2.54	0.00053211990070004488
2.54	0.00053211990070004488
2.54	0.00053211990070004488
2.54	0.00053211990070004488
2.5499999999999998	0.00053592733021325047
2.5499999999999998	0.00053592733021325047
2.5499999999999998	0.00053592733021325047
2.5499999999999998	0.00053592733021325047
2.5499999999999998	0.00053592733021325047
2.5600000000000001	0.00053967040607719608
2.5600000000000001	0.00053967040607719608
2.5600000000000001	0.00053967040607719608
2.5600000000000001	0.00053967040607719608
2.5600000000000001	0.00053967040607719608
2.5699999999999998	0.00054334401677676105
2.5699999999999998	0.00054334401677676105
2.5699999999999998	0.00054334401677676105
2.5699999999999998	0.00054334401677676105
2.5800000000000001	0.00054694232951267054
2.5800000000000001	0.00054694232951267054
2.5800000000000001	0.00054694232951267054
2.5800000000000001	0.00054694232951267054
2.5800000000000001	0.00054694232951267054
2.5899999999999999	0.00055046392057764228
2.5899999999999999	0.00055046392057764228
2.5899999999999999	0.00055046392057764228
2.5899999999999999	0.00055046392057764228
2.6000000000000001	0.00055390363287732879
2.6000000000000001	0.00055390363287732879
2.6000000000000001	0.00055390363287732879
2.6000000000000001	0.00055390363287732879
2.6000000000000001	0.00055390363287732879
2.6099999999999999	0.00055725798181262298
2.6099999999999999	0.00055725798181262298
2.6099999999999999	0.00055725798181262298
2.6099999999999999	0.00055725798181262298
2.6200000000000001	0.00056052371103307384
2.6200000000000001	0.00056052371103307384
2.6200000000000001	0.00056052371103307384
2.6200000000000001	0.00056052371103307384
2.6200000000000001	0.00056052371103307384
2.6299999999999999	0.0005636977333445891
2.6299999999999999	0.0005636977333445891
2.6299999999999999	0.0005636977333445891
2.6299999999999999	0.0005636977333445891
2.6400000000000001	0.0005667770757254671
2.6400000000000001	0.0005667770757254671
2.6400000000000001	0.0005667770757254671
2.6400000000000001	0.0005667770757254671
2.6400000000000001	0.0005667770757254671
2.6499999999999999	0.00056975882845075186
2.6499999999999999	0.00056975882845075186
2.6499999999999999	0.00056975882845075186
2.6499999999999999	0.00056975882845075186
2.6600000000000001	0.00057264009832491821
2.6600000000000001	0.00057264009832491821
2.6600000000000001	0.00057264009832491821
2.6600000000000001	0.00057264009832491821
2.6600000000000001	0.00057264009832491821
2.6699999999999999	0.00057541828354969085
2.6699999999999999	0.00057541828354969085
2.6699999999999999	0.00057541828354969085
2.6699999999999999	0.00057541828354969085
2.6800000000000002	0.00057808987007407426
2.6800000000000002	0.00057808987007407426
2.6800000000000002	0.00057808987007407426
2.6800000000000002	0.00057808987007407426
2.6800000000000002	0.00057808987007407426
2.6899999999999999	0.00058065198623480634
2.6899999999999999	0.00058065198623480634
2.6899999999999999	0.00058065198623480634
2.6899999999999999	0.00058065198623480634
2.6899999999999999	0.00058065198623480634
2.7000000000000002	0.00058310141844154762
2.7000000000000002	0.00058310141844154762
2.7000000000000002	0.00058310141844154762
2.7000000000000002	0.00058310141844154762
2.71	0.00058543327600636913
2.71	0.00058543327600636913
2.71	0.00058543327600636913
2.71	0.00058543327600636913
2.71	0.00058543327600636913
2.7200000000000002	0.00058764718728343947
2.7200000000000002	0.00058764718728343947
2.7200000000000002	0.00058764718728343947
2.7200000000000002	0.00058764718728343947
2.73	0.00058973775499874777
2.73	0.00058973775499874777
2.73	0.00058973775499874777
2.73	0.00058973775499874777
2.73	0.00058973775499874777
2.7400000000000002	0.00059170102568927138
2.7400000000000002	0.00059170102568927138
2.7400000000000002	0.00059170102568927138
2.7400000000000002	0.00059170102568927138
2.75	0.00059353282646472979
2.75	0.00059353282646472979
2.75	0.00059353282646472979
2.75	0.00059353282646472979
2.75	0.00059353282646472979
2.7599999999999998	0.00059253604210035907
2.7599999999999998	0.00059253604210035907
2.7599999999999998	0.00059253604210035907
2.7599999999999998	0.00059253604210035907
2.77	0.00059412877197714657
2.77	0.00059412877197714657
2.77	0.00059412877197714657
2.77	0.00059412877197714657
2.77	0.00059412877197714657
2.7799999999999998	0.00059557952480446827
2.7799999999999998	0.00059557952480446827
2.7799999999999998	0.00059557952480446827
2.7799999999999998	0.00059557952480446827
2.79	0.00059752117738529921
2.79	0.00059752117738529921
2.79	0.00059752117738529921
2.79	0.00059752117738529921
2.79	0.00059752117738529921
2.7999999999999998	0.00059860310669480898
