q	Intensity
[nm-1]	[a.u.]
0.0813802	0.0751629
0.088778	0.0692444
0.0887784	0.0692441
0.0961766	0.0644783
0.096177	0.0644781
0.10357	0.0594224
0.103575	0.0594157
0.11097	0.049307
0.110973	0.0493032
0.11837	0.0399588
0.118371	0.0399578
0.125769	0.0319114
0.12577	0.0319103
0.133168	0.0250332
0.13317	0.0250313
0.140566	0.0191423
0.14057	0.0191391
0.14796	0.0145549
0.147964	0.0145529
0.15536	0.0107517
0.155362	0.0107509
0.16276	0.00762349
0.170158	0.0052741
0.17016	0.00527347
0.177556	0.00354433
0.17756	0.00354339
0.18495	0.00239033
0.184955	0.00238986
0.19235	0.00168157
0.192353	0.00168144
0.19975	0.00134376
0.199751	0.00134375
0.207149	0.00128476
0.20715	0.00128475
0.214547	0.0014533
0.21455	0.00145337
0.221945	0.00177828
0.22195	0.0017785
0.22934	0.00222045
0.229343	0.00222067
0.23674	0.00273447
0.236741	0.00273454
0.244139	0.00329368
0.24414	0.00329375
0.251537	0.0038465
0.25154	0.00384672
0.258936	0.00438787
0.25894	0.00438816
0.26633	0.00488576
0.266334	0.004886
0.27373	0.00532562
0.273732	0.00532573
0.28113	0.00571468
0.288528	0.00599657
0.28853	0.00599664
0.295926	0.0062342
0.29593	0.00623432
0.30332	0.00632188
0.303324	0.00632189
0.31072	0.00633388
0.310722	0.00633386
0.31812	0.00626356
0.325518	0.0061081
0.32552	0.00610806
0.332916	0.00588681
0.33292	0.00588669
0.34031	0.00557017
0.340314	0.00556997
0.34771	0.00520275
0.347712	0.00520264
0.355109	0.00478195
0.35511	0.00478189
0.362507	0.00434653
0.36251	0.00434635
0.369905	0.00387321
0.36991	0.00387289
0.3773	0.00341046
0.377303	0.00341027
0.3847	0.00294881
0.384701	0.00294875
0.392099	0.00249428
0.3921	0.00249422
0.399497	0.00207105
0.3995	0.00207087
0.40689	0.0016839
0.406895	0.00168367
0.41429	0.00133823
0.414292	0.00133815
0.42169	0.00103479
0.429088	0.000774918
0.42909	0.000774849
0.436486	0.000561935
0.43649	0.000561818
0.44388	0.000397099
0.443884	0.000397034
0.45128	0.000280497
0.451281	0.000280487
0.458679	0.000207694
0.45868	0.000207684
0.466077	0.000173504
0.46608	0.00017349
0.47347	0.000174438
0.473475	0.000174462
0.48087	0.000208936
0.480872	0.000208953
0.48827	0.000269891
0.495668	0.000349169
0.49567	0.000349191
0.503065	0.000440196
0.50307	0.000440256
0.51046	0.000542334
0.510463	0.000542377
0.51786	0.000648708
0.525258	0.000751305
0.52526	0.000751332
0.532656	0.000846067
0.53266	0.000846118
0.54005	0.000929734
0.540053	0.000929763
0.54745	0.00100225
0.547451	0.00100226
0.554848	0.0010609
0.55485	0.00106091
0.562246	0.00110283
0.56225	0.00110286
0.56964	0.00112678
0.569643	0.00112679
0.57704	0.00113742
0.577041	0.00113742
0.584438	0.00112829
0.58444	0.00112829
0.591836	0.00109838
0.59184	0.00109836
0.59923	0.00105927
0.599233	0.00105925
0.60663	0.00100545
0.614028	0.000946572
0.61403	0.000946556
0.621425	0.00087548
0.62143	0.000875432
0.62882	0.000798341
0.628822	0.00079832
0.63622	0.000719285
0.643617	0.000640129
0.64362	0.000640097
0.65101	0.000558137
0.651014	0.000558095
0.65841	0.000478909
0.658412	0.000478888
0.665809	0.000402962
0.66581	0.000402952
0.673206	0.000330694
0.67321	0.000330656
0.6806	0.000267617
0.680603	0.000267595
0.688	0.000212981
0.695397	0.000165256
0.6954	0.000165237
0.70279	0.000124617
0.702795	0.000124595
0.71019	9.28481e-005
0.710192	9.28418e-005
0.717589	7.05754e-005
0.71759	7.05723e-005
0.724986	5.57638e-005
0.72499	5.57554e-005
0.73238	4.76054e-005
0.732383	4.76042e-005
0.73978	4.53983e-005
0.747177	5.05253e-005
0.74718	5.05273e-005
0.75457	5.9678e-005
0.754574	5.96847e-005
0.76197	7.16901e-005
0.761971	7.16922e-005
0.769367	8.69371e-005
0.76937	8.69434e-005
0.77676	0.000103806
0.776764	0.000103816
0.78416	0.000121963
0.784161	0.000121966
0.791558	0.000139457
0.79156	0.000139462
0.79895	0.000156465
0.798955	0.000156475
0.80635	0.000171965
0.806352	0.000171969
0.813748	0.000186995
0.81375	0.000186999
0.82114	0.000198655
0.821145	0.000198661
0.82854	0.000207568
0.828542	0.00020757
0.835938	0.00021423
0.83594	0.000214232
0.84333	0.000217572
0.843335	0.000217572
0.85073	0.000218553
0.850731	0.000218553
0.858128	0.000217112
0.85813	0.000217112
0.86552	0.000211716
0.865525	0.000211711
0.87292	0.000203687
0.872921	0.000203685
0.880318	0.000194717
0.88032	0.000194714
0.88771	0.000182834
0.887714	0.000182827
0.89511	0.000170528
0.902507	0.000158331
0.90251	0.000158326
0.9099	0.000145177
0.909903	0.000145172
0.9173	0.000131663
0.924696	0.000119061
0.9247	0.000119054
0.93209	0.000106388
0.932092	0.000106384
0.939488	9.33771e-005
0.93949	9.33736e-005
0.94688	8.26833e-005
0.946885	8.2678e-005
0.95428	7.46885e-005
0.954281	7.46874e-005
0.961677	6.58231e-005
0.96168	6.58198e-005
0.96907	5.92078e-005
0.969073	5.92059e-005
0.976469	5.43978e-005
0.97647	5.43971e-005
0.983865	4.92232e-005
0.98387	4.92198e-005
0.99126	4.74302e-005
0.991261	4.74302e-005
0.998657	4.78394e-005
0.99866	4.78393e-005
1.00605	4.86747e-005
1.0061	4.86825e-005
1.0134	5.10379e-005
1.01345	5.10546e-005
1.0208	5.30971e-005
1.02084	5.31103e-005
1.0282	5.51585e-005
1.02824	5.51812e-005
1.0356	5.95783e-005
1.03564	5.96004e-005
1.043	6.4356e-005
1.04303	6.43782e-005
1.0504	6.93254e-005
1.05043	6.93505e-005
1.0578	7.52944e-005
1.05782	7.53064e-005
1.0652	7.97314e-005
1.06522	7.97412e-005
1.0726	8.35349e-005
1.07262	8.35473e-005
1.08	8.85883e-005
1.08001	8.85957e-005
1.0874	9.2999e-005
1.08741	9.30041e-005
1.0948	9.68357e-005
1.1022	9.9078e-005
1.10959	0.000102676
1.1096	0.000102681
1.11699	0.000103727
1.117	0.000103728
1.12438	0.000104003
1.1244	0.000104005
1.13178	0.000104069
1.1318	0.000104069
1.13917	0.00010446
1.1392	0.000104457
1.14657	0.000104362
1.1466	0.000104362
1.15396	0.000102907
1.154	0.000102905
1.16136	0.000101693
1.1614	0.000101686
1.16875	0.000100153
1.1688	0.00010014
1.17615	9.89019e-005
1.1762	9.88951e-005
1.1835	9.66629e-005
1.18355	9.66501e-005
1.1909	9.4845e-005
1.19094	9.48327e-005
1.1983	9.26771e-005
1.19834	9.26683e-005
1.2057	9.07464e-005
1.20573	9.07341e-005
1.2131	8.85556e-005
1.21313	8.85435e-005
1.2205	8.50003e-005
1.22052	8.49957e-005
1.2279	8.21982e-005
1.22791	8.21938e-005
1.2353	7.96453e-005
1.23531	7.96421e-005
1.2427	7.7162e-005
1.2501	7.35517e-005
1.25749	7.14461e-005
1.2575	7.14437e-005
1.26489	6.91355e-005
1.2649	6.91319e-005
1.27228	6.61508e-005
1.2723	6.61415e-005
1.27968	6.2855e-005
1.2797	6.28484e-005
1.28707	6.0724e-005
1.2871	6.07122e-005
1.29447	5.66945e-005
1.2945	5.66777e-005
1.30186	5.3702e-005
1.3019	5.36864e-005
1.30926	5.05494e-005
1.3093	5.05311e-005
1.3166	4.78963e-005
1.31665	4.78789e-005
1.324	4.57522e-005
1.32404	4.57306e-005
1.3314	4.21925e-005
1.33144	4.21786e-005
1.3388	3.95702e-005
1.33883	3.95616e-005
1.3462	3.72059e-005
1.34623	3.7195e-005
1.3536	3.43191e-005
1.35362	3.43123e-005
1.361	3.22223e-005
1.36101	3.222e-005
1.3684	3.03246e-005
1.36841	3.03218e-005
1.3758	2.7447e-005
1.3832	2.3974e-005
1.39059	2.23506e-005
1.3906	2.23484e-005
1.39798	2.23715e-005
1.398	2.2371e-005
1.40538	2.09319e-005
1.4054	2.09283e-005
1.41277	1.86551e-005
1.4128	1.86499e-005
1.42017	1.83e-005
1.4202	1.82941e-005
1.42756	1.72672e-005
1.4276	1.72579e-005
1.43495	1.52954e-005
1.435	1.52842e-005
1.4423	1.34795e-005
1.44235	1.34711e-005
1.4497	1.27467e-005
1.44974	1.27498e-005
1.4571	1.37314e-005
1.45713	1.37315e-005
1.4645	1.35745e-005
1.46453	1.35738e-005
1.4719	1.36318e-005
1.47192	1.3634e-005
1.4793	1.37171e-005
1.47931	1.37166e-005
1.4867	1.31347e-005
1.48671	1.3135e-005
1.4941	1.30323e-005
1.50149	1.27806e-005
1.5015	1.27801e-005
1.50889	1.29199e-005
1.5089	1.29208e-005
1.51628	1.39734e-005
1.5163	1.39747e-005
1.52367	1.46945e-005
1.5237	1.46946e-005
1.53107	1.41004e-005
1.5311	1.41042e-005
1.53846	1.37324e-005
1.5385	1.37264e-005
1.54585	1.41345e-005
1.5459	1.41398e-005
1.5532	1.60952e-005
1.55324	1.61045e-005
1.5606	1.73302e-005
1.56064	1.73315e-005
1.568	1.72658e-005
1.56803	1.72669e-005
1.5754	1.75833e-005
1.57542	1.75831e-005
1.5828	1.81564e-005
1.58281	1.81577e-005
1.5902	1.82949e-005
1.59021	1.82948e-005
1.5976	1.8312e-005
1.60499	1.99235e-005
1.605	1.99265e-005
1.61238	2.11733e-005
1.6124	2.11748e-005
1.61978	2.07772e-005
1.6198	2.07735e-005
1.62717	1.98604e-005
1.6272	1.98642e-005
1.63456	1.97744e-005
1.6346	1.9769e-005
1.64195	1.86133e-005
1.642	1.86045e-005
1.6493	1.68515e-005
1.64935	1.68391e-005
1.6567	1.49913e-005
1.65674	1.49787e-005
1.6641	1.22778e-005
1.66413	1.22742e-005
1.6715	1.20082e-005
1.67152	1.20081e-005
1.6789	1.17011e-005
1.67891	1.16995e-005
1.6863	1.09401e-005
1.68631	1.09403e-005
1.6937	1.07183e-005
1.70109	1.03763e-005
1.7011	1.03761e-005
1.70848	1.14293e-005
1.7085	1.14316e-005
1.71587	1.25428e-005
1.7159	1.25498e-005
1.72326	1.44089e-005
1.7233	1.44178e-005
1.73065	1.5467e-005
1.7307	1.54743e-005
1.738	1.7272e-005
1.73805	1.72901e-005
1.7454	2.01698e-005
1.74544	2.0185e-005
1.7528	2.20303e-005
1.75283	2.20363e-005
1.7602	2.4129e-005
1.76022	2.41306e-005
1.7676	2.44016e-005
1.76761	2.44005e-005
1.775	2.43377e-005
1.78239	2.50742e-005
1.7824	2.50749e-005
1.78978	2.52311e-005
1.7898	2.52328e-005
1.79718	2.54679e-005
1.7972	2.54689e-005
1.80457	2.60662e-005
1.8046	2.60687e-005
1.81196	2.62223e-005
1.812	2.62212e-005
1.8193	2.64005e-005
1.81935	2.63873e-005
1.8267	2.49869e-005
1.82674	2.4982e-005
1.8341	2.34923e-005
1.83413	2.34872e-005
1.8415	2.20088e-005
1.84152	2.20041e-005
1.8489	2.15367e-005
1.84891	2.1537e-005
1.8563	2.13887e-005
1.86369	2.07681e-005
1.8637	2.0767e-005
1.87108	2.00362e-005
1.8711	2.00362e-005
1.87847	1.89174e-005
1.8785	1.89118e-005
1.88586	1.71954e-005
1.8859	1.71886e-005
1.89325	1.6176e-005
1.8933	1.61659e-005
1.9006	1.5235e-005
1.90064	1.52295e-005
1.908	1.39277e-005
1.90803	1.39206e-005
1.9154	1.27703e-005
1.91542	1.27677e-005
1.9228	1.22847e-005
1.92281	1.22852e-005
1.9302	1.17703e-005
1.93759	1.14759e-005
1.9376	1.14757e-005
1.94498	1.13939e-005
1.945	1.13931e-005
1.95237	1.02322e-005
1.9524	1.02324e-005
1.95976	1.02656e-005
1.9598	1.02627e-005
1.96715	9.26404e-006
1.9672	9.2575e-006
1.9745	8.26347e-006
1.97454	8.2664e-006
1.9819	7.83506e-006
1.98193	7.8304e-006
1.9893	6.84694e-006
1.98932	6.84781e-006
1.9967	7.59156e-006
1.99671	7.59193e-006
2.0041	8.174e-006
2.01149	8.15542e-006
2.0115	8.15446e-006
2.01888	7.2846e-006
2.0189	7.28515e-006
2.02626	7.33768e-006
2.0263	7.33821e-006
2.03365	8.51385e-006
2.0337	8.51921e-006
2.041	9.8979e-006
2.04104	9.9027e-006
2.0484	1.02691e-005
2.04843	1.02672e-005
2.0558	9.30383e-006
2.05582	9.30295e-006
2.0632	9.38936e-006
2.06321	9.39015e-006
2.0706	1.0873e-005
2.07799	1.14637e-005
2.078	1.14647e-005
2.08537	1.25844e-005
2.0854	1.2586e-005
2.09276	1.27413e-005
2.0928	1.27444e-005
2.10015	1.36754e-005
2.1002	1.3681e-005
2.1075	1.49672e-005
2.10754	1.49703e-005
2.1149	1.53628e-005
2.11493	1.53664e-005
2.1223	1.70436e-005
2.12232	1.70488e-005
2.1297	1.85303e-005
2.13709	1.85303e-005
2.1371	1.85291e-005
2.14448	1.79661e-005
2.1445	1.79637e-005
2.15187	1.78907e-005
2.1519	1.78925e-005
2.15926	1.781e-005
2.1593	1.78114e-005
2.1666	1.82839e-005
2.16664	1.82806e-005
2.174	1.75954e-005
2.17403	1.75959e-005
2.1814	1.79323e-005
2.18142	1.79347e-005
2.1888	1.78823e-005
2.18881	1.78808e-005
2.19619	1.71589e-005
2.1962	1.71579e-005
2.20358	1.65867e-005
2.2036	1.6585e-005
2.21097	1.58687e-005
2.211	1.58663e-005
2.21835	1.5165e-005
2.2184	1.51585e-005
2.2257	1.46978e-005
2.22574	1.46952e-005
2.2331	1.51699e-005
2.23313	1.51722e-005
2.2405	1.54323e-005
2.24052	1.54291e-005
2.2479	1.41883e-005
2.25529	1.42621e-005
2.2553	1.42619e-005
2.26268	1.42797e-005
2.2627	1.42808e-005
2.27006	1.40174e-005
2.2701	1.40172e-005
2.2774	1.48047e-005
2.27745	1.48054e-005
2.2848	1.47029e-005
2.28484	1.47013e-005
2.2922	1.42502e-005
2.29222	1.4252e-005
2.2996	1.49138e-005
2.29961	1.4914e-005
2.307	1.50507e-005
2.31438	1.5685e-005
2.3144	1.5688e-005
2.32177	1.64087e-005
2.3218	1.64062e-005
2.32915	1.59421e-005
2.3292	1.59452e-005
2.3365	1.55939e-005
2.33654	1.55924e-005
2.3439	1.57466e-005
2.34393	1.57489e-005
2.3513	1.5548e-005
2.35131	1.55488e-005
2.3587	1.6398e-005
2.36608	1.6163e-005
2.3661	1.61635e-005
2.37347	1.6384e-005
2.3735	1.63851e-005
2.38085	1.64674e-005
2.3809	1.64641e-005
2.3882	1.47712e-005
2.38824	1.4768e-005
2.3956	1.41683e-005
2.39562	1.41677e-005
2.403	1.47399e-005
2.40301	1.47393e-005
2.41039	1.40197e-005
2.4104	1.40186e-005
2.41778	1.36439e-005
2.4178	1.36431e-005
2.42516	1.30275e-005
2.4252	1.30239e-005
2.4325	1.16822e-005
2.43255	1.16796e-005
2.4399	1.13493e-005
2.43993	1.13486e-005
2.4473	1.09419e-005
2.44732	1.09412e-005
2.4547	1.08803e-005
2.46209	1.09509e-005
2.4621	1.09506e-005
2.46947	1.01486e-005
2.4695	1.01461e-005
2.47686	9.77486e-006
2.4769	9.76937e-006
2.4842	9.3933e-006
2.48424	9.3933e-006
2.4916	9.24583e-006
2.49163	9.24427e-006
2.499	9.90786e-006
2.49901	9.90765e-006
2.50639	9.28868e-006
2.5064	9.28784e-006
2.51378	8.19897e-006
2.5138	8.19632e-006
2.52116	8.92999e-006
2.5212	8.93429e-006
2.5285	1.0292e-005
2.52855	1.02967e-005
2.5359	1.12454e-005
2.53593	1.12425e-005
2.5433	1.00276e-005
2.54331	1.00261e-005
2.5507	8.547e-006
2.55808	9.1726e-006
2.5581	9.17376e-006
2.56546	1.00597e-005
2.5655	1.00643e-005
2.5728	1.0147e-005
2.57285	1.01462e-005
2.5802	9.56522e-006
2.58023	9.56479e-006
2.5876	9.87107e-006
2.58761	9.87101e-006
2.595	9.968e-006
2.60238	9.97086e-006
2.6024	9.97133e-006
2.60976	9.4843e-006
2.6098	9.47927e-006
2.6171	8.80683e-006
2.61715	8.80708e-006
2.6245	8.70752e-006
2.62453	8.70715e-006
2.6319	9.21947e-006
2.63191	9.21981e-006
2.63929	9.35052e-006
2.6393	9.35083e-006
2.64668	8.29585e-006
2.6467	8.29406e-006
2.65406	8.439e-006
2.6541	8.43547e-006
2.6614	8.2392e-006
2.66144	8.23619e-006
2.6688	7.16218e-006
2.66882	7.15923e-006
2.6762	7.03478e-006
2.67621	7.03336e-006
2.68359	5.7023e-006
2.6836	5.6999e-006
2.69097	5.44541e-006
2.691	5.44618e-006
2.69835	5.48625e-006
2.6984	5.48605e-006
2.7057	5.94744e-006
2.70573	5.94589e-006
2.7131	5.28328e-006
2.71312	5.28262e-006
2.7205	4.67867e-006
2.72788	4.92142e-006
2.7279	4.92068e-006
2.73526	5.3056e-006
2.7353	5.31097e-006
2.7426	4.89703e-006
2.74264	4.89721e-006
2.75	4.43071e-006
2.75002	4.42892e-006
2.7574	4.553e-006
2.76478	4.66567e-006
2.7648	4.66617e-006
2.77217	4.31734e-006
2.7722	4.31789e-006
2.7795	4.39396e-006
2.77955	4.39643e-006
2.7869	4.1745e-006
2.78693	4.17489e-006
2.7943	5.14587e-006
2.79431	5.14714e-006
2.80169	5.74986e-006
2.8017	5.75023e-006
2.80907	5.63781e-006
2.8091	5.6353e-006
2.8164	4.81694e-006
2.81645	4.8068e-006
2.8238	3.87575e-006
2.82383	3.87417e-006
2.8312	4.42109e-006
2.83121	4.42221e-006
2.83859	4.52145e-006
2.8386	4.52151e-006
2.84597	5.34285e-006
2.846	5.34596e-006
2.85335	6.03215e-006
2.8534	6.03958e-006
2.8607	5.72305e-006
2.86073	5.72129e-006
2.8681	4.62525e-006
2.86811	4.62548e-006
2.87549	4.70385e-006
2.8755	4.70515e-006
2.88287	5.77873e-006
2.8829	5.78258e-006
2.8902	6.07381e-006
2.89025	6.07546e-006
2.8976	6.05881e-006
2.89763	6.05755e-006
2.905	5.08062e-006
2.90501	5.08012e-006
2.91239	4.67322e-006
2.9124	4.67386e-006
2.91977	4.89633e-006
2.9198	4.89978e-006
2.9271	4.91652e-006
2.92714	4.92151e-006
2.9345	4.94835e-006
2.93452	4.94809e-006
2.9419	5.01467e-006
2.94928	6.08945e-006
2.9493	6.09124e-006
2.95666	5.50134e-006
2.9567	5.50221e-006
2.964	5.04179e-006
2.96404	5.04268e-006
2.9714	4.97203e-006
2.97142	4.97113e-006
2.97879	4.37827e-006
2.9788	4.37812e-006
2.98617	4.59513e-006
2.9862	4.59577e-006
2.99355	4.46473e-006
2.9936	4.46441e-006
3.0009	4.30056e-006
3.00093	4.30382e-006
3.0083	4.27365e-006
3.00831	4.27176e-006
3.01568	3.63482e-006
3.0157	3.63211e-006
3.02306	2.94794e-006
3.0231	2.94445e-006
3.0304	3.57288e-006
3.03044	3.57459e-006
3.0378	4.58854e-006
3.03782	4.58953e-006
3.04519	4.65174e-006
3.0452	4.65155e-006
3.05257	4.30374e-006
3.0526	4.30314e-006
3.0599	4.03821e-006
3.05995	4.04006e-006
3.0673	4.08047e-006
3.06733	4.0831e-006
3.0747	4.88133e-006
3.08208	5.35201e-006
3.0821	5.35306e-006
3.08946	5.32096e-006
3.0895	5.32203e-006
3.0968	4.79881e-006
3.09683	4.79796e-006
3.1042	4.77224e-006
3.10421	4.77263e-006
3.11159	4.89737e-006
3.1116	4.89732e-006
3.11896	5.57558e-006
3.119	5.57846e-006
3.1263	6.07721e-006
3.12634	6.07299e-006
3.1337	5.64383e-006
3.13372	5.64623e-006
3.14109	6.49305e-006
3.1411	6.49404e-006
3.14847	7.55014e-006
3.1485	7.55404e-006
3.1558	8.50973e-006
3.15584	8.51347e-006
3.1632	9.65696e-006
3.16322	9.65756e-006
3.1706	1.01293e-005
3.17797	1.04712e-005
3.178	1.04727e-005
3.1853	1.01013e-005
3.18535	1.00955e-005
3.1927	9.83303e-006
3.19272	9.83153e-006
3.2001	9.35167e-006
3.20747	8.32151e-006
3.2075	8.32011e-006
3.2148	7.92348e-006
3.21485	7.92453e-006
3.2222	8.21256e-006
3.22222	8.21378e-006
3.2296	8.23033e-006
3.23697	7.83864e-006
3.237	7.83875e-006
3.2443	7.90964e-006
3.24435	7.91032e-006
3.2517	8.44886e-006
3.25172	8.45119e-006
3.25909	8.6969e-006
3.2591	8.69717e-006
3.26647	9.19914e-006
3.2665	9.19961e-006
3.2738	9.09574e-006
3.27384	9.09215e-006
3.2812	8.82164e-006
3.28122	8.82111e-006
3.28859	8.67178e-006
3.2886	8.67127e-006
3.29596	8.12472e-006
3.296	8.12235e-006
3.3033	9.27998e-006
3.30334	9.27989e-006
3.3107	9.3215e-006
3.31071	9.31997e-006
3.31809	8.09937e-006
3.3181	8.09818e-006
3.32546	8.31254e-006
3.3255	8.31207e-006
3.3328	8.31636e-006
3.33283	8.31712e-006
3.3402	8.53918e-006
3.34021	8.54001e-006
3.34758	9.13732e-006
3.3476	9.13905e-006
3.35495	8.96681e-006
3.355	8.96344e-006
3.3623	9.02116e-006
3.36232	9.02183e-006
3.3697	9.81533e-006
3.37707	1.04681e-005
3.3771	1.04688e-005
3.3844	1.03482e-005
3.38444	1.03484e-005
3.3918	1.0191e-005
3.39181	1.0191e-005
3.39919	1.04006e-005
3.3992	1.04017e-005
3.40656	1.07501e-005
3.4066	1.07515e-005
3.4139	1.10321e-005
3.41393	1.10357e-005
3.4213	1.1537e-005
3.42868	1.19319e-005
3.4287	1.19314e-005
3.436	1.18455e-005
3.43605	1.18445e-005
3.4434	1.21185e-005
3.44342	1.2119e-005
3.45079	1.16983e-005
3.4508	1.16985e-005
3.45816	1.12298e-005
3.4582	1.12313e-005
3.4655	1.08389e-005
3.46553	1.08417e-005
3.4729	1.04437e-005
3.48027	1.09402e-005
3.4803	1.09445e-005
3.4876	1.09602e-005
3.48765	1.09579e-005
3.495	1.04395e-005
3.49502	1.04396e-005
3.50239	1.07602e-005
3.5024	1.07604e-005
3.50976	1.02342e-005
3.5098	1.02303e-005
3.5171	1.03192e-005
3.51713	1.03205e-005
3.5245	1.05753e-005
3.53187	1.05768e-005
3.5319	1.05788e-005
3.5392	1.02837e-005
3.53924	1.0283e-005
3.5466	9.73333e-006
3.54661	9.73289e-006
3.55398	9.73689e-006
3.554	9.73753e-006
3.5613	8.91218e-006
3.56135	8.91378e-006
3.5687	9.25319e-006
3.56872	9.25374e-006
3.57609	8.66263e-006
3.5761	8.66256e-006
3.58346	8.03067e-006
3.5835	8.03054e-006
3.5908	8.97618e-006
3.59083	8.97969e-006
3.5982	9.153e-006
3.60556	9.1465e-006
3.6056	9.14305e-006
3.6129	8.64138e-006
3.61293	8.64063e-006
3.6203	8.83e-006
3.62767	9.55427e-006
3.6277	9.55396e-006
3.635	8.79994e-006
3.63504	8.79507e-006
3.6424	8.29503e-006
3.64241	8.29631e-006
3.64978	8.82805e-006
3.6498	8.82911e-006
3.6571	8.91412e-006
3.65714	8.91384e-006
3.6645	9.65703e-006
3.66451	9.65781e-006
3.67188	1.02051e-005
3.6719	1.02047e-005
3.6792	9.98097e-006
3.67925	9.98014e-006
3.6866	1.01848e-005
3.68662	1.01848e-005
3.69398	1.05075e-005
3.694	1.05075e-005
3.70135	1.0498e-005
3.7014	1.04984e-005
3.7087	1.04767e-005
3.70872	1.04777e-005
3.71609	1.07263e-005
3.7161	1.0727e-005
3.72345	1.10719e-005
3.7235	1.10736e-005
3.7308	1.04068e-005
3.73082	1.04084e-005
3.73819	1.05861e-005
3.7382	1.05859e-005
3.74555	1.01805e-005
3.7456	1.01821e-005
3.7529	9.86505e-006
3.75292	9.86502e-006
3.76029	9.97716e-006
3.7603	9.97731e-006
3.76765	1.021e-005
3.7677	1.02111e-005
3.775	9.97489e-006
3.77502	9.97594e-006
3.78239	1.0122e-005
3.7824	1.01229e-005
3.78975	1.06993e-005
3.7898	1.07041e-005
3.7971	1.12262e-005
3.79712	1.12275e-005
3.80448	1.14235e-005
3.8045	1.14234e-005
3.8118	1.12699e-005
3.81185	1.12681e-005
3.8192	1.06302e-005
3.81921	1.06297e-005
3.82658	1.04153e-005
3.8266	1.04155e-005
3.8339	1.08226e-005
3.83394	1.08213e-005
3.8413	1.07041e-005
3.84131	1.07045e-005
3.84867	1.08264e-005
3.8487	1.08265e-005
3.856	1.0275e-005
3.85604	1.0273e-005
3.8634	1.01507e-005
3.87077	1.03514e-005
3.8708	1.03543e-005
3.8781	1.04664e-005
3.87813	1.04691e-005
3.8855	1.09563e-005
3.89286	1.07027e-005
3.8929	1.06992e-005
3.9002	1.01357e-005
3.90023	1.01352e-005
3.90759	1.00948e-005
3.9076	1.00952e-005
3.91495	9.4668e-006
3.915	9.46485e-006
3.9223	1.03496e-005
3.92232	1.03512e-005
3.92968	1.05948e-005
3.9297	1.05936e-005
3.937	1.02136e-005
3.93704	1.02085e-005
3.9444	9.76272e-006
3.94441	9.76276e-006
3.95177	9.84204e-006
3.9518	9.84356e-006
3.9591	1.01731e-005
3.95913	1.01745e-005
3.9665	1.04413e-005
3.97386	1.09539e-005
3.9739	1.09554e-005
3.9812	1.08719e-005
3.98122	1.08709e-005
3.98858	1.04298e-005
3.9886	1.0429e-005
3.9959	1.04996e-005
3.99595	1.04997e-005
4.0033	1.10446e-005
4.00331	1.1046e-005
4.01067	1.11092e-005
4.0107	1.11092e-005
4.018	1.09925e-005
4.01803	1.09915e-005
4.0254	1.1966e-005
4.03276	1.26792e-005
4.0328	1.26808e-005
4.0401	1.21424e-005
4.04012	1.21432e-005
4.04748	1.20875e-005
4.0475	1.20871e-005
4.0548	1.10274e-005
4.05484	1.10237e-005
4.0622	1.05367e-005
4.06956	1.08987e-005
4.0696	1.09014e-005
4.0769	1.10226e-005
4.07692	1.10226e-005
4.08429	1.06925e-005
4.0843	1.06916e-005
4.0916	1.02045e-005
4.09165	1.02035e-005
4.099	1.00997e-005
4.09901	1.00997e-005
4.10637	1.01832e-005
4.1064	1.01854e-005
4.1137	1.04126e-005
4.11373	1.04102e-005
4.12109	9.91782e-006
4.1211	9.91667e-006
4.1284	1.013e-005
4.12845	1.01311e-005
4.1358	1.0028e-005
4.13581	1.00268e-005
4.14317	9.31867e-006
4.1432	9.31613e-006
4.1505	9.27753e-006
4.15053	9.27795e-006
4.15789	9.33457e-006
4.1579	9.33503e-006
4.1652	9.7885e-006
4.16525	9.79063e-006
4.1726	9.748e-006
4.17996	1.00847e-005
4.18	1.00876e-005
4.1873	1.07394e-005
4.18732	1.07397e-005
4.19468	1.05686e-005
4.1947	1.05685e-005
4.202	1.02477e-005